<?xml version="1.0" encoding="UTF-8"?>
<testsuites xmlns:a="http://microsoft.com/schemas/VisualStudio/TeamTest/2006"
            xmlns:b="http://microsoft.com/schemas/VisualStudio/TeamTest/2010">
  <testsuite name="MSTestSuite"
              tests="2"
              time="0"
              failures="0"
              errors="0"
              skipped="0">
      <testcases>
         <testcase classname="TransactionSummary"
                   name="RetrieveAll"
                   totaltests="85"
                   time="0.085"/>
      </testcases>
      <testcases>
         <testcase classname="TransactionSummary"
                   name="RetrieveEmployeeOne"
                   totaltests="694"
                   time="0.694"/>
      </testcases>
   </testsuite>
</testsuites>
