<?xml version="1.0" encoding="UTF-8"?>
<testsuites xmlns:a="http://microsoft.com/schemas/VisualStudio/TeamTest/2006"
            xmlns:b="http://microsoft.com/schemas/VisualStudio/TeamTest/2010">
   <testsuite name="MSTestSuite"
              tests="2"
              time="0"
              failures="0"
              errors="0"
              skipped="0">
      <testcase classname="ProLoggerTests.UnitTest1"
                name="MixedStatuses"
                time="0.1386413">
      </testcase>
      <testcase classname="ProLoggerTests.UnitTest1"
                name="EditedException"
                time="0.0008713"/>
         </testsuite>
</testsuites>
