<?xml version="1.0" encoding="UTF-8"?>
<testsuites xmlns:a="http://microsoft.com/schemas/VisualStudio/TeamTest/2006"
            xmlns:b="http://microsoft.com/schemas/VisualStudio/TeamTest/2010">
   <testsuite name="MSTestSuite"
              tests="20"
              time="0"
              failures="13"
              errors="0"
              skipped="1">
      <testcase classname="ProLoggerTests.UnitTest1"
                name="MixedStatuses"
                time="0.1386413">
         <failure>
                    MESSAGE:
                    Assert.Fail failed. Dll throws exception 
                    +++++++++++++++++++
                    STACK TRACE:
                       at ProLog.Utils.Reporters.SetAssert(TestStatus reportStatus, String message, Boolean useAsserts, Boolean iterate) in C:\Users\NivNavick\Desktop\ProLogWin\ProLog\ProLog\Utils\Reporters.cs:line 37
   at ProLog.Utils.Reporters.AddLogRow(TestStatus reportStatus, String function, String message, String exception) in C:\Users\NivNavick\Desktop\ProLogWin\ProLog\ProLog\Utils\Reporters.cs:line 86
   at ProLog.Utils.Reporters.ReportLog(TestStatus reportStatus, String function, String message, Exception exception) in C:\Users\NivNavick\Desktop\ProLogWin\ProLog\ProLog\Utils\Reporters.cs:line 114
   at ProLoggerTests.UnitTest1.MixedStatuses() in C:\Users\NivNavick\Desktop\ProLogWin\ProLog\ProLoggerTests\Tests\UnitTest1.cs:line 74
</failure>
      </testcase>
      <testcase classname="ProLoggerTests.UnitTest1"
                name="EditedException"
                time="0.0008713"/>
      <testcase classname="ProLoggerTests.UnitTest1"
                name="InvalidCasting"
                time="0.134028">
         <failure>
                    MESSAGE:
                    Assert.Fail failed. Parsing vars
                    +++++++++++++++++++
                    STACK TRACE:
                       at ProLog.Utils.Reporters.SetAssert(TestStatus reportStatus, String message, Boolean useAsserts, Boolean iterate) in C:\Users\NivNavick\Desktop\ProLogWin\ProLog\ProLog\Utils\Reporters.cs:line 37
   at ProLog.Utils.Reporters.AddLogRow(TestStatus reportStatus, String function, String message, String exception) in C:\Users\NivNavick\Desktop\ProLogWin\ProLog\ProLog\Utils\Reporters.cs:line 86
   at ProLog.Utils.Reporters.ReportLog(TestStatus reportStatus, String function, String message, Exception exception) in C:\Users\NivNavick\Desktop\ProLogWin\ProLog\ProLog\Utils\Reporters.cs:line 114
   at ProLoggerTests.UnitTest1.InvalidCasting() in C:\Users\NivNavick\Desktop\ProLogWin\ProLog\ProLoggerTests\Tests\UnitTest1.cs:line 105
</failure>
      </testcase>
      <testcase classname="ProLoggerTests.UnitTest1"
                name="PassedTests"
                time="0.0008358"/>
      <testcase classname="ProLoggerTests.UnitTest1"
                name="FailedTests"
                time="0.0262017">
         <failure>
                    MESSAGE:
                    Assert.Fail failed. jijijijijbhbhghbh;
                    +++++++++++++++++++
                    STACK TRACE:
                       at ProLog.Utils.Reporters.SetAssert(TestStatus reportStatus, String message, Boolean useAsserts, Boolean iterate) in C:\Users\NivNavick\Desktop\ProLogWin\ProLog\ProLog\Utils\Reporters.cs:line 37
   at ProLog.Utils.Reporters.AddLogRow(TestStatus reportStatus, String function, String message, String exception) in C:\Users\NivNavick\Desktop\ProLogWin\ProLog\ProLog\Utils\Reporters.cs:line 86
   at ProLog.Utils.Reporters.ReportLog(TestStatus reportStatus, String function, String message, String exception) in C:\Users\NivNavick\Desktop\ProLogWin\ProLog\ProLog\Utils\Reporters.cs:line 126
   at ProLoggerTests.UnitTest1.FailedTests() in C:\Users\NivNavick\Desktop\ProLogWin\ProLog\ProLoggerTests\Tests\UnitTest1.cs:line 123
</failure>
      </testcase>
      <testcase classname="ProLoggerTests.UnitTest1"
                name="WarnTest"
                time="0.0003147"/>
      <testcase classname="ProLoggerTests.UnitTest1"
                name="InfoTests"
                time="0.0006356"/>
      <testcase classname="ProLoggerTests.UnitTest1"
                name="ExternalDllException"
                time="0.0397799">
         <failure>
                    MESSAGE:
                    Assert.Fail failed. Dll throws exception 
                    +++++++++++++++++++
                    STACK TRACE:
                       at ProLog.Utils.Reporters.SetAssert(TestStatus reportStatus, String message, Boolean useAsserts, Boolean iterate) in C:\Users\NivNavick\Desktop\ProLogWin\ProLog\ProLog\Utils\Reporters.cs:line 37
   at ProLog.Utils.Reporters.AddLogRow(TestStatus reportStatus, String function, String message, String exception) in C:\Users\NivNavick\Desktop\ProLogWin\ProLog\ProLog\Utils\Reporters.cs:line 86
   at ProLog.Utils.Reporters.ReportLog(TestStatus reportStatus, String function, String message, Exception exception) in C:\Users\NivNavick\Desktop\ProLogWin\ProLog\ProLog\Utils\Reporters.cs:line 114
   at ProLoggerTests.UnitTest1.ExternalDllException() in C:\Users\NivNavick\Desktop\ProLogWin\ProLog\ProLoggerTests\Tests\UnitTest1.cs:line 151
</failure>
      </testcase>
      <testcase classname="ProLoggerTests.UnitTest1"
                name="FileNotFound"
                time="0.0884997">
         <failure>
                    MESSAGE:
                    Assert.Fail failed. Read file lines failed 
                    +++++++++++++++++++
                    STACK TRACE:
                       at ProLog.Utils.Reporters.SetAssert(TestStatus reportStatus, String message, Boolean useAsserts, Boolean iterate) in C:\Users\NivNavick\Desktop\ProLogWin\ProLog\ProLog\Utils\Reporters.cs:line 37
   at ProLog.Utils.Reporters.AddLogRow(TestStatus reportStatus, String function, String message, String exception) in C:\Users\NivNavick\Desktop\ProLogWin\ProLog\ProLog\Utils\Reporters.cs:line 86
   at ProLog.Utils.Reporters.ReportLog(TestStatus reportStatus, String function, String message, Exception exception) in C:\Users\NivNavick\Desktop\ProLogWin\ProLog\ProLog\Utils\Reporters.cs:line 114
   at ProLoggerTests.UnitTest1.FileNotFound() in C:\Users\NivNavick\Desktop\ProLogWin\ProLog\ProLoggerTests\Tests\UnitTest1.cs:line 165
</failure>
      </testcase>
      <testcase classname="ProLoggerTests.UnitTest1"
                name="DeleteDirectory"
                time="0.036274">
         <failure>
                    MESSAGE:
                    Assert.Fail failed. Delete directory 
                    +++++++++++++++++++
                    STACK TRACE:
                       at ProLog.Utils.Reporters.SetAssert(TestStatus reportStatus, String message, Boolean useAsserts, Boolean iterate) in C:\Users\NivNavick\Desktop\ProLogWin\ProLog\ProLog\Utils\Reporters.cs:line 37
   at ProLog.Utils.Reporters.AddLogRow(TestStatus reportStatus, String function, String message, String exception) in C:\Users\NivNavick\Desktop\ProLogWin\ProLog\ProLog\Utils\Reporters.cs:line 86
   at ProLog.Utils.Reporters.ReportLog(TestStatus reportStatus, String function, String message, Exception exception) in C:\Users\NivNavick\Desktop\ProLogWin\ProLog\ProLog\Utils\Reporters.cs:line 114
   at ProLoggerTests.UnitTest1.DeleteDirectory() in C:\Users\NivNavick\Desktop\ProLogWin\ProLog\ProLoggerTests\Tests\UnitTest1.cs:line 179
</failure>
      </testcase>
      <testcase classname="ProLoggerTests.UnitTest1"
                name="CombineAll"
                time="0.0398057">
         <failure>
                    MESSAGE:
                    Assert.Fail failed. Dll throws exception 
                    +++++++++++++++++++
                    STACK TRACE:
                       at ProLog.Utils.Reporters.SetAssert(TestStatus reportStatus, String message, Boolean useAsserts, Boolean iterate) in C:\Users\NivNavick\Desktop\ProLogWin\ProLog\ProLog\Utils\Reporters.cs:line 37
   at ProLog.Utils.Reporters.AddLogRow(TestStatus reportStatus, String function, String message, String exception) in C:\Users\NivNavick\Desktop\ProLogWin\ProLog\ProLog\Utils\Reporters.cs:line 86
   at ProLog.Utils.Reporters.ReportLog(TestStatus reportStatus, String function, String message, Exception exception) in C:\Users\NivNavick\Desktop\ProLogWin\ProLog\ProLog\Utils\Reporters.cs:line 114
   at ProLoggerTests.UnitTest1.CombineAll() in C:\Users\NivNavick\Desktop\ProLogWin\ProLog\ProLoggerTests\Tests\UnitTest1.cs:line 200
</failure>
      </testcase>
      <testcase classname="ProLoggerTests.UnitTest2"
                name="MixedStatuses"
                time="0.0572982">
         <failure>
                    MESSAGE:
                    Assert.Fail failed. Dll throws exception 
                    +++++++++++++++++++
                    STACK TRACE:
                       at ProLog.Utils.Reporters.SetAssert(TestStatus reportStatus, String message, Boolean useAsserts, Boolean iterate) in C:\Users\NivNavick\Desktop\ProLogWin\ProLog\ProLog\Utils\Reporters.cs:line 37
   at ProLog.Utils.Reporters.AddLogRow(TestStatus reportStatus, String function, String message, String exception) in C:\Users\NivNavick\Desktop\ProLogWin\ProLog\ProLog\Utils\Reporters.cs:line 86
   at ProLog.Utils.Reporters.ReportLog(TestStatus reportStatus, String function, String message, Exception exception) in C:\Users\NivNavick\Desktop\ProLogWin\ProLog\ProLog\Utils\Reporters.cs:line 114
   at ProLoggerTests.UnitTest2.MixedStatuses() in C:\Users\NivNavick\Desktop\ProLogWin\ProLog\ProLoggerTests\UnitTest2.cs:line 80
</failure>
      </testcase>
      <testcase classname="ProLoggerTests.UnitTest2"
                name="InvalidCasting"
                time="0.0383064">
         <failure>
                    MESSAGE:
                    Assert.Fail failed. Parsing vars
                    +++++++++++++++++++
                    STACK TRACE:
                       at ProLog.Utils.Reporters.SetAssert(TestStatus reportStatus, String message, Boolean useAsserts, Boolean iterate) in C:\Users\NivNavick\Desktop\ProLogWin\ProLog\ProLog\Utils\Reporters.cs:line 37
   at ProLog.Utils.Reporters.AddLogRow(TestStatus reportStatus, String function, String message, String exception) in C:\Users\NivNavick\Desktop\ProLogWin\ProLog\ProLog\Utils\Reporters.cs:line 86
   at ProLog.Utils.Reporters.ReportLog(TestStatus reportStatus, String function, String message, Exception exception) in C:\Users\NivNavick\Desktop\ProLogWin\ProLog\ProLog\Utils\Reporters.cs:line 114
   at ProLoggerTests.UnitTest2.InvalidCasting() in C:\Users\NivNavick\Desktop\ProLogWin\ProLog\ProLoggerTests\UnitTest2.cs:line 105
</failure>
      </testcase>
      <testcase classname="ProLoggerTests.UnitTest2"
                name="PassedTests"
                time="0.0002252"/>
      <testcase classname="ProLoggerTests.UnitTest2"
                name="FailedTests"
                time="0.0266534">
         <failure>
                    MESSAGE:
                    Assert.Fail failed. jijijijij;
                    +++++++++++++++++++
                    STACK TRACE:
                       at ProLog.Utils.Reporters.SetAssert(TestStatus reportStatus, String message, Boolean useAsserts, Boolean iterate) in C:\Users\NivNavick\Desktop\ProLogWin\ProLog\ProLog\Utils\Reporters.cs:line 37
   at ProLog.Utils.Reporters.AddLogRow(TestStatus reportStatus, String function, String message, String exception) in C:\Users\NivNavick\Desktop\ProLogWin\ProLog\ProLog\Utils\Reporters.cs:line 86
   at ProLog.Utils.Reporters.ReportLog(TestStatus reportStatus, String function, String message, String exception) in C:\Users\NivNavick\Desktop\ProLogWin\ProLog\ProLog\Utils\Reporters.cs:line 126
   at ProLoggerTests.UnitTest2.FailedTests() in C:\Users\NivNavick\Desktop\ProLogWin\ProLog\ProLoggerTests\UnitTest2.cs:line 122
</failure>
      </testcase>
      <testcase classname="ProLoggerTests.UnitTest2"
                name="InfoTests"
                time="0.0002237"/>
      <testcase classname="ProLoggerTests.UnitTest2"
                name="ExternalDllException"
                time="0.0355994">
         <failure>
                    MESSAGE:
                    Assert.Fail failed. Dll throws exception 
                    +++++++++++++++++++
                    STACK TRACE:
                       at ProLog.Utils.Reporters.SetAssert(TestStatus reportStatus, String message, Boolean useAsserts, Boolean iterate) in C:\Users\NivNavick\Desktop\ProLogWin\ProLog\ProLog\Utils\Reporters.cs:line 37
   at ProLog.Utils.Reporters.AddLogRow(TestStatus reportStatus, String function, String message, String exception) in C:\Users\NivNavick\Desktop\ProLogWin\ProLog\ProLog\Utils\Reporters.cs:line 86
   at ProLog.Utils.Reporters.ReportLog(TestStatus reportStatus, String function, String message, Exception exception) in C:\Users\NivNavick\Desktop\ProLogWin\ProLog\ProLog\Utils\Reporters.cs:line 114
   at ProLoggerTests.UnitTest2.ExternalDllException() in C:\Users\NivNavick\Desktop\ProLogWin\ProLog\ProLoggerTests\UnitTest2.cs:line 143
</failure>
      </testcase>
      <testcase classname="ProLoggerTests.UnitTest2"
                name="FileNotFound"
                time="0.038971">
         <failure>
                    MESSAGE:
                    Assert.Fail failed. Read file lines 
                    +++++++++++++++++++
                    STACK TRACE:
                       at ProLog.Utils.Reporters.SetAssert(TestStatus reportStatus, String message, Boolean useAsserts, Boolean iterate) in C:\Users\NivNavick\Desktop\ProLogWin\ProLog\ProLog\Utils\Reporters.cs:line 37
   at ProLog.Utils.Reporters.AddLogRow(TestStatus reportStatus, String function, String message, String exception) in C:\Users\NivNavick\Desktop\ProLogWin\ProLog\ProLog\Utils\Reporters.cs:line 86
   at ProLog.Utils.Reporters.ReportLog(TestStatus reportStatus, String function, String message, Exception exception) in C:\Users\NivNavick\Desktop\ProLogWin\ProLog\ProLog\Utils\Reporters.cs:line 114
   at ProLoggerTests.UnitTest2.FileNotFound() in C:\Users\NivNavick\Desktop\ProLogWin\ProLog\ProLoggerTests\UnitTest2.cs:line 158
</failure>
      </testcase>
      <testcase classname="ProLoggerTests.UnitTest2"
                name="DeleteDirectory"
                time="0.0356762">
         <failure>
                    MESSAGE:
                    Assert.Fail failed. Delete directory 
                    +++++++++++++++++++
                    STACK TRACE:
                       at ProLog.Utils.Reporters.SetAssert(TestStatus reportStatus, String message, Boolean useAsserts, Boolean iterate) in C:\Users\NivNavick\Desktop\ProLogWin\ProLog\ProLog\Utils\Reporters.cs:line 37
   at ProLog.Utils.Reporters.AddLogRow(TestStatus reportStatus, String function, String message, String exception) in C:\Users\NivNavick\Desktop\ProLogWin\ProLog\ProLog\Utils\Reporters.cs:line 86
   at ProLog.Utils.Reporters.ReportLog(TestStatus reportStatus, String function, String message, Exception exception) in C:\Users\NivNavick\Desktop\ProLogWin\ProLog\ProLog\Utils\Reporters.cs:line 114
   at ProLoggerTests.UnitTest2.DeleteDirectory() in C:\Users\NivNavick\Desktop\ProLogWin\ProLog\ProLoggerTests\UnitTest2.cs:line 172
</failure>
      </testcase>
      <testcase classname="ProLoggerTests.Tests.PassedReportsTests"
                name="TestMethod1"
                time="0.0002406"/>
   </testsuite>
</testsuites>
