<?xml version="1.0" encoding="UTF-8"?>
<!-- Generated by org.testng.reporters.JUnitXMLReporter -->
<testsuite hostname="LNOR070828" ignored="14" name="MittHSBMittUppdragPages" tests="2" failures="0" timestamp="29 okt 2019 12:37:02 GMT" time="52.205" errors="0">
  <testcase name="allaFakturorListItemTest" time="0.738" classname="com.mitthsb.qa.testcases.EkonomiPageTest"/>
  <testcase name="finansiellaRapporterTest" time="2.345" classname="com.mitthsb.qa.testcases.EkonomiPageTest"/>
  <testcase name="validatesaldoRapportTest" time="0.0" classname="com.mitthsb.qa.testcases.EkonomiPageTest">
    <ignored/>
  </testcase> <!-- validatesaldoRapportTest -->
  <testcase name="validateFinansiellaRapportListItemTest" time="0.0" classname="com.mitthsb.qa.testcases.EkonomiPageTest">
    <ignored/>
  </testcase> <!-- validateFinansiellaRapportListItemTest -->
  <testcase name="cashFlowGraphEkonomiPageTest" time="0.0" classname="com.mitthsb.qa.testcases.EkonomiPageTest">
    <ignored/>
  </testcase> <!-- cashFlowGraphEkonomiPageTest -->
  <testcase name="disponibelGraphEkonomiPageTest" time="0.0" classname="com.mitthsb.qa.testcases.EkonomiPageTest">
    <ignored/>
  </testcase> <!-- disponibelGraphEkonomiPageTest -->
  <testcase name="InformationIconDisponiBeltGraphTest" time="0.0" classname="com.mitthsb.qa.testcases.EkonomiPageTest">
    <ignored/>
  </testcase> <!-- InformationIconDisponiBeltGraphTest -->
  <testcase name="InformationIconCashFlowGraphTest" time="0.0" classname="com.mitthsb.qa.testcases.EkonomiPageTest">
    <ignored/>
  </testcase> <!-- InformationIconCashFlowGraphTest -->
  <testcase name="InformationIconLikvidaMedelGraphTest" time="0.0" classname="com.mitthsb.qa.testcases.EkonomiPageTest">
    <ignored/>
  </testcase> <!-- InformationIconLikvidaMedelGraphTest -->
  <testcase name="reportGenvagarDisplayTest" time="0.0" classname="com.mitthsb.qa.testcases.EkonomiPageTest">
    <ignored/>
  </testcase> <!-- reportGenvagarDisplayTest -->
  <testcase name="accountsReceivablesGraphEkonomiPageTest" time="0.0" classname="com.mitthsb.qa.testcases.EkonomiPageTest">
    <ignored/>
  </testcase> <!-- accountsReceivablesGraphEkonomiPageTest -->
  <testcase name="ekonomiPageTitleTest" time="0.0" classname="com.mitthsb.qa.testcases.EkonomiPageTest">
    <ignored/>
  </testcase> <!-- ekonomiPageTitleTest -->
  <testcase name="InformationIconRapportGenvagarFrameTest" time="0.0" classname="com.mitthsb.qa.testcases.EkonomiPageTest">
    <ignored/>
  </testcase> <!-- InformationIconRapportGenvagarFrameTest -->
  <testcase name="likvidaMedelGraphEkonomiPageTest" time="0.0" classname="com.mitthsb.qa.testcases.EkonomiPageTest">
    <ignored/>
  </testcase> <!-- likvidaMedelGraphEkonomiPageTest -->
  <testcase name="validateAllaFakturorListItemTest" time="0.0" classname="com.mitthsb.qa.testcases.EkonomiPageTest">
    <ignored/>
  </testcase> <!-- validateAllaFakturorListItemTest -->
  <testcase name="saldoRapportLinkTest" time="0.0" classname="com.mitthsb.qa.testcases.EkonomiPageTest">
    <ignored/>
  </testcase> <!-- saldoRapportLinkTest -->
</testsuite> <!-- MittHSBMittUppdragPages -->
