<html>
<head>
<title>TestNG:  MittHSBMittUppdragPages</title>
<link href="../testng.css" rel="stylesheet" type="text/css" />
<link href="../my-testng.css" rel="stylesheet" type="text/css" />

<style type="text/css">
.log { display: none;} 
.stack-trace { display: none;} 
</style>
<script type="text/javascript">
<!--
function flip(e) {
  current = e.style.display;
  if (current == 'block') {
    e.style.display = 'none';
    return 0;
  }
  else {
    e.style.display = 'block';
    return 1;
  }
}

function toggleBox(szDivId, elem, msg1, msg2)
{
  var res = -1;  if (document.getElementById) {
    res = flip(document.getElementById(szDivId));
  }
  else if (document.all) {
    // this is the way old msie versions work
    res = flip(document.all[szDivId]);
  }
  if(elem) {
    if(res == 0) elem.innerHTML = msg1; else elem.innerHTML = msg2;
  }

}

function toggleAllBoxes() {
  if (document.getElementsByTagName) {
    d = document.getElementsByTagName('div');
    for (i = 0; i < d.length; i++) {
      if (d[i].className == 'log') {
        flip(d[i]);
      }
    }
  }
}

// -->
</script>

</head>
<body>
<h2 align='center'>MittHSBMittUppdragPages</h2><table border='1' align="center">
<tr>
<td>Tests passed/Failed/Skipped:</td><td>17/0/1</td>
</tr><tr>
<td>Started on:</td><td>Wed Nov 06 10:52:24 CET 2019</td>
</tr>
<tr><td>Total time:</td><td>580 seconds (580762 ms)</td>
</tr><tr>
<td>Included groups:</td><td></td>
</tr><tr>
<td>Excluded groups:</td><td></td>
</tr>
</table><p/>
<small><i>(Hover the method name to see the test class name)</i></small><p/>
<table width='100%' border='1' class='invocation-failed'>
<tr><td colspan='4' align='center'><b>FAILED CONFIGURATIONS</b></td></tr>
<tr><td><b>Test method</b></td>
<td width="30%"><b>Exception</b></td>
<td width="10%"><b>Time (seconds)</b></td>
<td><b>Instance</b></td>
</tr>
<tr>
<td title='com.mitthsb.qa.testcases.EkonomiPageTest.setUp()'><b>setUp</b><br>Test class: com.mitthsb.qa.testcases.EkonomiPageTest<br>Parameters: public void com.mitthsb.qa.testcases.EkonomiPageTest.validateAllaFakturorListItemTest()</td>
<td><div><pre>org.openqa.selenium.WebDriverException: chrome not reachable
Build info: version: &apos;3.14.0&apos;, revision: &apos;aacccce0&apos;, time: &apos;2018-08-02T20:19:58.91Z&apos;
System info: host: &apos;LNOR070828&apos;, ip: &apos;10.225.99.146&apos;, os.name: &apos;Windows 10&apos;, os.arch: &apos;amd64&apos;, os.version: &apos;10.0&apos;, java.version: &apos;1.8.0_221&apos;
Driver info: driver.version: ChromeDriver
remote stacktrace: Backtrace:
	Ordinal0 [0x00F37C53+1473619]
	Ordinal0 [0x00EBAD71+961905]
	Ordinal0 [0x00E4415C+475484]
	Ordinal0 [0x00E3D997+448919]
	Ordinal0 [0x00DDF007+61447]
	Ordinal0 [0x00DDBC77+48247]
	Ordinal0 [0x00DF9149+168265]
	Ordinal0 [0x00DF8D1D+167197]
	Ordinal0 [0x00DF742B+160811]
	Ordinal0 [0x00DE0AE6+68326]
	Ordinal0 [0x00DE1BF0+72688]
	Ordinal0 [0x00DE1B89+72585]
	Ordinal0 [0x00ED4B37+1067831]
	GetHandleVerifier [0x00FD6845+506677]
	GetHandleVerifier [0x00FD65E0+506064]
	GetHandleVerifier [0x00FDD188+533624]
	GetHandleVerifier [0x00FD701A+508682]
	Ordinal0 [0x00ECC226+1032742]
	Ordinal0 [0x00ECC09F+1032351]
	Ordinal0 [0x00ED6A4B+1075787]
	Ordinal0 [0x00ED6BB3+1076147]
	Ordinal0 [0x00ED5B65+1071973]
	BaseThreadInitThunk [0x771F0419+25]
	RtlGetAppContainerNamedObjectPath [0x775B662D+237]
	RtlGetAppContainerNamedObjectPath [0x775B65FD+189]

	at sun.reflect.NativeConstructorAccessorImpl.newInstance0(Native Method)
	at sun.reflect.NativeConstructorAccessorImpl.newInstance(Unknown Source)
	at sun.reflect.DelegatingConstructorAccessorImpl.newInstance(Unknown Source)
	at java.lang.reflect.Constructor.newInstance(Unknown Source)
	at org.openqa.selenium.remote.W3CHandshakeResponse.lambda$new$0(W3CHandshakeResponse.java:57)
	at org.openqa.selenium.remote.W3CHandshakeResponse.lambda$getResponseFunction$2(W3CHandshakeResponse.java:104)
	at org.openqa.selenium.remote.ProtocolHandshake.lambda$createSession$0(ProtocolHandshake.java:122)
	at java.util.stream.ReferencePipeline$3$1.accept(Unknown Source)
	at java.util.Spliterators$ArraySpliterator.tryAdvance(Unknown Source)
	at java.util.stream.ReferencePipeline.forEachWithCancel(Unknown Source)
	at java.util.stream.AbstractPipeline.copyIntoWithCancel(Unknown Source)
	at java.util.stream.AbstractPipeline.copyInto(Unknown Source)
	at java.util.stream.AbstractPipeline.wrapAndCopyInto(Unknown Source)
	at java.util.stream.FindOps$FindOp.evaluateSequential(Unknown Source)
	at java.util.stream.AbstractPipeline.evaluate(Unknown Source)
	at java.util.stream.ReferencePipeline.findFirst(Unknown Source)
	at org.openqa.selenium.remote.ProtocolHandshake.createSession(ProtocolHandshake.java:125)
	at org.openqa.selenium.remote.ProtocolHandshake.createSession(ProtocolHandshake.java:73)
	at org.openqa.selenium.remote.HttpCommandExecutor.execute(HttpCommandExecutor.java:136)
	at org.openqa.selenium.remote.service.DriverCommandExecutor.execute(DriverCommandExecutor.java:83)
	at org.openqa.selenium.remote.RemoteWebDriver.execute(RemoteWebDriver.java:548)
	at org.openqa.selenium.remote.RemoteWebDriver.startSession(RemoteWebDriver.java:212)
	at org.openqa.selenium.remote.RemoteWebDriver.&lt;init&gt;(RemoteWebDriver.java:130)
	at org.openqa.selenium.chrome.ChromeDriver.&lt;init&gt;(ChromeDriver.java:181)
	at org.openqa.selenium.chrome.ChromeDriver.&lt;init&gt;(ChromeDriver.java:168)
	at org.openqa.selenium.chrome.ChromeDriver.&lt;init&gt;(ChromeDriver.java:123)
	at com.mitthsb.qa.base.TestBase.initialization(TestBase.java:63)
	at com.mitthsb.qa.testcases.EkonomiPageTest.setUp(EkonomiPageTest.java:52)
	at sun.reflect.NativeMethodAccessorImpl.invoke0(Native Method)
	at sun.reflect.NativeMethodAccessorImpl.invoke(Unknown Source)
	at sun.reflect.DelegatingMethodAccessorImpl.invoke(Unknown Source)
	at java.lang.reflect.Method.invoke(Unknown Source)
	at org.testng.internal.MethodInvocationHelper.invokeMethod(MethodInvocationHelper.java:108)
	at org.testng.internal.Invoker.invokeConfigurationMethod(Invoker.java:523)
	at org.testng.internal.Invoker.invokeConfigurations(Invoker.java:224)
	at org.testng.internal.Invoker.invokeMethod(Invoker.java:599)
	at org.testng.internal.Invoker.invokeTestMethod(Invoker.java:869)
	at org.testng.internal.Invoker.invokeTestMethods(Invoker.java:1193)
	at org.testng.internal.TestMethodWorker.invokeTestMethods(TestMethodWorker.java:126)
	at org.testng.internal.TestMethodWorker.run(TestMethodWorker.java:109)
	at org.testng.TestRunner.privateRun(TestRunner.java:744)
	at org.testng.TestRunner.run(TestRunner.java:602)
	at org.testng.SuiteRunner.runTest(SuiteRunner.java:380)
	at org.testng.SuiteRunner.runSequentially(SuiteRunner.java:375)
	at org.testng.SuiteRunner.privateRun(SuiteRunner.java:340)
	at org.testng.SuiteRunner.run(SuiteRunner.java:289)
	at org.testng.SuiteRunnerWorker.runSuite(SuiteRunnerWorker.java:52)
	at org.testng.SuiteRunnerWorker.run(SuiteRunnerWorker.java:86)
	at org.testng.TestNG.runSuitesSequentially(TestNG.java:1301)
	at org.testng.TestNG.runSuitesLocally(TestNG.java:1226)
	at org.testng.TestNG.runSuites(TestNG.java:1144)
	at org.testng.TestNG.run(TestNG.java:1115)
	at org.testng.remote.AbstractRemoteTestNG.run(AbstractRemoteTestNG.java:115)
	at org.testng.remote.RemoteTestNG.initAndRun(RemoteTestNG.java:251)
	at org.testng.remote.RemoteTestNG.main(RemoteTestNG.java:77)
</pre></div><a href='#' onClick='toggleBox("stack-trace679143692", this, "Click to show all stack frames", "Click to hide stack frames")'>Click to show all stack frames</a>
<div class='stack-trace' id='stack-trace679143692'><pre>org.openqa.selenium.WebDriverException: chrome not reachable
Build info: version: &apos;3.14.0&apos;, revision: &apos;aacccce0&apos;, time: &apos;2018-08-02T20:19:58.91Z&apos;
System info: host: &apos;LNOR070828&apos;, ip: &apos;10.225.99.146&apos;, os.name: &apos;Windows 10&apos;, os.arch: &apos;amd64&apos;, os.version: &apos;10.0&apos;, java.version: &apos;1.8.0_221&apos;
Driver info: driver.version: ChromeDriver
remote stacktrace: Backtrace:
	Ordinal0 [0x00F37C53+1473619]
	Ordinal0 [0x00EBAD71+961905]
	Ordinal0 [0x00E4415C+475484]
	Ordinal0 [0x00E3D997+448919]
	Ordinal0 [0x00DDF007+61447]
	Ordinal0 [0x00DDBC77+48247]
	Ordinal0 [0x00DF9149+168265]
	Ordinal0 [0x00DF8D1D+167197]
	Ordinal0 [0x00DF742B+160811]
	Ordinal0 [0x00DE0AE6+68326]
	Ordinal0 [0x00DE1BF0+72688]
	Ordinal0 [0x00DE1B89+72585]
	Ordinal0 [0x00ED4B37+1067831]
	GetHandleVerifier [0x00FD6845+506677]
	GetHandleVerifier [0x00FD65E0+506064]
	GetHandleVerifier [0x00FDD188+533624]
	GetHandleVerifier [0x00FD701A+508682]
	Ordinal0 [0x00ECC226+1032742]
	Ordinal0 [0x00ECC09F+1032351]
	Ordinal0 [0x00ED6A4B+1075787]
	Ordinal0 [0x00ED6BB3+1076147]
	Ordinal0 [0x00ED5B65+1071973]
	BaseThreadInitThunk [0x771F0419+25]
	RtlGetAppContainerNamedObjectPath [0x775B662D+237]
	RtlGetAppContainerNamedObjectPath [0x775B65FD+189]

	at sun.reflect.NativeConstructorAccessorImpl.newInstance0(Native Method)
	at sun.reflect.NativeConstructorAccessorImpl.newInstance(Unknown Source)
	at sun.reflect.DelegatingConstructorAccessorImpl.newInstance(Unknown Source)
	at java.lang.reflect.Constructor.newInstance(Unknown Source)
	at org.openqa.selenium.remote.W3CHandshakeResponse.lambda$new$0(W3CHandshakeResponse.java:57)
	at org.openqa.selenium.remote.W3CHandshakeResponse.lambda$getResponseFunction$2(W3CHandshakeResponse.java:104)
	at org.openqa.selenium.remote.ProtocolHandshake.lambda$createSession$0(ProtocolHandshake.java:122)
	at java.util.stream.ReferencePipeline$3$1.accept(Unknown Source)
	at java.util.Spliterators$ArraySpliterator.tryAdvance(Unknown Source)
	at java.util.stream.ReferencePipeline.forEachWithCancel(Unknown Source)
	at java.util.stream.AbstractPipeline.copyIntoWithCancel(Unknown Source)
	at java.util.stream.AbstractPipeline.copyInto(Unknown Source)
	at java.util.stream.AbstractPipeline.wrapAndCopyInto(Unknown Source)
	at java.util.stream.FindOps$FindOp.evaluateSequential(Unknown Source)
	at java.util.stream.AbstractPipeline.evaluate(Unknown Source)
	at java.util.stream.ReferencePipeline.findFirst(Unknown Source)
	at org.openqa.selenium.remote.ProtocolHandshake.createSession(ProtocolHandshake.java:125)
	at org.openqa.selenium.remote.ProtocolHandshake.createSession(ProtocolHandshake.java:73)
	at org.openqa.selenium.remote.HttpCommandExecutor.execute(HttpCommandExecutor.java:136)
	at org.openqa.selenium.remote.service.DriverCommandExecutor.execute(DriverCommandExecutor.java:83)
	at org.openqa.selenium.remote.RemoteWebDriver.execute(RemoteWebDriver.java:548)
	at org.openqa.selenium.remote.RemoteWebDriver.startSession(RemoteWebDriver.java:212)
	at org.openqa.selenium.remote.RemoteWebDriver.&lt;init&gt;(RemoteWebDriver.java:130)
	at org.openqa.selenium.chrome.ChromeDriver.&lt;init&gt;(ChromeDriver.java:181)
	at org.openqa.selenium.chrome.ChromeDriver.&lt;init&gt;(ChromeDriver.java:168)
	at org.openqa.selenium.chrome.ChromeDriver.&lt;init&gt;(ChromeDriver.java:123)
	at com.mitthsb.qa.base.TestBase.initialization(TestBase.java:63)
	at com.mitthsb.qa.testcases.EkonomiPageTest.setUp(EkonomiPageTest.java:52)
	at sun.reflect.NativeMethodAccessorImpl.invoke0(Native Method)
	at sun.reflect.NativeMethodAccessorImpl.invoke(Unknown Source)
	at sun.reflect.DelegatingMethodAccessorImpl.invoke(Unknown Source)
	at java.lang.reflect.Method.invoke(Unknown Source)
	at org.testng.internal.MethodInvocationHelper.invokeMethod(MethodInvocationHelper.java:108)
	at org.testng.internal.Invoker.invokeConfigurationMethod(Invoker.java:523)
	at org.testng.internal.Invoker.invokeConfigurations(Invoker.java:224)
	at org.testng.internal.Invoker.invokeMethod(Invoker.java:599)
	at org.testng.internal.Invoker.invokeTestMethod(Invoker.java:869)
	at org.testng.internal.Invoker.invokeTestMethods(Invoker.java:1193)
	at org.testng.internal.TestMethodWorker.invokeTestMethods(TestMethodWorker.java:126)
	at org.testng.internal.TestMethodWorker.run(TestMethodWorker.java:109)
	at org.testng.TestRunner.privateRun(TestRunner.java:744)
	at org.testng.TestRunner.run(TestRunner.java:602)
	at org.testng.SuiteRunner.runTest(SuiteRunner.java:380)
	at org.testng.SuiteRunner.runSequentially(SuiteRunner.java:375)
	at org.testng.SuiteRunner.privateRun(SuiteRunner.java:340)
	at org.testng.SuiteRunner.run(SuiteRunner.java:289)
	at org.testng.SuiteRunnerWorker.runSuite(SuiteRunnerWorker.java:52)
	at org.testng.SuiteRunnerWorker.run(SuiteRunnerWorker.java:86)
	at org.testng.TestNG.runSuitesSequentially(TestNG.java:1301)
	at org.testng.TestNG.runSuitesLocally(TestNG.java:1226)
	at org.testng.TestNG.runSuites(TestNG.java:1144)
	at org.testng.TestNG.run(TestNG.java:1115)
	at org.testng.remote.AbstractRemoteTestNG.run(AbstractRemoteTestNG.java:115)
	at org.testng.remote.RemoteTestNG.initAndRun(RemoteTestNG.java:251)
	at org.testng.remote.RemoteTestNG.main(RemoteTestNG.java:77)
</pre></div></td>
<td>61</td>
<td>com.mitthsb.qa.testcases.EkonomiPageTest@2cbb3d47</td></tr>
</table><p>
<table width='100%' border='1' class='invocation-passed'>
<tr><td colspan='4' align='center'><b>PASSED TESTS</b></td></tr>
<tr><td><b>Test method</b></td>
<td width="30%"><b>Exception</b></td>
<td width="10%"><b>Time (seconds)</b></td>
<td><b>Instance</b></td>
</tr>
<tr>
<td title='com.mitthsb.qa.testcases.EkonomiPageTest.InformationIconCashFlowGraphTest()'><b>InformationIconCashFlowGraphTest</b><br>Test class: com.mitthsb.qa.testcases.EkonomiPageTest<br>Test method: Verify the information icon on Cashflow graph is showing the right information</td>
<td></td>
<td>0</td>
<td>com.mitthsb.qa.testcases.EkonomiPageTest@2cbb3d47</td></tr>
<tr>
<td title='com.mitthsb.qa.testcases.EkonomiPageTest.InformationIconDisponiBeltGraphTest()'><b>InformationIconDisponiBeltGraphTest</b><br>Test class: com.mitthsb.qa.testcases.EkonomiPageTest<br>Test method: Verify the information icon on DisponiBelt graph is showing the right informatio </td>
<td></td>
<td>0</td>
<td>com.mitthsb.qa.testcases.EkonomiPageTest@2cbb3d47</td></tr>
<tr>
<td title='com.mitthsb.qa.testcases.EkonomiPageTest.InformationIconLikvidaMedelGraphTest()'><b>InformationIconLikvidaMedelGraphTest</b><br>Test class: com.mitthsb.qa.testcases.EkonomiPageTest<br>Test method: Verify the information icon on LikvidaMedel graph is showing the right informatio </td>
<td></td>
<td>0</td>
<td>com.mitthsb.qa.testcases.EkonomiPageTest@2cbb3d47</td></tr>
<tr>
<td title='com.mitthsb.qa.testcases.EkonomiPageTest.InformationIconRapportGenvagarFrameTest()'><b>InformationIconRapportGenvagarFrameTest</b><br>Test class: com.mitthsb.qa.testcases.EkonomiPageTest<br>Test method: Verify the information icon on RapportGenvagar graph is showing the right informatio </td>
<td></td>
<td>0</td>
<td>com.mitthsb.qa.testcases.EkonomiPageTest@2cbb3d47</td></tr>
<tr>
<td title='com.mitthsb.qa.testcases.EkonomiPageTest.accountsReceivablesGraphEkonomiPageTest()'><b>accountsReceivablesGraphEkonomiPageTest</b><br>Test class: com.mitthsb.qa.testcases.EkonomiPageTest<br>Test method: Verify that Ekonomi graph is displayed or not</td>
<td></td>
<td>0</td>
<td>com.mitthsb.qa.testcases.EkonomiPageTest@2cbb3d47</td></tr>
<tr>
<td title='com.mitthsb.qa.testcases.EkonomiPageTest.allaFakturorListItemTest()'><b>allaFakturorListItemTest</b><br>Test class: com.mitthsb.qa.testcases.EkonomiPageTest<br>Test method: Verify the list item AllaFakturor is redirecting to proper page or not</td>
<td></td>
<td>5</td>
<td>com.mitthsb.qa.testcases.EkonomiPageTest@2cbb3d47</td></tr>
<tr>
<td title='com.mitthsb.qa.testcases.EkonomiPageTest.cashFlowGraphEkonomiPageTest()'><b>cashFlowGraphEkonomiPageTest</b><br>Test class: com.mitthsb.qa.testcases.EkonomiPageTest<br>Test method: Verify that CashFlow graph is displayed or not</td>
<td></td>
<td>0</td>
<td>com.mitthsb.qa.testcases.EkonomiPageTest@2cbb3d47</td></tr>
<tr>
<td title='com.mitthsb.qa.testcases.EkonomiPageTest.clickDigitalWebFakturaButtonTest()'><b>clickDigitalWebFakturaButtonTest</b><br>Test class: com.mitthsb.qa.testcases.EkonomiPageTest<br>Test method: Verify that DigitalWebFakturor button is redirecting to the right page</td>
<td></td>
<td>2</td>
<td>com.mitthsb.qa.testcases.EkonomiPageTest@2cbb3d47</td></tr>
<tr>
<td title='com.mitthsb.qa.testcases.EkonomiPageTest.clicksaldoRapportGenvagarTest()'><b>clicksaldoRapportGenvagarTest</b><br>Test class: com.mitthsb.qa.testcases.EkonomiPageTest<br>Test method: Verify that Saldo Genvagar link is redirecting ot the right page</td>
<td></td>
<td>4</td>
<td>com.mitthsb.qa.testcases.EkonomiPageTest@2cbb3d47</td></tr>
<tr>
<td title='com.mitthsb.qa.testcases.EkonomiPageTest.disponibelGraphEkonomiPageTest()'><b>disponibelGraphEkonomiPageTest</b><br>Test class: com.mitthsb.qa.testcases.EkonomiPageTest<br>Test method: Verify that Disponible graph is displayed or not</td>
<td></td>
<td>0</td>
<td>com.mitthsb.qa.testcases.EkonomiPageTest@2cbb3d47</td></tr>
<tr>
<td title='com.mitthsb.qa.testcases.EkonomiPageTest.ekonomiPageTitleTest()'><b>ekonomiPageTitleTest</b><br>Test class: com.mitthsb.qa.testcases.EkonomiPageTest<br>Test method: Verify the title of ekonomiPage as Ekonomisk översikt - NOT FOR COMMERCIAL USE</td>
<td></td>
<td>0</td>
<td>com.mitthsb.qa.testcases.EkonomiPageTest@2cbb3d47</td></tr>
<tr>
<td title='com.mitthsb.qa.testcases.EkonomiPageTest.finansiellaRapporterTest()'><b>finansiellaRapporterTest</b><br>Test class: com.mitthsb.qa.testcases.EkonomiPageTest<br>Test method: Verify the list item FinansiellaRapport is redirecting to proper page or not</td>
<td></td>
<td>7</td>
<td>com.mitthsb.qa.testcases.EkonomiPageTest@2cbb3d47</td></tr>
<tr>
<td title='com.mitthsb.qa.testcases.EkonomiPageTest.likvidaMedelGraphEkonomiPageTest()'><b>likvidaMedelGraphEkonomiPageTest</b><br>Test class: com.mitthsb.qa.testcases.EkonomiPageTest<br>Test method: Verify that likvida Medel graph is displayed or not</td>
<td></td>
<td>0</td>
<td>com.mitthsb.qa.testcases.EkonomiPageTest@2cbb3d47</td></tr>
<tr>
<td title='com.mitthsb.qa.testcases.EkonomiPageTest.reportGenvagarDisplayTest()'><b>reportGenvagarDisplayTest</b><br>Test class: com.mitthsb.qa.testcases.EkonomiPageTest<br>Test method: Verify the display of 5 genvagars in ekonomi page</td>
<td></td>
<td>0</td>
<td>com.mitthsb.qa.testcases.EkonomiPageTest@2cbb3d47</td></tr>
<tr>
<td title='com.mitthsb.qa.testcases.EkonomiPageTest.saldoRapportLinkTest()'><b>saldoRapportLinkTest</b><br>Test class: com.mitthsb.qa.testcases.EkonomiPageTest<br>Test method: Verify whether click on any Genvagar is redirecting to the right rapport page</td>
<td></td>
<td>2</td>
<td>com.mitthsb.qa.testcases.EkonomiPageTest@2cbb3d47</td></tr>
<tr>
<td title='com.mitthsb.qa.testcases.EkonomiPageTest.validateFinansiellaRapportListItemTest()'><b>validateFinansiellaRapportListItemTest</b><br>Test class: com.mitthsb.qa.testcases.EkonomiPageTest<br>Test method: Verify the list item Finansiella Rappport is displayed or not</td>
<td></td>
<td>0</td>
<td>com.mitthsb.qa.testcases.EkonomiPageTest@2cbb3d47</td></tr>
<tr>
<td title='com.mitthsb.qa.testcases.EkonomiPageTest.validatesaldoRapportTest()'><b>validatesaldoRapportTest</b><br>Test class: com.mitthsb.qa.testcases.EkonomiPageTest<br>Test method: Verify that saldo Rapport Genvagar is displayed or not</td>
<td></td>
<td>0</td>
<td>com.mitthsb.qa.testcases.EkonomiPageTest@2cbb3d47</td></tr>
</table><p>
<table width='100%' border='1' class='invocation-skipped'>
<tr><td colspan='4' align='center'><b>SKIPPED TESTS</b></td></tr>
<tr><td><b>Test method</b></td>
<td width="30%"><b>Exception</b></td>
<td width="10%"><b>Time (seconds)</b></td>
<td><b>Instance</b></td>
</tr>
<tr>
<td title='com.mitthsb.qa.testcases.EkonomiPageTest.validateAllaFakturorListItemTest()'><b>validateAllaFakturorListItemTest</b><br>Test class: com.mitthsb.qa.testcases.EkonomiPageTest<br>Test method: Verify the list item AllFaktuor is displayed or not</td>
<td><div><pre>org.openqa.selenium.WebDriverException: chrome not reachable
Build info: version: &apos;3.14.0&apos;, revision: &apos;aacccce0&apos;, time: &apos;2018-08-02T20:19:58.91Z&apos;
System info: host: &apos;LNOR070828&apos;, ip: &apos;10.225.99.146&apos;, os.name: &apos;Windows 10&apos;, os.arch: &apos;amd64&apos;, os.version: &apos;10.0&apos;, java.version: &apos;1.8.0_221&apos;
Driver info: driver.version: ChromeDriver
remote stacktrace: Backtrace:
	Ordinal0 [0x00F37C53+1473619]
	Ordinal0 [0x00EBAD71+961905]
	Ordinal0 [0x00E4415C+475484]
	Ordinal0 [0x00E3D997+448919]
	Ordinal0 [0x00DDF007+61447]
	Ordinal0 [0x00DDBC77+48247]
	Ordinal0 [0x00DF9149+168265]
	Ordinal0 [0x00DF8D1D+167197]
	Ordinal0 [0x00DF742B+160811]
	Ordinal0 [0x00DE0AE6+68326]
	Ordinal0 [0x00DE1BF0+72688]
	Ordinal0 [0x00DE1B89+72585]
	Ordinal0 [0x00ED4B37+1067831]
	GetHandleVerifier [0x00FD6845+506677]
	GetHandleVerifier [0x00FD65E0+506064]
	GetHandleVerifier [0x00FDD188+533624]
	GetHandleVerifier [0x00FD701A+508682]
	Ordinal0 [0x00ECC226+1032742]
	Ordinal0 [0x00ECC09F+1032351]
	Ordinal0 [0x00ED6A4B+1075787]
	Ordinal0 [0x00ED6BB3+1076147]
	Ordinal0 [0x00ED5B65+1071973]
	BaseThreadInitThunk [0x771F0419+25]
	RtlGetAppContainerNamedObjectPath [0x775B662D+237]
	RtlGetAppContainerNamedObjectPath [0x775B65FD+189]

	at sun.reflect.NativeConstructorAccessorImpl.newInstance0(Native Method)
	at sun.reflect.NativeConstructorAccessorImpl.newInstance(Unknown Source)
	at sun.reflect.DelegatingConstructorAccessorImpl.newInstance(Unknown Source)
	at java.lang.reflect.Constructor.newInstance(Unknown Source)
	at org.openqa.selenium.remote.W3CHandshakeResponse.lambda$new$0(W3CHandshakeResponse.java:57)
	at org.openqa.selenium.remote.W3CHandshakeResponse.lambda$getResponseFunction$2(W3CHandshakeResponse.java:104)
	at org.openqa.selenium.remote.ProtocolHandshake.lambda$createSession$0(ProtocolHandshake.java:122)
	at java.util.stream.ReferencePipeline$3$1.accept(Unknown Source)
	at java.util.Spliterators$ArraySpliterator.tryAdvance(Unknown Source)
	at java.util.stream.ReferencePipeline.forEachWithCancel(Unknown Source)
	at java.util.stream.AbstractPipeline.copyIntoWithCancel(Unknown Source)
	at java.util.stream.AbstractPipeline.copyInto(Unknown Source)
	at java.util.stream.AbstractPipeline.wrapAndCopyInto(Unknown Source)
	at java.util.stream.FindOps$FindOp.evaluateSequential(Unknown Source)
	at java.util.stream.AbstractPipeline.evaluate(Unknown Source)
	at java.util.stream.ReferencePipeline.findFirst(Unknown Source)
	at org.openqa.selenium.remote.ProtocolHandshake.createSession(ProtocolHandshake.java:125)
	at org.openqa.selenium.remote.ProtocolHandshake.createSession(ProtocolHandshake.java:73)
	at org.openqa.selenium.remote.HttpCommandExecutor.execute(HttpCommandExecutor.java:136)
	at org.openqa.selenium.remote.service.DriverCommandExecutor.execute(DriverCommandExecutor.java:83)
	at org.openqa.selenium.remote.RemoteWebDriver.execute(RemoteWebDriver.java:548)
	at org.openqa.selenium.remote.RemoteWebDriver.startSession(RemoteWebDriver.java:212)
	at org.openqa.selenium.remote.RemoteWebDriver.&lt;init&gt;(RemoteWebDriver.java:130)
	at org.openqa.selenium.chrome.ChromeDriver.&lt;init&gt;(ChromeDriver.java:181)
	at org.openqa.selenium.chrome.ChromeDriver.&lt;init&gt;(ChromeDriver.java:168)
	at org.openqa.selenium.chrome.ChromeDriver.&lt;init&gt;(ChromeDriver.java:123)
	at com.mitthsb.qa.base.TestBase.initialization(TestBase.java:63)
	at com.mitthsb.qa.testcases.EkonomiPageTest.setUp(EkonomiPageTest.java:52)
	at sun.reflect.NativeMethodAccessorImpl.invoke0(Native Method)
	at sun.reflect.NativeMethodAccessorImpl.invoke(Unknown Source)
	at sun.reflect.DelegatingMethodAccessorImpl.invoke(Unknown Source)
	at java.lang.reflect.Method.invoke(Unknown Source)
	at org.testng.internal.MethodInvocationHelper.invokeMethod(MethodInvocationHelper.java:108)
	at org.testng.internal.Invoker.invokeConfigurationMethod(Invoker.java:523)
	at org.testng.internal.Invoker.invokeConfigurations(Invoker.java:224)
	at org.testng.internal.Invoker.invokeMethod(Invoker.java:599)
	at org.testng.internal.Invoker.invokeTestMethod(Invoker.java:869)
	at org.testng.internal.Invoker.invokeTestMethods(Invoker.java:1193)
	at org.testng.internal.TestMethodWorker.invokeTestMethods(TestMethodWorker.java:126)
	at org.testng.internal.TestMethodWorker.run(TestMethodWorker.java:109)
	at org.testng.TestRunner.privateRun(TestRunner.java:744)
	at org.testng.TestRunner.run(TestRunner.java:602)
	at org.testng.SuiteRunner.runTest(SuiteRunner.java:380)
	at org.testng.SuiteRunner.runSequentially(SuiteRunner.java:375)
	at org.testng.SuiteRunner.privateRun(SuiteRunner.java:340)
	at org.testng.SuiteRunner.run(SuiteRunner.java:289)
	at org.testng.SuiteRunnerWorker.runSuite(SuiteRunnerWorker.java:52)
	at org.testng.SuiteRunnerWorker.run(SuiteRunnerWorker.java:86)
	at org.testng.TestNG.runSuitesSequentially(TestNG.java:1301)
	at org.testng.TestNG.runSuitesLocally(TestNG.java:1226)
	at org.testng.TestNG.runSuites(TestNG.java:1144)
	at org.testng.TestNG.run(TestNG.java:1115)
	at org.testng.remote.AbstractRemoteTestNG.run(AbstractRemoteTestNG.java:115)
	at org.testng.remote.RemoteTestNG.initAndRun(RemoteTestNG.java:251)
	at org.testng.remote.RemoteTestNG.main(RemoteTestNG.java:77)
</pre></div><a href='#' onClick='toggleBox("stack-trace773535564", this, "Click to show all stack frames", "Click to hide stack frames")'>Click to show all stack frames</a>
<div class='stack-trace' id='stack-trace773535564'><pre>org.openqa.selenium.WebDriverException: chrome not reachable
Build info: version: &apos;3.14.0&apos;, revision: &apos;aacccce0&apos;, time: &apos;2018-08-02T20:19:58.91Z&apos;
System info: host: &apos;LNOR070828&apos;, ip: &apos;10.225.99.146&apos;, os.name: &apos;Windows 10&apos;, os.arch: &apos;amd64&apos;, os.version: &apos;10.0&apos;, java.version: &apos;1.8.0_221&apos;
Driver info: driver.version: ChromeDriver
remote stacktrace: Backtrace:
	Ordinal0 [0x00F37C53+1473619]
	Ordinal0 [0x00EBAD71+961905]
	Ordinal0 [0x00E4415C+475484]
	Ordinal0 [0x00E3D997+448919]
	Ordinal0 [0x00DDF007+61447]
	Ordinal0 [0x00DDBC77+48247]
	Ordinal0 [0x00DF9149+168265]
	Ordinal0 [0x00DF8D1D+167197]
	Ordinal0 [0x00DF742B+160811]
	Ordinal0 [0x00DE0AE6+68326]
	Ordinal0 [0x00DE1BF0+72688]
	Ordinal0 [0x00DE1B89+72585]
	Ordinal0 [0x00ED4B37+1067831]
	GetHandleVerifier [0x00FD6845+506677]
	GetHandleVerifier [0x00FD65E0+506064]
	GetHandleVerifier [0x00FDD188+533624]
	GetHandleVerifier [0x00FD701A+508682]
	Ordinal0 [0x00ECC226+1032742]
	Ordinal0 [0x00ECC09F+1032351]
	Ordinal0 [0x00ED6A4B+1075787]
	Ordinal0 [0x00ED6BB3+1076147]
	Ordinal0 [0x00ED5B65+1071973]
	BaseThreadInitThunk [0x771F0419+25]
	RtlGetAppContainerNamedObjectPath [0x775B662D+237]
	RtlGetAppContainerNamedObjectPath [0x775B65FD+189]

	at sun.reflect.NativeConstructorAccessorImpl.newInstance0(Native Method)
	at sun.reflect.NativeConstructorAccessorImpl.newInstance(Unknown Source)
	at sun.reflect.DelegatingConstructorAccessorImpl.newInstance(Unknown Source)
	at java.lang.reflect.Constructor.newInstance(Unknown Source)
	at org.openqa.selenium.remote.W3CHandshakeResponse.lambda$new$0(W3CHandshakeResponse.java:57)
	at org.openqa.selenium.remote.W3CHandshakeResponse.lambda$getResponseFunction$2(W3CHandshakeResponse.java:104)
	at org.openqa.selenium.remote.ProtocolHandshake.lambda$createSession$0(ProtocolHandshake.java:122)
	at java.util.stream.ReferencePipeline$3$1.accept(Unknown Source)
	at java.util.Spliterators$ArraySpliterator.tryAdvance(Unknown Source)
	at java.util.stream.ReferencePipeline.forEachWithCancel(Unknown Source)
	at java.util.stream.AbstractPipeline.copyIntoWithCancel(Unknown Source)
	at java.util.stream.AbstractPipeline.copyInto(Unknown Source)
	at java.util.stream.AbstractPipeline.wrapAndCopyInto(Unknown Source)
	at java.util.stream.FindOps$FindOp.evaluateSequential(Unknown Source)
	at java.util.stream.AbstractPipeline.evaluate(Unknown Source)
	at java.util.stream.ReferencePipeline.findFirst(Unknown Source)
	at org.openqa.selenium.remote.ProtocolHandshake.createSession(ProtocolHandshake.java:125)
	at org.openqa.selenium.remote.ProtocolHandshake.createSession(ProtocolHandshake.java:73)
	at org.openqa.selenium.remote.HttpCommandExecutor.execute(HttpCommandExecutor.java:136)
	at org.openqa.selenium.remote.service.DriverCommandExecutor.execute(DriverCommandExecutor.java:83)
	at org.openqa.selenium.remote.RemoteWebDriver.execute(RemoteWebDriver.java:548)
	at org.openqa.selenium.remote.RemoteWebDriver.startSession(RemoteWebDriver.java:212)
	at org.openqa.selenium.remote.RemoteWebDriver.&lt;init&gt;(RemoteWebDriver.java:130)
	at org.openqa.selenium.chrome.ChromeDriver.&lt;init&gt;(ChromeDriver.java:181)
	at org.openqa.selenium.chrome.ChromeDriver.&lt;init&gt;(ChromeDriver.java:168)
	at org.openqa.selenium.chrome.ChromeDriver.&lt;init&gt;(ChromeDriver.java:123)
	at com.mitthsb.qa.base.TestBase.initialization(TestBase.java:63)
	at com.mitthsb.qa.testcases.EkonomiPageTest.setUp(EkonomiPageTest.java:52)
	at sun.reflect.NativeMethodAccessorImpl.invoke0(Native Method)
	at sun.reflect.NativeMethodAccessorImpl.invoke(Unknown Source)
	at sun.reflect.DelegatingMethodAccessorImpl.invoke(Unknown Source)
	at java.lang.reflect.Method.invoke(Unknown Source)
	at org.testng.internal.MethodInvocationHelper.invokeMethod(MethodInvocationHelper.java:108)
	at org.testng.internal.Invoker.invokeConfigurationMethod(Invoker.java:523)
	at org.testng.internal.Invoker.invokeConfigurations(Invoker.java:224)
	at org.testng.internal.Invoker.invokeMethod(Invoker.java:599)
	at org.testng.internal.Invoker.invokeTestMethod(Invoker.java:869)
	at org.testng.internal.Invoker.invokeTestMethods(Invoker.java:1193)
	at org.testng.internal.TestMethodWorker.invokeTestMethods(TestMethodWorker.java:126)
	at org.testng.internal.TestMethodWorker.run(TestMethodWorker.java:109)
	at org.testng.TestRunner.privateRun(TestRunner.java:744)
	at org.testng.TestRunner.run(TestRunner.java:602)
	at org.testng.SuiteRunner.runTest(SuiteRunner.java:380)
	at org.testng.SuiteRunner.runSequentially(SuiteRunner.java:375)
	at org.testng.SuiteRunner.privateRun(SuiteRunner.java:340)
	at org.testng.SuiteRunner.run(SuiteRunner.java:289)
	at org.testng.SuiteRunnerWorker.runSuite(SuiteRunnerWorker.java:52)
	at org.testng.SuiteRunnerWorker.run(SuiteRunnerWorker.java:86)
	at org.testng.TestNG.runSuitesSequentially(TestNG.java:1301)
	at org.testng.TestNG.runSuitesLocally(TestNG.java:1226)
	at org.testng.TestNG.runSuites(TestNG.java:1144)
	at org.testng.TestNG.run(TestNG.java:1115)
	at org.testng.remote.AbstractRemoteTestNG.run(AbstractRemoteTestNG.java:115)
	at org.testng.remote.RemoteTestNG.initAndRun(RemoteTestNG.java:251)
	at org.testng.remote.RemoteTestNG.main(RemoteTestNG.java:77)
</pre></div></td>
<td>0</td>
<td>com.mitthsb.qa.testcases.EkonomiPageTest@2cbb3d47</td></tr>
</table><p>
</body>
</html>