<?xml version="1.0" encoding="UTF-8"?>
<!-- Generated by org.testng.reporters.JUnitXMLReporter -->
<testsuite hostname="LNOR070828" ignored="0" name="Default test" tests="3" failures="0" timestamp="25 okt 2019 07:31:19 GMT" time="82.115" errors="0">
  <testcase name="skapaKalenderTest" time="11.776" classname="com.mitthsb.qa.testcases.AdministrationPageTest"/>
  <testcase name="displayKalenderEventHomePageTest" time="0.036" classname="com.mitthsb.qa.testcases.AdministrationPageTest"/>
  <testcase name="deleteKalenderTest" time="4.287" classname="com.mitthsb.qa.testcases.AdministrationPageTest"/>
</testsuite> <!-- Default test -->
