<?xml version="1.0" encoding="UTF-8"?>
<!-- Generated by org.testng.reporters.JUnitXMLReporter -->
<testsuite hostname="LNOR070828" ignored="0" name="Default test" tests="7" failures="0" timestamp="21 okt 2019 08:47:38 GMT" time="31.266" errors="0">
  <testcase name="ekonomiPageTitleTest" time="0.065" classname="com.mitthsb.qa.testcases.EkonomiPageTest"/>
  <testcase name="validateAllaFakturorListItemTest" time="0.047" classname="com.mitthsb.qa.testcases.EkonomiPageTest"/>
  <testcase name="validateFinansiellaRapportListItemTest" time="0.05" classname="com.mitthsb.qa.testcases.EkonomiPageTest"/>
  <testcase name="validatesaldoRapportTest" time="0.047" classname="com.mitthsb.qa.testcases.EkonomiPageTest"/>
  <testcase name="saldoRapportLinkTest" time="3.5" classname="com.mitthsb.qa.testcases.EkonomiPageTest"/>
  <testcase name="finansiellaRapporterTest" time="1.609" classname="com.mitthsb.qa.testcases.EkonomiPageTest"/>
  <testcase name="allaFakturorListItemTest" time="0.945" classname="com.mitthsb.qa.testcases.EkonomiPageTest"/>
</testsuite> <!-- Default test -->
