<?xml version="1.0" encoding="UTF-8"?>
<!-- Generated by org.testng.reporters.JUnitXMLReporter -->
<testsuite ignored="0" hostname="LNOR070828" failures="0" tests="16" name="Default test" time="44.776" errors="0" timestamp="18 okt. 2019 09:04:35 GMT">
  <testcase classname="com.mitthsb.qa.testcases.HomePageTest" name="homePageTitleTest" time="0.075"/>
  <testcase classname="com.mitthsb.qa.testcases.HomePageTest" name="mittUpdragLinkTest" time="0.045"/>
  <testcase classname="com.mitthsb.qa.testcases.HomePageTest" name="validateMinaSidorlinkTest" time="0.045"/>
  <testcase classname="com.mitthsb.qa.testcases.HomePageTest" name="nyttLinkTest" time="0.043"/>
  <testcase classname="com.mitthsb.qa.testcases.HomePageTest" name="fakturorDisplayTest" time="0.042"/>
  <testcase classname="com.mitthsb.qa.testcases.HomePageTest" name="adminTabTest" time="2.556"/>
  <testcase classname="com.mitthsb.qa.testcases.HomePageTest" name="fastighetenTabTest" time="0.799"/>
  <testcase classname="com.mitthsb.qa.testcases.HomePageTest" name="dokumentTabTest" time="0.527"/>
  <testcase classname="com.mitthsb.qa.testcases.HomePageTest" name="ekonomiTabTest" time="2.32"/>
  <testcase classname="com.mitthsb.qa.testcases.HomePageTest" name="clickMinaSidorLinkTest" time="3.775"/>
  <testcase classname="com.mitthsb.qa.testcases.HomePageTest" name="arendenAndFelanmalanPageTest" time="2.546"/>
  <testcase classname="com.mitthsb.qa.testcases.HomePageTest" name="minBostadTabTest" time="2.753"/>
  <testcase classname="com.mitthsb.qa.testcases.HomePageTest" name="bosparTabTest" time="2.957"/>
  <testcase classname="com.mitthsb.qa.testcases.HomePageTest" name="medlemskapetTabTest" time="2.743"/>
  <testcase classname="com.mitthsb.qa.testcases.HomePageTest" name="sokBostadTabTest" time="4.671"/>
  <testcase classname="com.mitthsb.qa.testcases.HomePageTest" name="minProfilTabTest" time="3.262"/>
</testsuite> <!-- Default test -->
