<?xml version="1.0" encoding="UTF-8"?>
<!-- Generated by org.testng.reporters.JUnitXMLReporter -->
<testsuite hostname="LNOR070828" ignored="0" name="Default test" tests="23" failures="0" timestamp="07 nov 2019 11:20:59 GMT" time="143.809" errors="0">
  <testcase name="@BeforeMethod setUp" time="0.548" classname="com.mitthsb.qa.testcases.MinaSidorPageTest">
    <failure type="org.openqa.selenium.ElementClickInterceptedException" message="element click intercepted: Element &amp;lt;a class=&amp;quot;navigation-link active&amp;quot; href=&amp;quot;/MittHSB/oversikt/&amp;quot;&amp;gt;...&amp;lt;/a&amp;gt; is not clickable at point (1218, 27). Other element would receive the click: &amp;lt;div aria-labelledby=&amp;quot;calendar-event-modal&amp;quot; class=&amp;quot;modal fade&amp;quot; id=&amp;quot;calendar-event-modal&amp;quot; role=&amp;quot;dialog&amp;quot; tabindex=&amp;quot;-1&amp;quot; aria-modal=&amp;quot;true&amp;quot; style=&amp;quot;display: block;&amp;quot;&amp;gt;...&amp;lt;/div&amp;gt;
  (Session info: chrome=77.0.3865.120)
Build info: version: &amp;apos;3.14.0&amp;apos;, revision: &amp;apos;aacccce0&amp;apos;, time: &amp;apos;2018-08-02T20:19:58.91Z&amp;apos;
System info: host: &amp;apos;LNOR070828&amp;apos;, ip: &amp;apos;10.225.99.146&amp;apos;, os.name: &amp;apos;Windows 10&amp;apos;, os.arch: &amp;apos;amd64&amp;apos;, os.version: &amp;apos;10.0&amp;apos;, java.version: &amp;apos;1.8.0_221&amp;apos;
Driver info: org.openqa.selenium.chrome.ChromeDriver
Capabilities {acceptInsecureCerts: false, browserName: chrome, browserVersion: 77.0.3865.120, chrome: {chromedriverVersion: 76.0.3809.126 (d80a294506b4..., userDataDir: C:\Users\pperla\AppData\Loc...}, goog:chromeOptions: {debuggerAddress: localhost:15296}, javascriptEnabled: true, networkConnectionEnabled: false, pageLoadStrategy: normal, platform: XP, platformName: XP, proxy: Proxy(), setWindowRect: true, strictFileInteractability: false, timeouts: {implicit: 0, pageLoad: 300000, script: 30000}, unhandledPromptBehavior: dismiss and notify}
Session ID: be1b4d2b250b0dc54be5483ed5e765ef">
      <![CDATA[org.openqa.selenium.ElementClickInterceptedException: element click intercepted: Element <a class="navigation-link active" href="/MittHSB/oversikt/">...</a> is not clickable at point (1218, 27). Other element would receive the click: <div aria-labelledby="calendar-event-modal" class="modal fade" id="calendar-event-modal" role="dialog" tabindex="-1" aria-modal="true" style="display: block;">...</div>
  (Session info: chrome=77.0.3865.120)
Build info: version: '3.14.0', revision: 'aacccce0', time: '2018-08-02T20:19:58.91Z'
System info: host: 'LNOR070828', ip: '10.225.99.146', os.name: 'Windows 10', os.arch: 'amd64', os.version: '10.0', java.version: '1.8.0_221'
Driver info: org.openqa.selenium.chrome.ChromeDriver
Capabilities {acceptInsecureCerts: false, browserName: chrome, browserVersion: 77.0.3865.120, chrome: {chromedriverVersion: 76.0.3809.126 (d80a294506b4..., userDataDir: C:\Users\pperla\AppData\Loc...}, goog:chromeOptions: {debuggerAddress: localhost:15296}, javascriptEnabled: true, networkConnectionEnabled: false, pageLoadStrategy: normal, platform: XP, platformName: XP, proxy: Proxy(), setWindowRect: true, strictFileInteractability: false, timeouts: {implicit: 0, pageLoad: 300000, script: 30000}, unhandledPromptBehavior: dismiss and notify}
Session ID: be1b4d2b250b0dc54be5483ed5e765ef
	at sun.reflect.NativeConstructorAccessorImpl.newInstance0(Native Method)
	at sun.reflect.NativeConstructorAccessorImpl.newInstance(Unknown Source)
	at sun.reflect.DelegatingConstructorAccessorImpl.newInstance(Unknown Source)
	at java.lang.reflect.Constructor.newInstance(Unknown Source)
	at org.openqa.selenium.remote.http.W3CHttpResponseCodec.createException(W3CHttpResponseCodec.java:187)
	at org.openqa.selenium.remote.http.W3CHttpResponseCodec.decode(W3CHttpResponseCodec.java:122)
	at org.openqa.selenium.remote.http.W3CHttpResponseCodec.decode(W3CHttpResponseCodec.java:49)
	at org.openqa.selenium.remote.HttpCommandExecutor.execute(HttpCommandExecutor.java:158)
	at org.openqa.selenium.remote.service.DriverCommandExecutor.execute(DriverCommandExecutor.java:83)
	at org.openqa.selenium.remote.RemoteWebDriver.execute(RemoteWebDriver.java:548)
	at org.openqa.selenium.remote.RemoteWebElement.execute(RemoteWebElement.java:276)
	at org.openqa.selenium.remote.RemoteWebElement.click(RemoteWebElement.java:83)
	at sun.reflect.GeneratedMethodAccessor9.invoke(Unknown Source)
	at sun.reflect.DelegatingMethodAccessorImpl.invoke(Unknown Source)
	at java.lang.reflect.Method.invoke(Unknown Source)
	at org.openqa.selenium.support.events.EventFiringWebDriver$EventFiringWebElement.lambda$new$0(EventFiringWebDriver.java:403)
	at com.sun.proxy.$Proxy13.click(Unknown Source)
	at org.openqa.selenium.support.events.EventFiringWebDriver$EventFiringWebElement.click(EventFiringWebDriver.java:416)
	at com.mitthsb.qa.pages.HomePage.minaSidorLink(HomePage.java:582)
	at com.mitthsb.qa.testcases.MinaSidorPageTest.setUp(MinaSidorPageTest.java:74)
	at sun.reflect.NativeMethodAccessorImpl.invoke0(Native Method)
	at sun.reflect.NativeMethodAccessorImpl.invoke(Unknown Source)
	at sun.reflect.DelegatingMethodAccessorImpl.invoke(Unknown Source)
	at java.lang.reflect.Method.invoke(Unknown Source)
	at org.testng.internal.MethodInvocationHelper.invokeMethod(MethodInvocationHelper.java:108)
	at org.testng.internal.Invoker.invokeConfigurationMethod(Invoker.java:523)
	at org.testng.internal.Invoker.invokeConfigurations(Invoker.java:224)
	at org.testng.internal.Invoker.invokeMethod(Invoker.java:599)
	at org.testng.internal.Invoker.invokeTestMethod(Invoker.java:869)
	at org.testng.internal.Invoker.invokeTestMethods(Invoker.java:1193)
	at org.testng.internal.TestMethodWorker.invokeTestMethods(TestMethodWorker.java:126)
	at org.testng.internal.TestMethodWorker.run(TestMethodWorker.java:109)
	at org.testng.TestRunner.privateRun(TestRunner.java:744)
	at org.testng.TestRunner.run(TestRunner.java:602)
	at org.testng.SuiteRunner.runTest(SuiteRunner.java:380)
	at org.testng.SuiteRunner.runSequentially(SuiteRunner.java:375)
	at org.testng.SuiteRunner.privateRun(SuiteRunner.java:340)
	at org.testng.SuiteRunner.run(SuiteRunner.java:289)
	at org.testng.SuiteRunnerWorker.runSuite(SuiteRunnerWorker.java:52)
	at org.testng.SuiteRunnerWorker.run(SuiteRunnerWorker.java:86)
	at org.testng.TestNG.runSuitesSequentially(TestNG.java:1301)
	at org.testng.TestNG.runSuitesLocally(TestNG.java:1226)
	at org.testng.TestNG.runSuites(TestNG.java:1144)
	at org.testng.TestNG.run(TestNG.java:1115)
	at org.testng.remote.AbstractRemoteTestNG.run(AbstractRemoteTestNG.java:115)
	at org.testng.remote.RemoteTestNG.initAndRun(RemoteTestNG.java:251)
	at org.testng.remote.RemoteTestNG.main(RemoteTestNG.java:77)
]]>
    </failure>
  </testcase> <!-- @BeforeMethod setUp -->
  <testcase name="bosparTabDisplayTest" time="0.23" classname="com.mitthsb.qa.testcases.MinaSidorPageTest"/>
  <testcase name="clickBosparTabTest" time="3.707" classname="com.mitthsb.qa.testcases.MinaSidorPageTest"/>
  <testcase name="clickMinProfileTabTest" time="1.127" classname="com.mitthsb.qa.testcases.MinaSidorPageTest"/>
  <testcase name="genvagarLinkMinaSidorTest" time="17.617" classname="com.mitthsb.qa.testcases.MinaSidorPageTest"/>
  <testcase name="goTillKalenderAndCreateKalenderEvent" time="18.457" classname="com.mitthsb.qa.testcases.MinaSidorPageTest"/>
  <testcase name="minaHandelseFrameDisplayTest" time="0.0" classname="com.mitthsb.qa.testcases.MinaSidorPageTest">
    <skipped/>
  </testcase> <!-- minaHandelseFrameDisplayTest -->
  <testcase name="seAllaNyheterLinkTestMinaSidorPage" time="0.0" classname="com.mitthsb.qa.testcases.MinaSidorPageTest">
    <skipped/>
  </testcase> <!-- seAllaNyheterLinkTestMinaSidorPage -->
  <testcase name="arendenTabDisplayTest" time="0.0" classname="com.mitthsb.qa.testcases.MinaSidorPageTest">
    <skipped/>
  </testcase> <!-- arendenTabDisplayTest -->
  <testcase name="brfLandingTabDisplayTest" time="0.0" classname="com.mitthsb.qa.testcases.MinaSidorPageTest">
    <skipped/>
  </testcase> <!-- brfLandingTabDisplayTest -->
  <testcase name="clickArendenTabTest" time="0.0" classname="com.mitthsb.qa.testcases.MinaSidorPageTest">
    <skipped/>
  </testcase> <!-- clickArendenTabTest -->
  <testcase name="clickMedlemskapTabTest" time="0.0" classname="com.mitthsb.qa.testcases.MinaSidorPageTest">
    <skipped/>
  </testcase> <!-- clickMedlemskapTabTest -->
  <testcase name="clickMinBostadTabTest" time="0.0" classname="com.mitthsb.qa.testcases.MinaSidorPageTest">
    <skipped/>
  </testcase> <!-- clickMinBostadTabTest -->
  <testcase name="clickSokBostadTabTest" time="0.0" classname="com.mitthsb.qa.testcases.MinaSidorPageTest">
    <skipped/>
  </testcase> <!-- clickSokBostadTabTest -->
  <testcase name="clickbrfLandingTabTest" time="0.0" classname="com.mitthsb.qa.testcases.MinaSidorPageTest">
    <skipped/>
  </testcase> <!-- clickbrfLandingTabTest -->
  <testcase name="medelemskapTabDisplayTest" time="0.0" classname="com.mitthsb.qa.testcases.MinaSidorPageTest">
    <skipped/>
  </testcase> <!-- medelemskapTabDisplayTest -->
  <testcase name="minBostadTabDisplayTest" time="0.0" classname="com.mitthsb.qa.testcases.MinaSidorPageTest">
    <skipped/>
  </testcase> <!-- minBostadTabDisplayTest -->
  <testcase name="minProfileTabDisplayTest" time="0.0" classname="com.mitthsb.qa.testcases.MinaSidorPageTest">
    <skipped/>
  </testcase> <!-- minProfileTabDisplayTest -->
  <testcase name="minaSidorTitleTest" time="0.0" classname="com.mitthsb.qa.testcases.MinaSidorPageTest">
    <skipped/>
  </testcase> <!-- minaSidorTitleTest -->
  <testcase name="minaUppgifterGenvagarLinkTest" time="0.0" classname="com.mitthsb.qa.testcases.MinaSidorPageTest">
    <skipped/>
  </testcase> <!-- minaUppgifterGenvagarLinkTest -->
  <testcase name="nyheterArticleTest" time="0.0" classname="com.mitthsb.qa.testcases.MinaSidorPageTest">
    <skipped/>
  </testcase> <!-- nyheterArticleTest -->
  <testcase name="priorityNewsFrameTest" time="0.0" classname="com.mitthsb.qa.testcases.MinaSidorPageTest">
    <skipped/>
  </testcase> <!-- priorityNewsFrameTest -->
  <testcase name="sokBostadTabDisplayTest" time="0.0" classname="com.mitthsb.qa.testcases.MinaSidorPageTest">
    <skipped/>
  </testcase> <!-- sokBostadTabDisplayTest -->
  <testcase name="deleteKalenderHandelseMinaSidorPage" time="0.0" classname="com.mitthsb.qa.testcases.MinaSidorPageTest">
    <skipped/>
  </testcase> <!-- deleteKalenderHandelseMinaSidorPage -->
</testsuite> <!-- Default test -->
