<?xml version="1.0" encoding="UTF-8"?>
<!-- Generated by org.testng.reporters.JUnitXMLReporter -->
<testsuite ignored="0" hostname="LNOR070828" failures="0" tests="7" name="Default test" time="23.402" errors="0" timestamp="18 okt. 2019 07:58:42 GMT">
  <testcase classname="com.mitthsb.qa.testcases.EkonomiPageTest" name="ekonomiPageTitleTest" time="0.066"/>
  <testcase classname="com.mitthsb.qa.testcases.EkonomiPageTest" name="validateAllaFakturorListItemTest" time="0.031"/>
  <testcase classname="com.mitthsb.qa.testcases.EkonomiPageTest" name="validateFinansiellaRapportListItemTest" time="0.032"/>
  <testcase classname="com.mitthsb.qa.testcases.EkonomiPageTest" name="validatesaldoRapportTest" time="0.035"/>
  <testcase classname="com.mitthsb.qa.testcases.EkonomiPageTest" name="saldoRapportLinkTest" time="2.342"/>
  <testcase classname="com.mitthsb.qa.testcases.EkonomiPageTest" name="finansiellaRapporterTest" time="1.348"/>
  <testcase classname="com.mitthsb.qa.testcases.EkonomiPageTest" name="allaFakturorListItemTest" time="0.913"/>
</testsuite> <!-- Default test -->
