<?xml version="1.0" encoding="UTF-8"?>
<!-- Generated by org.testng.reporters.JUnitXMLReporter -->
<testsuite ignored="0" hostname="LNOR070828" failures="0" tests="7" name="Default test" time="23.125" errors="0" timestamp="18 okt. 2019 10:05:11 GMT">
  <testcase classname="com.mitthsb.qa.testcases.HomePageTest" name="homePageTitleTest" time="0.068"/>
  <testcase classname="com.mitthsb.qa.testcases.HomePageTest" name="nyttLinkTest" time="0.05"/>
  <testcase classname="com.mitthsb.qa.testcases.HomePageTest" name="fakturorDisplayTest" time="0.039"/>
  <testcase classname="com.mitthsb.qa.testcases.HomePageTest" name="adminTabTest" time="2.253"/>
  <testcase classname="com.mitthsb.qa.testcases.HomePageTest" name="fastighetenTabTest" time="0.917"/>
  <testcase classname="com.mitthsb.qa.testcases.HomePageTest" name="dokumentTabTest" time="0.476"/>
  <testcase classname="com.mitthsb.qa.testcases.HomePageTest" name="ekonomiTabTest" time="1.969"/>
</testsuite> <!-- Default test -->
