<?xml version="1.0" encoding="UTF-8"?>
<!-- Generated by org.testng.reporters.JUnitXMLReporter -->
<testsuite ignored="22" hostname="LNOR070828" failures="1" tests="1" name="MittHSBMittUppdragPages" time="0.22" errors="0" timestamp="07 nov. 2019 08:28:31 GMT">
  <testcase classname="com.mitthsb.qa.testcases.MinaSidorPageTest" name="@AfterMethod tearDown" time="0.002">
    <failure type="java.lang.NullPointerException">
      <![CDATA[java.lang.NullPointerException
	at com.mitthsb.qa.testcases.MinaSidorPageTest.tearDown(MinaSidorPageTest.java:278)
... Removed 31 stack frames]]>
    </failure>
  </testcase> <!-- @AfterMethod tearDown -->
  <testcase classname="com.mitthsb.qa.testcases.MinaSidorPageTest" name="minaSidorTitleTest" time="0.09">
    <failure type="java.lang.NullPointerException">
      <![CDATA[java.lang.NullPointerException
	at com.mitthsb.qa.testcases.MinaSidorPageTest.minaSidorTitleTest(MinaSidorPageTest.java:73)
... Removed 29 stack frames]]>
    </failure>
  </testcase> <!-- minaSidorTitleTest -->
  <testcase classname="com.mitthsb.qa.testcases.MinaSidorPageTest" name="clickSokBostadTabTest" time="0.0">
    <ignored/>
  </testcase> <!-- clickSokBostadTabTest -->
  <testcase classname="com.mitthsb.qa.testcases.MinaSidorPageTest" name="medelemskapTabDisplayTest" time="0.0">
    <ignored/>
  </testcase> <!-- medelemskapTabDisplayTest -->
  <testcase classname="com.mitthsb.qa.testcases.MinaSidorPageTest" name="minaUppgifterGenvagarLinkTest" time="0.0">
    <ignored/>
  </testcase> <!-- minaUppgifterGenvagarLinkTest -->
  <testcase classname="com.mitthsb.qa.testcases.MinaSidorPageTest" name="clickMedlemskapTabTest" time="0.0">
    <ignored/>
  </testcase> <!-- clickMedlemskapTabTest -->
  <testcase classname="com.mitthsb.qa.testcases.MinaSidorPageTest" name="brfLandingTabDisplayTest" time="0.0">
    <ignored/>
  </testcase> <!-- brfLandingTabDisplayTest -->
  <testcase classname="com.mitthsb.qa.testcases.MinaSidorPageTest" name="minBostadTabDisplayTest" time="0.0">
    <ignored/>
  </testcase> <!-- minBostadTabDisplayTest -->
  <testcase classname="com.mitthsb.qa.testcases.MinaSidorPageTest" name="goTillKalenderAndCreateKalenderEvent" time="0.0">
    <ignored/>
  </testcase> <!-- goTillKalenderAndCreateKalenderEvent -->
  <testcase classname="com.mitthsb.qa.testcases.MinaSidorPageTest" name="nyheterArticleTest" time="0.0">
    <ignored/>
  </testcase> <!-- nyheterArticleTest -->
  <testcase classname="com.mitthsb.qa.testcases.MinaSidorPageTest" name="minaHandelseFrameDisplayTest" time="0.0">
    <ignored/>
  </testcase> <!-- minaHandelseFrameDisplayTest -->
  <testcase classname="com.mitthsb.qa.testcases.MinaSidorPageTest" name="sokBostadTabDisplayTest" time="0.0">
    <ignored/>
  </testcase> <!-- sokBostadTabDisplayTest -->
  <testcase classname="com.mitthsb.qa.testcases.MinaSidorPageTest" name="seAllaNyheterLinkTestMinaSidorPage" time="0.0">
    <ignored/>
  </testcase> <!-- seAllaNyheterLinkTestMinaSidorPage -->
  <testcase classname="com.mitthsb.qa.testcases.MinaSidorPageTest" name="clickMinProfileTabTest" time="0.0">
    <ignored/>
  </testcase> <!-- clickMinProfileTabTest -->
  <testcase classname="com.mitthsb.qa.testcases.MinaSidorPageTest" name="genvagarLinkMinaSidorTest" time="0.0">
    <ignored/>
  </testcase> <!-- genvagarLinkMinaSidorTest -->
  <testcase classname="com.mitthsb.qa.testcases.MinaSidorPageTest" name="deleteKalenderHandelseMinaSidorPage" time="0.0">
    <ignored/>
  </testcase> <!-- deleteKalenderHandelseMinaSidorPage -->
  <testcase classname="com.mitthsb.qa.testcases.MinaSidorPageTest" name="clickBosparTabTest" time="0.0">
    <ignored/>
  </testcase> <!-- clickBosparTabTest -->
  <testcase classname="com.mitthsb.qa.testcases.MinaSidorPageTest" name="bosparTabDisplayTest" time="0.0">
    <ignored/>
  </testcase> <!-- bosparTabDisplayTest -->
  <testcase classname="com.mitthsb.qa.testcases.MinaSidorPageTest" name="clickMinBostadTabTest" time="0.0">
    <ignored/>
  </testcase> <!-- clickMinBostadTabTest -->
  <testcase classname="com.mitthsb.qa.testcases.MinaSidorPageTest" name="minProfileTabDisplayTest" time="0.0">
    <ignored/>
  </testcase> <!-- minProfileTabDisplayTest -->
  <testcase classname="com.mitthsb.qa.testcases.MinaSidorPageTest" name="clickbrfLandingTabTest" time="0.0">
    <ignored/>
  </testcase> <!-- clickbrfLandingTabTest -->
  <testcase classname="com.mitthsb.qa.testcases.MinaSidorPageTest" name="priorityNewsFrameTest" time="0.0">
    <ignored/>
  </testcase> <!-- priorityNewsFrameTest -->
  <testcase classname="com.mitthsb.qa.testcases.MinaSidorPageTest" name="arendenTabDisplayTest" time="0.0">
    <ignored/>
  </testcase> <!-- arendenTabDisplayTest -->
  <testcase classname="com.mitthsb.qa.testcases.MinaSidorPageTest" name="clickArendenTabTest" time="0.0">
    <ignored/>
  </testcase> <!-- clickArendenTabTest -->
</testsuite> <!-- MittHSBMittUppdragPages -->
