<?xml version="1.0" encoding="UTF-8"?>
<!-- Generated by org.testng.reporters.JUnitXMLReporter -->
<testsuite ignored="0" hostname="LNOR070828" failures="0" tests="8" name="MittHSBMittUppdragPages" time="20.12" errors="0" timestamp="18 okt. 2019 12:25:22 GMT">
  <testcase classname="com.mitthsb.qa.testcases.HomePageTest" name="homePageTitleTest" time="0.05"/>
  <testcase classname="com.mitthsb.qa.testcases.dummy" name="dummyTest" time="0.004"/>
  <testcase classname="com.mitthsb.qa.testcases.HomePageTest" name="nyttLinkTest" time="0.041"/>
  <testcase classname="com.mitthsb.qa.testcases.HomePageTest" name="fakturorDisplayTest" time="0.029"/>
  <testcase classname="com.mitthsb.qa.testcases.HomePageTest" name="adminTabTest" time="1.959"/>
  <testcase classname="com.mitthsb.qa.testcases.HomePageTest" name="fastighetenTabTest" time="0.719"/>
  <testcase classname="com.mitthsb.qa.testcases.HomePageTest" name="dokumentTabTest" time="0.472"/>
  <testcase classname="com.mitthsb.qa.testcases.HomePageTest" name="ekonomiTabTest" time="2.469"/>
</testsuite> <!-- MittHSBMittUppdragPages -->
