<?xml version="1.0" encoding="UTF-8"?>
<testng-results ignored="0" total="10" passed="10" failed="0" skipped="0">
  <reporter-output>
  </reporter-output>
  <suite started-at="2019-10-18T13:01:57Z" name="MittHSB" finished-at="2019-10-18T13:02:24Z" duration-ms="27172">
    <groups>
    </groups>
    <test started-at="2019-10-18T13:01:57Z" name="MittHSBMittUppdragPages" finished-at="2019-10-18T13:02:24Z" duration-ms="27172">
      <class name="com.mitthsb.qa.testcases.dummy">
        <test-method signature="dummyTest()[pri:1, instance:com.mitthsb.qa.testcases.dummy@68267da0]" started-at="2019-10-18T15:02:17Z" name="dummyTest" finished-at="2019-10-18T15:02:17Z" duration-ms="3" status="PASS">
          <reporter-output>
          </reporter-output>
        </test-method> <!-- dummyTest -->
      </class> <!-- com.mitthsb.qa.testcases.dummy -->
      <class name="com.mitthsb.qa.testcases.HomePageTest">
        <test-method is-config="true" signature="setUp()[pri:0, instance:com.mitthsb.qa.testcases.HomePageTest@683dbc2c]" started-at="2019-10-18T15:01:57Z" name="setUp" finished-at="2019-10-18T15:02:16Z" duration-ms="19370" status="PASS">
          <reporter-output>
          </reporter-output>
        </test-method> <!-- setUp -->
        <test-method signature="homePageTitleTest()[pri:1, instance:com.mitthsb.qa.testcases.HomePageTest@683dbc2c]" started-at="2019-10-18T15:02:16Z" name="homePageTitleTest" finished-at="2019-10-18T15:02:16Z" duration-ms="56" status="PASS">
          <reporter-output>
          </reporter-output>
        </test-method> <!-- homePageTitleTest -->
        <test-method signature="mittUpdragLinkTest()[pri:2, instance:com.mitthsb.qa.testcases.HomePageTest@683dbc2c]" started-at="2019-10-18T15:02:17Z" name="mittUpdragLinkTest" finished-at="2019-10-18T15:02:17Z" duration-ms="41" status="PASS">
          <reporter-output>
          </reporter-output>
        </test-method> <!-- mittUpdragLinkTest -->
        <test-method signature="validateMinaSidorlinkTest()[pri:3, instance:com.mitthsb.qa.testcases.HomePageTest@683dbc2c]" started-at="2019-10-18T15:02:17Z" name="validateMinaSidorlinkTest" finished-at="2019-10-18T15:02:17Z" duration-ms="40" status="PASS">
          <reporter-output>
          </reporter-output>
        </test-method> <!-- validateMinaSidorlinkTest -->
        <test-method signature="nyttLinkTest()[pri:4, instance:com.mitthsb.qa.testcases.HomePageTest@683dbc2c]" started-at="2019-10-18T15:02:17Z" name="nyttLinkTest" finished-at="2019-10-18T15:02:17Z" duration-ms="45" status="PASS">
          <reporter-output>
          </reporter-output>
        </test-method> <!-- nyttLinkTest -->
        <test-method signature="fakturorDisplayTest()[pri:5, instance:com.mitthsb.qa.testcases.HomePageTest@683dbc2c]" started-at="2019-10-18T15:02:17Z" name="fakturorDisplayTest" finished-at="2019-10-18T15:02:17Z" duration-ms="33" status="PASS">
          <reporter-output>
          </reporter-output>
        </test-method> <!-- fakturorDisplayTest -->
        <test-method signature="adminTabTest()[pri:7, instance:com.mitthsb.qa.testcases.HomePageTest@683dbc2c]" started-at="2019-10-18T15:02:17Z" name="adminTabTest" finished-at="2019-10-18T15:02:19Z" duration-ms="2389" status="PASS">
          <reporter-output>
          </reporter-output>
        </test-method> <!-- adminTabTest -->
        <test-method signature="fastighetenTabTest()[pri:8, instance:com.mitthsb.qa.testcases.HomePageTest@683dbc2c]" started-at="2019-10-18T15:02:19Z" name="fastighetenTabTest" finished-at="2019-10-18T15:02:20Z" duration-ms="1321" status="PASS">
          <reporter-output>
          </reporter-output>
        </test-method> <!-- fastighetenTabTest -->
        <test-method signature="dokumentTabTest()[pri:9, instance:com.mitthsb.qa.testcases.HomePageTest@683dbc2c]" started-at="2019-10-18T15:02:20Z" name="dokumentTabTest" finished-at="2019-10-18T15:02:21Z" duration-ms="627" status="PASS">
          <reporter-output>
          </reporter-output>
        </test-method> <!-- dokumentTabTest -->
        <test-method signature="ekonomiTabTest()[pri:10, instance:com.mitthsb.qa.testcases.HomePageTest@683dbc2c]" started-at="2019-10-18T15:02:21Z" name="ekonomiTabTest" finished-at="2019-10-18T15:02:23Z" duration-ms="2288" status="PASS">
          <reporter-output>
          </reporter-output>
        </test-method> <!-- ekonomiTabTest -->
        <test-method is-config="true" signature="tearDown()[pri:0, instance:com.mitthsb.qa.testcases.HomePageTest@683dbc2c]" started-at="2019-10-18T15:02:23Z" name="tearDown" finished-at="2019-10-18T15:02:24Z" duration-ms="840" status="PASS">
          <reporter-output>
          </reporter-output>
        </test-method> <!-- tearDown -->
      </class> <!-- com.mitthsb.qa.testcases.HomePageTest -->
    </test> <!-- MittHSBMittUppdragPages -->
  </suite> <!-- MittHSB -->
</testng-results>
