<?xml version="1.0" encoding="UTF-8"?>
<testsuite xmlns:xsi="http://www.w3.org/2001/XMLSchema-instance" xsi:noNamespaceSchemaLocation="https://maven.apache.org/surefire/maven-surefire-plugin/xsd/surefire-test-report-3.0.xsd" version="3.0" name="TestSuite" time="1.946" tests="2" errors="0" skipped="0" failures="2">
  <properties>
[...]
</properties>
  <testcase name="minaSidorTitleTest" classname="com.mitthsb.qa.testcases.MinaSidorPageTest" time="0.096">
    <failure type="java.lang.NullPointerException">java.lang.NullPointerException
	at com.mitthsb.qa.testcases.MinaSidorPageTest.minaSidorTitleTest(MinaSidorPageTest.java:73)
</failure>
    <system-out><![CDATA[reading properties in testbase constructor
reading properties in testbase constructor
[TestNG] [WARN] Ignoring duplicate listener : com.qa.ExtentReportListner.ExtentRerportListener
...
... TestNG 6.11 by Cédric Beust (cedric@beust.com)
...

reading properties in testbase constructor
]]></system-out>
    <system-err><![CDATA[SLF4J: Failed to load class "org.slf4j.impl.StaticLoggerBinder".
SLF4J: Defaulting to no-operation (NOP) logger implementation
SLF4J: See http://www.slf4j.org/codes.html#StaticLoggerBinder for further details.
]]></system-err>
  </testcase>
  <testcase name="tearDown" classname="com.mitthsb.qa.testcases.MinaSidorPageTest" time="0.197">
    <failure type="java.lang.NullPointerException">java.lang.NullPointerException
	at com.mitthsb.qa.testcases.MinaSidorPageTest.tearDown(MinaSidorPageTest.java:278)
</failure>
    <system-out><![CDATA[this methiod is ended
]]></system-out>
  </testcase>
</testsuite>