<?xml version="1.0" encoding="UTF-8"?>
<testsuite xmlns:xsi="http://www.w3.org/2001/XMLSchema-instance" xsi:noNamespaceSchemaLocation="https://maven.apache.org/surefire/maven-surefire-plugin/xsd/surefire-test-report-3.0.xsd" version="3.0" name="TestSuite" time="21.163" tests="8" errors="0" skipped="0" failures="0">
  <properties>
[...]
</properties>
  <testcase name="homePageTitleTest" classname="com.mitthsb.qa.testcases.HomePageTest" time="0.05"/>
  <testcase name="dummyTest" classname="com.mitthsb.qa.testcases.dummy" time="0.003"/>
  <testcase name="nyttLinkTest" classname="com.mitthsb.qa.testcases.HomePageTest" time="0.041"/>
  <testcase name="fakturorDisplayTest" classname="com.mitthsb.qa.testcases.HomePageTest" time="0.029"/>
  <testcase name="adminTabTest" classname="com.mitthsb.qa.testcases.HomePageTest" time="1.96"/>
  <testcase name="fastighetenTabTest" classname="com.mitthsb.qa.testcases.HomePageTest" time="0.718"/>
  <testcase name="dokumentTabTest" classname="com.mitthsb.qa.testcases.HomePageTest" time="0.472"/>
  <testcase name="ekonomiTabTest" classname="com.mitthsb.qa.testcases.HomePageTest" time="2.469"/>
</testsuite>