<?xml version="1.0" encoding="UTF-8"?>
<testng-results skipped="0" failed="1" ignored="0" total="4" passed="3">
  <reporter-output>
  </reporter-output>
  <suite name="Default suite" duration-ms="138214" started-at="2019-11-04T10:33:06Z" finished-at="2019-11-04T10:35:24Z">
    <groups>
    </groups>
    <test name="Default test" duration-ms="138214" started-at="2019-11-04T10:33:06Z" finished-at="2019-11-04T10:35:24Z">
      <class name="com.mitthsb.qa.testcases.AdministrationPageTest">
        <test-method status="PASS" signature="setUp(java.lang.reflect.Method)[pri:0, instance:com.mitthsb.qa.testcases.AdministrationPageTest@8909f18]" name="setUp" is-config="true" duration-ms="24629" started-at="2019-11-04T11:33:06Z" finished-at="2019-11-04T11:33:30Z">
          <params>
            <param index="0">
              <value>
                <![CDATA[public void com.mitthsb.qa.testcases.AdministrationPageTest.skapaKalenderTest()]]>
              </value>
            </param>
          </params>
          <reporter-output>
          </reporter-output>
        </test-method> <!-- setUp -->
        <test-method status="PASS" signature="skapaKalenderTest()[pri:0, instance:com.mitthsb.qa.testcases.AdministrationPageTest@8909f18]" name="skapaKalenderTest" duration-ms="12527" started-at="2019-11-04T11:33:30Z" finished-at="2019-11-04T11:33:43Z">
          <reporter-output>
          </reporter-output>
        </test-method> <!-- skapaKalenderTest -->
        <test-method status="PASS" signature="tearDown()[pri:0, instance:com.mitthsb.qa.testcases.AdministrationPageTest@8909f18]" name="tearDown" is-config="true" duration-ms="793" started-at="2019-11-04T11:33:43Z" finished-at="2019-11-04T11:33:44Z">
          <reporter-output>
          </reporter-output>
        </test-method> <!-- tearDown -->
        <test-method status="PASS" signature="setUp(java.lang.reflect.Method)[pri:0, instance:com.mitthsb.qa.testcases.AdministrationPageTest@8909f18]" name="setUp" is-config="true" duration-ms="21542" started-at="2019-11-04T11:33:44Z" finished-at="2019-11-04T11:34:05Z">
          <params>
            <param index="0">
              <value>
                <![CDATA[public void com.mitthsb.qa.testcases.AdministrationPageTest.adminPageTitleTest()]]>
              </value>
            </param>
          </params>
          <reporter-output>
          </reporter-output>
        </test-method> <!-- setUp -->
        <test-method status="PASS" signature="adminPageTitleTest()[pri:0, instance:com.mitthsb.qa.testcases.AdministrationPageTest@8909f18]" name="adminPageTitleTest" duration-ms="2029" started-at="2019-11-04T11:34:05Z" finished-at="2019-11-04T11:34:07Z">
          <reporter-output>
          </reporter-output>
        </test-method> <!-- adminPageTitleTest -->
        <test-method status="PASS" signature="tearDown()[pri:0, instance:com.mitthsb.qa.testcases.AdministrationPageTest@8909f18]" name="tearDown" is-config="true" duration-ms="809" started-at="2019-11-04T11:34:07Z" finished-at="2019-11-04T11:34:08Z">
          <reporter-output>
          </reporter-output>
        </test-method> <!-- tearDown -->
        <test-method status="PASS" signature="setUp(java.lang.reflect.Method)[pri:0, instance:com.mitthsb.qa.testcases.AdministrationPageTest@8909f18]" name="setUp" is-config="true" duration-ms="20752" started-at="2019-11-04T11:34:08Z" finished-at="2019-11-04T11:34:29Z">
          <params>
            <param index="0">
              <value>
                <![CDATA[public void com.mitthsb.qa.testcases.AdministrationPageTest.displayKalenderEventHomePageTest()]]>
              </value>
            </param>
          </params>
          <reporter-output>
          </reporter-output>
        </test-method> <!-- setUp -->
        <test-method status="PASS" signature="displayKalenderEventHomePageTest()[pri:0, instance:com.mitthsb.qa.testcases.AdministrationPageTest@8909f18]" name="displayKalenderEventHomePageTest" duration-ms="17" started-at="2019-11-04T11:34:29Z" depends-on-methods="com.mitthsb.qa.testcases.AdministrationPageTest.skapaKalenderTest" finished-at="2019-11-04T11:34:29Z">
          <reporter-output>
          </reporter-output>
        </test-method> <!-- displayKalenderEventHomePageTest -->
        <test-method status="PASS" signature="tearDown()[pri:0, instance:com.mitthsb.qa.testcases.AdministrationPageTest@8909f18]" name="tearDown" is-config="true" duration-ms="790" started-at="2019-11-04T11:34:29Z" finished-at="2019-11-04T11:34:30Z">
          <reporter-output>
          </reporter-output>
        </test-method> <!-- tearDown -->
        <test-method status="PASS" signature="setUp(java.lang.reflect.Method)[pri:0, instance:com.mitthsb.qa.testcases.AdministrationPageTest@8909f18]" name="setUp" is-config="true" duration-ms="19241" started-at="2019-11-04T11:34:30Z" finished-at="2019-11-04T11:34:49Z">
          <params>
            <param index="0">
              <value>
                <![CDATA[public void com.mitthsb.qa.testcases.AdministrationPageTest.deleteKalenderTest()]]>
              </value>
            </param>
          </params>
          <reporter-output>
          </reporter-output>
        </test-method> <!-- setUp -->
        <test-method status="FAIL" signature="deleteKalenderTest()[pri:0, instance:com.mitthsb.qa.testcases.AdministrationPageTest@8909f18]" name="deleteKalenderTest" duration-ms="34201" started-at="2019-11-04T11:34:49Z" depends-on-methods="com.mitthsb.qa.testcases.AdministrationPageTest.skapaKalenderTest, com.mitthsb.qa.testcases.AdministrationPageTest.displayKalenderEventHomePageTest" finished-at="2019-11-04T11:35:23Z">
          <exception class="java.lang.IndexOutOfBoundsException">
            <message>
              <![CDATA[Index: 0, Size: 0]]>
            </message>
            <full-stacktrace>
              <![CDATA[java.lang.IndexOutOfBoundsException: Index: 0, Size: 0
	at java.util.ArrayList.rangeCheck(Unknown Source)
	at java.util.ArrayList.get(Unknown Source)
	at sun.reflect.NativeMethodAccessorImpl.invoke0(Native Method)
	at sun.reflect.NativeMethodAccessorImpl.invoke(Unknown Source)
	at sun.reflect.DelegatingMethodAccessorImpl.invoke(Unknown Source)
	at java.lang.reflect.Method.invoke(Unknown Source)
	at org.openqa.selenium.support.pagefactory.internal.LocatingElementListHandler.invoke(LocatingElementListHandler.java:39)
	at com.sun.proxy.$Proxy13.get(Unknown Source)
	at com.mitthsb.qa.pages.AdministrationPage.deleteKalenderHäandelse(AdministrationPage.java:132)
	at com.mitthsb.qa.testcases.AdministrationPageTest.deleteKalenderTest(AdministrationPageTest.java:87)
	at sun.reflect.NativeMethodAccessorImpl.invoke0(Native Method)
	at sun.reflect.NativeMethodAccessorImpl.invoke(Unknown Source)
	at sun.reflect.DelegatingMethodAccessorImpl.invoke(Unknown Source)
	at java.lang.reflect.Method.invoke(Unknown Source)
	at org.testng.internal.MethodInvocationHelper.invokeMethod(MethodInvocationHelper.java:108)
	at org.testng.internal.Invoker.invokeMethod(Invoker.java:661)
	at org.testng.internal.Invoker.invokeTestMethod(Invoker.java:869)
	at org.testng.internal.Invoker.invokeTestMethods(Invoker.java:1193)
	at org.testng.internal.TestMethodWorker.invokeTestMethods(TestMethodWorker.java:126)
	at org.testng.internal.TestMethodWorker.run(TestMethodWorker.java:109)
	at org.testng.TestRunner.privateRun(TestRunner.java:744)
	at org.testng.TestRunner.run(TestRunner.java:602)
	at org.testng.SuiteRunner.runTest(SuiteRunner.java:380)
	at org.testng.SuiteRunner.runSequentially(SuiteRunner.java:375)
	at org.testng.SuiteRunner.privateRun(SuiteRunner.java:340)
	at org.testng.SuiteRunner.run(SuiteRunner.java:289)
	at org.testng.SuiteRunnerWorker.runSuite(SuiteRunnerWorker.java:52)
	at org.testng.SuiteRunnerWorker.run(SuiteRunnerWorker.java:86)
	at org.testng.TestNG.runSuitesSequentially(TestNG.java:1301)
	at org.testng.TestNG.runSuitesLocally(TestNG.java:1226)
	at org.testng.TestNG.runSuites(TestNG.java:1144)
	at org.testng.TestNG.run(TestNG.java:1115)
	at org.testng.remote.AbstractRemoteTestNG.run(AbstractRemoteTestNG.java:115)
	at org.testng.remote.RemoteTestNG.initAndRun(RemoteTestNG.java:251)
	at org.testng.remote.RemoteTestNG.main(RemoteTestNG.java:77)
]]>
            </full-stacktrace>
          </exception> <!-- java.lang.IndexOutOfBoundsException -->
          <reporter-output>
          </reporter-output>
        </test-method> <!-- deleteKalenderTest -->
        <test-method status="PASS" signature="tearDown()[pri:0, instance:com.mitthsb.qa.testcases.AdministrationPageTest@8909f18]" name="tearDown" is-config="true" duration-ms="763" started-at="2019-11-04T11:35:23Z" finished-at="2019-11-04T11:35:24Z">
          <reporter-output>
          </reporter-output>
        </test-method> <!-- tearDown -->
      </class> <!-- com.mitthsb.qa.testcases.AdministrationPageTest -->
    </test> <!-- Default test -->
  </suite> <!-- Default suite -->
</testng-results>
