<?xml version="1.0" encoding="UTF-8"?>
<testng-results ignored="0" total="7" passed="7" failed="0" skipped="0">
  <reporter-output>
  </reporter-output>
  <suite started-at="2019-10-18T07:58:18Z" name="Default suite" finished-at="2019-10-18T07:58:42Z" duration-ms="23402">
    <groups>
    </groups>
    <test started-at="2019-10-18T07:58:18Z" name="Default test" finished-at="2019-10-18T07:58:42Z" duration-ms="23402">
      <class name="com.mitthsb.qa.testcases.EkonomiPageTest">
        <test-method is-config="true" signature="setUp()[pri:0, instance:com.mitthsb.qa.testcases.EkonomiPageTest@29e495ff]" started-at="2019-10-18T09:58:18Z" name="setUp" finished-at="2019-10-18T09:58:36Z" duration-ms="17742" status="PASS">
          <reporter-output>
          </reporter-output>
        </test-method> <!-- setUp -->
        <test-method signature="ekonomiPageTitleTest()[pri:1, instance:com.mitthsb.qa.testcases.EkonomiPageTest@29e495ff]" started-at="2019-10-18T09:58:36Z" name="ekonomiPageTitleTest" finished-at="2019-10-18T09:58:36Z" duration-ms="66" status="PASS">
          <reporter-output>
          </reporter-output>
        </test-method> <!-- ekonomiPageTitleTest -->
        <test-method signature="validateAllaFakturorListItemTest()[pri:2, instance:com.mitthsb.qa.testcases.EkonomiPageTest@29e495ff]" started-at="2019-10-18T09:58:36Z" name="validateAllaFakturorListItemTest" finished-at="2019-10-18T09:58:36Z" duration-ms="31" status="PASS">
          <reporter-output>
          </reporter-output>
        </test-method> <!-- validateAllaFakturorListItemTest -->
        <test-method signature="validateFinansiellaRapportListItemTest()[pri:3, instance:com.mitthsb.qa.testcases.EkonomiPageTest@29e495ff]" started-at="2019-10-18T09:58:36Z" name="validateFinansiellaRapportListItemTest" finished-at="2019-10-18T09:58:36Z" duration-ms="32" status="PASS">
          <reporter-output>
          </reporter-output>
        </test-method> <!-- validateFinansiellaRapportListItemTest -->
        <test-method signature="validatesaldoRapportTest()[pri:4, instance:com.mitthsb.qa.testcases.EkonomiPageTest@29e495ff]" started-at="2019-10-18T09:58:36Z" name="validatesaldoRapportTest" finished-at="2019-10-18T09:58:36Z" duration-ms="35" status="PASS">
          <reporter-output>
          </reporter-output>
        </test-method> <!-- validatesaldoRapportTest -->
        <test-method signature="saldoRapportLinkTest()[pri:5, instance:com.mitthsb.qa.testcases.EkonomiPageTest@29e495ff]" started-at="2019-10-18T09:58:36Z" name="saldoRapportLinkTest" finished-at="2019-10-18T09:58:39Z" duration-ms="2342" status="PASS">
          <reporter-output>
          </reporter-output>
        </test-method> <!-- saldoRapportLinkTest -->
        <test-method signature="finansiellaRapporterTest()[pri:6, instance:com.mitthsb.qa.testcases.EkonomiPageTest@29e495ff]" started-at="2019-10-18T09:58:39Z" name="finansiellaRapporterTest" finished-at="2019-10-18T09:58:40Z" duration-ms="1348" status="PASS">
          <reporter-output>
          </reporter-output>
        </test-method> <!-- finansiellaRapporterTest -->
        <test-method signature="allaFakturorListItemTest()[pri:7, instance:com.mitthsb.qa.testcases.EkonomiPageTest@29e495ff]" started-at="2019-10-18T09:58:40Z" name="allaFakturorListItemTest" finished-at="2019-10-18T09:58:41Z" duration-ms="913" status="PASS">
          <reporter-output>
          </reporter-output>
        </test-method> <!-- allaFakturorListItemTest -->
        <test-method is-config="true" signature="tearDown()[pri:0, instance:com.mitthsb.qa.testcases.EkonomiPageTest@29e495ff]" started-at="2019-10-18T09:58:41Z" name="tearDown" finished-at="2019-10-18T09:58:42Z" duration-ms="788" status="PASS">
          <reporter-output>
          </reporter-output>
        </test-method> <!-- tearDown -->
      </class> <!-- com.mitthsb.qa.testcases.EkonomiPageTest -->
    </test> <!-- Default test -->
  </suite> <!-- Default suite -->
</testng-results>
