<?xml version="1.0" encoding="UTF-8"?>
<testng-results ignored="0" total="8" passed="7" failed="1" skipped="0">
  <reporter-output>
  </reporter-output>
  <suite started-at="2019-10-14T12:34:02Z" name="Default suite" finished-at="2019-10-14T12:35:41Z" duration-ms="99185">
    <groups>
      <group name="LoginPageTest.login">
        <method signature="LoginPageTest.loginBasedonHashMap(java.util.Map)[pri:6, instance:com.mitthsb.qa.testcases.LoginPageTest@625732]" name="loginBasedonHashMap" class="com.mitthsb.qa.testcases.LoginPageTest"/>
      </group> <!-- LoginPageTest.login -->
    </groups>
    <test started-at="2019-10-14T12:34:02Z" name="Default test" finished-at="2019-10-14T12:35:41Z" duration-ms="99185">
      <class name="com.mitthsb.qa.testcases.LoginPageTest">
        <test-method is-config="true" signature="setUp()[pri:0, instance:com.mitthsb.qa.testcases.LoginPageTest@625732]" started-at="2019-10-14T14:34:02Z" name="setUp" finished-at="2019-10-14T14:34:08Z" duration-ms="5984" status="PASS">
          <reporter-output>
          </reporter-output>
        </test-method> <!-- setUp -->
        <test-method signature="loginPageTitleTest()[pri:1, instance:com.mitthsb.qa.testcases.LoginPageTest@625732]" started-at="2019-10-14T14:34:08Z" name="loginPageTitleTest" finished-at="2019-10-14T14:34:08Z" duration-ms="56" status="PASS">
          <reporter-output>
          </reporter-output>
        </test-method> <!-- loginPageTitleTest -->
        <test-method signature="hsbLogoTest()[pri:2, instance:com.mitthsb.qa.testcases.LoginPageTest@625732]" started-at="2019-10-14T14:34:08Z" name="hsbLogoTest" finished-at="2019-10-14T14:34:08Z" duration-ms="100" status="PASS">
          <reporter-output>
          </reporter-output>
        </test-method> <!-- hsbLogoTest -->
        <test-method signature="bankIdlinkTest()[pri:3, instance:com.mitthsb.qa.testcases.LoginPageTest@625732]" started-at="2019-10-14T14:34:08Z" name="bankIdlinkTest" finished-at="2019-10-14T14:34:08Z" duration-ms="465" status="PASS">
          <reporter-output>
          </reporter-output>
        </test-method> <!-- bankIdlinkTest -->
        <test-method signature="gdprLinkTest()[pri:4, instance:com.mitthsb.qa.testcases.LoginPageTest@625732]" started-at="2019-10-14T14:34:08Z" name="gdprLinkTest" finished-at="2019-10-14T14:34:08Z" duration-ms="33" status="PASS">
          <reporter-output>
          </reporter-output>
        </test-method> <!-- gdprLinkTest -->
        <test-method signature="loginBasedonHashMap(java.util.Map)[pri:6, instance:com.mitthsb.qa.testcases.LoginPageTest@625732]" started-at="2019-10-14T14:34:09Z" name="loginBasedonHashMap" data-provider="getTestDataForLoginHashMap" finished-at="2019-10-14T14:34:16Z" duration-ms="7137" status="PASS">
          <params>
            <param index="0">
              <value>
                <![CDATA[{Role=Grund, password=asd00asd!, UserName=192101031686}]]>
              </value>
            </param>
          </params>
          <reporter-output>
          </reporter-output>
        </test-method> <!-- loginBasedonHashMap -->
        <test-method signature="loginBasedonHashMap(java.util.Map)[pri:6, instance:com.mitthsb.qa.testcases.LoginPageTest@625732]" started-at="2019-10-14T14:34:16Z" name="loginBasedonHashMap" data-provider="getTestDataForLoginHashMap" finished-at="2019-10-14T14:35:05Z" duration-ms="49383" status="FAIL">
          <params>
            <param index="0">
              <value>
                <![CDATA[{Role=Grund, password=asd00asd!, UserName=198806011642}]]>
              </value>
            </param>
          </params>
          <exception class="org.openqa.selenium.TimeoutException">
            <message>
              <![CDATA[Expected condition failed: waiting for visibility of element located by By.xpath: //div[@class='content no-max-width gradient-bg col-12'] (tried for 10 second(s) with 500 milliseconds interval)]]>
            </message>
            <full-stacktrace>
              <![CDATA[org.openqa.selenium.TimeoutException: Expected condition failed: waiting for visibility of element located by By.xpath: //div[@class='content no-max-width gradient-bg col-12'] (tried for 10 second(s) with 500 milliseconds interval)
	at org.openqa.selenium.support.ui.WebDriverWait.timeoutException(WebDriverWait.java:113)
	at org.openqa.selenium.support.ui.FluentWait.until(FluentWait.java:283)
	at com.mitthsb.qa.pages.Loginpage.login(Loginpage.java:74)
	at com.mitthsb.qa.testcases.LoginPageTest.loginBasedonHashMap(LoginPageTest.java:116)
	at java.base/jdk.internal.reflect.NativeMethodAccessorImpl.invoke0(Native Method)
	at java.base/jdk.internal.reflect.NativeMethodAccessorImpl.invoke(NativeMethodAccessorImpl.java:62)
	at java.base/jdk.internal.reflect.DelegatingMethodAccessorImpl.invoke(DelegatingMethodAccessorImpl.java:43)
	at java.base/java.lang.reflect.Method.invoke(Method.java:567)
	at org.testng.internal.MethodInvocationHelper.invokeMethod(MethodInvocationHelper.java:108)
	at org.testng.internal.Invoker.invokeMethod(Invoker.java:661)
	at org.testng.internal.Invoker.invokeTestMethod(Invoker.java:869)
	at org.testng.internal.Invoker.invokeTestMethods(Invoker.java:1193)
	at org.testng.internal.TestMethodWorker.invokeTestMethods(TestMethodWorker.java:126)
	at org.testng.internal.TestMethodWorker.run(TestMethodWorker.java:109)
	at org.testng.TestRunner.privateRun(TestRunner.java:744)
	at org.testng.TestRunner.run(TestRunner.java:602)
	at org.testng.SuiteRunner.runTest(SuiteRunner.java:380)
	at org.testng.SuiteRunner.runSequentially(SuiteRunner.java:375)
	at org.testng.SuiteRunner.privateRun(SuiteRunner.java:340)
	at org.testng.SuiteRunner.run(SuiteRunner.java:289)
	at org.testng.SuiteRunnerWorker.runSuite(SuiteRunnerWorker.java:52)
	at org.testng.SuiteRunnerWorker.run(SuiteRunnerWorker.java:86)
	at org.testng.TestNG.runSuitesSequentially(TestNG.java:1301)
	at org.testng.TestNG.runSuitesLocally(TestNG.java:1226)
	at org.testng.TestNG.runSuites(TestNG.java:1144)
	at org.testng.TestNG.run(TestNG.java:1115)
	at org.testng.remote.AbstractRemoteTestNG.run(AbstractRemoteTestNG.java:115)
	at org.testng.remote.RemoteTestNG.initAndRun(RemoteTestNG.java:251)
	at org.testng.remote.RemoteTestNG.main(RemoteTestNG.java:77)
Caused by: org.openqa.selenium.NoSuchElementException: Cannot locate an element using By.xpath: //div[@class='content no-max-width gradient-bg col-12']
For documentation on this error, please visit: http://seleniumhq.org/exceptions/no_such_element.html
Build info: version: '3.14.0', revision: 'aacccce0', time: '2018-08-02T20:19:58.91Z'
System info: host: 'LNOR070828', ip: '10.225.99.144', os.name: 'Windows 10', os.arch: 'amd64', os.version: '10.0', java.version: '13'
Driver info: driver.version: unknown
	at org.openqa.selenium.support.ui.ExpectedConditions.lambda$findElement$0(ExpectedConditions.java:896)
	at java.base/java.util.Optional.orElseThrow(Optional.java:401)
	at org.openqa.selenium.support.ui.ExpectedConditions.findElement(ExpectedConditions.java:895)
	at org.openqa.selenium.support.ui.ExpectedConditions.access$000(ExpectedConditions.java:44)
	at org.openqa.selenium.support.ui.ExpectedConditions$7.apply(ExpectedConditions.java:206)
	at org.openqa.selenium.support.ui.ExpectedConditions$7.apply(ExpectedConditions.java:202)
	at org.openqa.selenium.support.ui.FluentWait.until(FluentWait.java:260)
	... 27 more
]]>
            </full-stacktrace>
          </exception> <!-- org.openqa.selenium.TimeoutException -->
          <reporter-output>
          </reporter-output>
        </test-method> <!-- loginBasedonHashMap -->
        <test-method signature="loginBasedonHashMap(java.util.Map)[pri:6, instance:com.mitthsb.qa.testcases.LoginPageTest@625732]" started-at="2019-10-14T14:35:05Z" name="loginBasedonHashMap" data-provider="getTestDataForLoginHashMap" finished-at="2019-10-14T14:35:23Z" duration-ms="17392" status="PASS">
          <params>
            <param index="0">
              <value>
                <![CDATA[{Role=Admin, password=asd00asd!, UserName=198109231665}]]>
              </value>
            </param>
          </params>
          <reporter-output>
          </reporter-output>
        </test-method> <!-- loginBasedonHashMap -->
        <test-method signature="loginBasedonHashMap(java.util.Map)[pri:6, instance:com.mitthsb.qa.testcases.LoginPageTest@625732]" started-at="2019-10-14T14:35:23Z" name="loginBasedonHashMap" data-provider="getTestDataForLoginHashMap" finished-at="2019-10-14T14:35:40Z" duration-ms="17435" status="PASS">
          <params>
            <param index="0">
              <value>
                <![CDATA[{Role=Admin, password=asd00asd!, UserName=198109231665}]]>
              </value>
            </param>
          </params>
          <reporter-output>
          </reporter-output>
        </test-method> <!-- loginBasedonHashMap -->
        <test-method is-config="true" signature="tearDown()[pri:0, instance:com.mitthsb.qa.testcases.LoginPageTest@625732]" started-at="2019-10-14T14:35:40Z" name="tearDown" finished-at="2019-10-14T14:35:41Z" duration-ms="776" status="PASS">
          <reporter-output>
          </reporter-output>
        </test-method> <!-- tearDown -->
      </class> <!-- com.mitthsb.qa.testcases.LoginPageTest -->
    </test> <!-- Default test -->
  </suite> <!-- Default suite -->
</testng-results>
