<?xml version="1.0" encoding="UTF-8"?>
<testng-results skipped="1" failed="0" ignored="0" total="18" passed="17">
  <reporter-output>
  </reporter-output>
  <suite name="MittHSB" duration-ms="580762" started-at="2019-11-06T09:52:24Z" finished-at="2019-11-06T10:02:04Z">
    <groups>
    </groups>
    <test name="MittHSBMittUppdragPages" duration-ms="580762" started-at="2019-11-06T09:52:24Z" finished-at="2019-11-06T10:02:04Z">
      <class name="com.mitthsb.qa.testcases.EkonomiPageTest">
        <test-method status="PASS" signature="setUp(java.lang.reflect.Method)[pri:0, instance:com.mitthsb.qa.testcases.EkonomiPageTest@2cbb3d47]" name="setUp" is-config="true" duration-ms="25832" started-at="2019-11-06T10:52:24Z" finished-at="2019-11-06T10:52:50Z">
          <params>
            <param index="0">
              <value>
                <![CDATA[public void com.mitthsb.qa.testcases.EkonomiPageTest.InformationIconCashFlowGraphTest()]]>
              </value>
            </param>
          </params>
          <reporter-output>
          </reporter-output>
        </test-method> <!-- setUp -->
        <test-method status="PASS" signature="InformationIconCashFlowGraphTest()[pri:0, instance:com.mitthsb.qa.testcases.EkonomiPageTest@2cbb3d47]" name="InformationIconCashFlowGraphTest" duration-ms="289" started-at="2019-11-06T10:52:50Z" description="Verify the information icon on Cashflow graph is showing the right information" finished-at="2019-11-06T10:52:50Z">
          <reporter-output>
          </reporter-output>
        </test-method> <!-- InformationIconCashFlowGraphTest -->
        <test-method status="PASS" signature="tearDown()[pri:0, instance:com.mitthsb.qa.testcases.EkonomiPageTest@2cbb3d47]" name="tearDown" is-config="true" duration-ms="984" started-at="2019-11-06T10:52:50Z" finished-at="2019-11-06T10:52:51Z">
          <reporter-output>
          </reporter-output>
        </test-method> <!-- tearDown -->
        <test-method status="PASS" signature="setUp(java.lang.reflect.Method)[pri:0, instance:com.mitthsb.qa.testcases.EkonomiPageTest@2cbb3d47]" name="setUp" is-config="true" duration-ms="23518" started-at="2019-11-06T10:52:51Z" finished-at="2019-11-06T10:53:15Z">
          <params>
            <param index="0">
              <value>
                <![CDATA[public void com.mitthsb.qa.testcases.EkonomiPageTest.InformationIconDisponiBeltGraphTest()]]>
              </value>
            </param>
          </params>
          <reporter-output>
          </reporter-output>
        </test-method> <!-- setUp -->
        <test-method status="PASS" signature="InformationIconDisponiBeltGraphTest()[pri:0, instance:com.mitthsb.qa.testcases.EkonomiPageTest@2cbb3d47]" name="InformationIconDisponiBeltGraphTest" duration-ms="241" started-at="2019-11-06T10:53:15Z" description="Verify the information icon on DisponiBelt graph is showing the right informatio " finished-at="2019-11-06T10:53:15Z">
          <reporter-output>
          </reporter-output>
        </test-method> <!-- InformationIconDisponiBeltGraphTest -->
        <test-method status="PASS" signature="tearDown()[pri:0, instance:com.mitthsb.qa.testcases.EkonomiPageTest@2cbb3d47]" name="tearDown" is-config="true" duration-ms="986" started-at="2019-11-06T10:53:15Z" finished-at="2019-11-06T10:53:16Z">
          <reporter-output>
          </reporter-output>
        </test-method> <!-- tearDown -->
        <test-method status="PASS" signature="setUp(java.lang.reflect.Method)[pri:0, instance:com.mitthsb.qa.testcases.EkonomiPageTest@2cbb3d47]" name="setUp" is-config="true" duration-ms="24574" started-at="2019-11-06T10:53:16Z" finished-at="2019-11-06T10:53:40Z">
          <params>
            <param index="0">
              <value>
                <![CDATA[public void com.mitthsb.qa.testcases.EkonomiPageTest.InformationIconLikvidaMedelGraphTest()]]>
              </value>
            </param>
          </params>
          <reporter-output>
          </reporter-output>
        </test-method> <!-- setUp -->
        <test-method status="PASS" signature="InformationIconLikvidaMedelGraphTest()[pri:0, instance:com.mitthsb.qa.testcases.EkonomiPageTest@2cbb3d47]" name="InformationIconLikvidaMedelGraphTest" duration-ms="221" started-at="2019-11-06T10:53:40Z" description="Verify the information icon on LikvidaMedel graph is showing the right informatio " finished-at="2019-11-06T10:53:41Z">
          <reporter-output>
          </reporter-output>
        </test-method> <!-- InformationIconLikvidaMedelGraphTest -->
        <test-method status="PASS" signature="tearDown()[pri:0, instance:com.mitthsb.qa.testcases.EkonomiPageTest@2cbb3d47]" name="tearDown" is-config="true" duration-ms="1113" started-at="2019-11-06T10:53:41Z" finished-at="2019-11-06T10:53:42Z">
          <reporter-output>
          </reporter-output>
        </test-method> <!-- tearDown -->
        <test-method status="PASS" signature="setUp(java.lang.reflect.Method)[pri:0, instance:com.mitthsb.qa.testcases.EkonomiPageTest@2cbb3d47]" name="setUp" is-config="true" duration-ms="25375" started-at="2019-11-06T10:53:42Z" finished-at="2019-11-06T10:54:07Z">
          <params>
            <param index="0">
              <value>
                <![CDATA[public void com.mitthsb.qa.testcases.EkonomiPageTest.InformationIconRapportGenvagarFrameTest()]]>
              </value>
            </param>
          </params>
          <reporter-output>
          </reporter-output>
        </test-method> <!-- setUp -->
        <test-method status="PASS" signature="InformationIconRapportGenvagarFrameTest()[pri:0, instance:com.mitthsb.qa.testcases.EkonomiPageTest@2cbb3d47]" name="InformationIconRapportGenvagarFrameTest" duration-ms="222" started-at="2019-11-06T10:54:07Z" description="Verify the information icon on RapportGenvagar graph is showing the right informatio " finished-at="2019-11-06T10:54:07Z">
          <reporter-output>
          </reporter-output>
        </test-method> <!-- InformationIconRapportGenvagarFrameTest -->
        <test-method status="PASS" signature="tearDown()[pri:0, instance:com.mitthsb.qa.testcases.EkonomiPageTest@2cbb3d47]" name="tearDown" is-config="true" duration-ms="1013" started-at="2019-11-06T10:54:07Z" finished-at="2019-11-06T10:54:08Z">
          <reporter-output>
          </reporter-output>
        </test-method> <!-- tearDown -->
        <test-method status="PASS" signature="setUp(java.lang.reflect.Method)[pri:0, instance:com.mitthsb.qa.testcases.EkonomiPageTest@2cbb3d47]" name="setUp" is-config="true" duration-ms="23608" started-at="2019-11-06T10:54:08Z" finished-at="2019-11-06T10:54:32Z">
          <params>
            <param index="0">
              <value>
                <![CDATA[public void com.mitthsb.qa.testcases.EkonomiPageTest.accountsReceivablesGraphEkonomiPageTest()]]>
              </value>
            </param>
          </params>
          <reporter-output>
          </reporter-output>
        </test-method> <!-- setUp -->
        <test-method status="PASS" signature="accountsReceivablesGraphEkonomiPageTest()[pri:0, instance:com.mitthsb.qa.testcases.EkonomiPageTest@2cbb3d47]" name="accountsReceivablesGraphEkonomiPageTest" duration-ms="18" started-at="2019-11-06T10:54:32Z" description="Verify that Ekonomi graph is displayed or not" finished-at="2019-11-06T10:54:32Z">
          <reporter-output>
          </reporter-output>
        </test-method> <!-- accountsReceivablesGraphEkonomiPageTest -->
        <test-method status="PASS" signature="tearDown()[pri:0, instance:com.mitthsb.qa.testcases.EkonomiPageTest@2cbb3d47]" name="tearDown" is-config="true" duration-ms="944" started-at="2019-11-06T10:54:32Z" finished-at="2019-11-06T10:54:33Z">
          <reporter-output>
          </reporter-output>
        </test-method> <!-- tearDown -->
        <test-method status="PASS" signature="setUp(java.lang.reflect.Method)[pri:0, instance:com.mitthsb.qa.testcases.EkonomiPageTest@2cbb3d47]" name="setUp" is-config="true" duration-ms="35412" started-at="2019-11-06T10:54:33Z" finished-at="2019-11-06T10:55:08Z">
          <params>
            <param index="0">
              <value>
                <![CDATA[public void com.mitthsb.qa.testcases.EkonomiPageTest.allaFakturorListItemTest()]]>
              </value>
            </param>
          </params>
          <reporter-output>
          </reporter-output>
        </test-method> <!-- setUp -->
        <test-method status="PASS" signature="allaFakturorListItemTest()[pri:0, instance:com.mitthsb.qa.testcases.EkonomiPageTest@2cbb3d47]" name="allaFakturorListItemTest" duration-ms="5623" started-at="2019-11-06T10:55:08Z" description="Verify the list item AllaFakturor is redirecting to proper page or not" finished-at="2019-11-06T10:55:14Z">
          <reporter-output>
          </reporter-output>
        </test-method> <!-- allaFakturorListItemTest -->
        <test-method status="PASS" signature="tearDown()[pri:0, instance:com.mitthsb.qa.testcases.EkonomiPageTest@2cbb3d47]" name="tearDown" is-config="true" duration-ms="852" started-at="2019-11-06T10:55:14Z" finished-at="2019-11-06T10:55:15Z">
          <reporter-output>
          </reporter-output>
        </test-method> <!-- tearDown -->
        <test-method status="PASS" signature="setUp(java.lang.reflect.Method)[pri:0, instance:com.mitthsb.qa.testcases.EkonomiPageTest@2cbb3d47]" name="setUp" is-config="true" duration-ms="24851" started-at="2019-11-06T10:55:15Z" finished-at="2019-11-06T10:55:40Z">
          <params>
            <param index="0">
              <value>
                <![CDATA[public void com.mitthsb.qa.testcases.EkonomiPageTest.cashFlowGraphEkonomiPageTest()]]>
              </value>
            </param>
          </params>
          <reporter-output>
          </reporter-output>
        </test-method> <!-- setUp -->
        <test-method status="PASS" signature="cashFlowGraphEkonomiPageTest()[pri:0, instance:com.mitthsb.qa.testcases.EkonomiPageTest@2cbb3d47]" name="cashFlowGraphEkonomiPageTest" duration-ms="40" started-at="2019-11-06T10:55:40Z" description="Verify that CashFlow graph is displayed or not" finished-at="2019-11-06T10:55:40Z">
          <reporter-output>
          </reporter-output>
        </test-method> <!-- cashFlowGraphEkonomiPageTest -->
        <test-method status="PASS" signature="tearDown()[pri:0, instance:com.mitthsb.qa.testcases.EkonomiPageTest@2cbb3d47]" name="tearDown" is-config="true" duration-ms="1021" started-at="2019-11-06T10:55:40Z" finished-at="2019-11-06T10:55:41Z">
          <reporter-output>
          </reporter-output>
        </test-method> <!-- tearDown -->
        <test-method status="PASS" signature="setUp(java.lang.reflect.Method)[pri:0, instance:com.mitthsb.qa.testcases.EkonomiPageTest@2cbb3d47]" name="setUp" is-config="true" duration-ms="25303" started-at="2019-11-06T10:55:41Z" finished-at="2019-11-06T10:56:06Z">
          <params>
            <param index="0">
              <value>
                <![CDATA[public void com.mitthsb.qa.testcases.EkonomiPageTest.clickDigitalWebFakturaButtonTest()]]>
              </value>
            </param>
          </params>
          <reporter-output>
          </reporter-output>
        </test-method> <!-- setUp -->
        <test-method status="PASS" signature="clickDigitalWebFakturaButtonTest()[pri:0, instance:com.mitthsb.qa.testcases.EkonomiPageTest@2cbb3d47]" name="clickDigitalWebFakturaButtonTest" duration-ms="2115" started-at="2019-11-06T10:56:06Z" description="Verify that DigitalWebFakturor button is redirecting to the right page" finished-at="2019-11-06T10:56:08Z">
          <reporter-output>
          </reporter-output>
        </test-method> <!-- clickDigitalWebFakturaButtonTest -->
        <test-method status="PASS" signature="tearDown()[pri:0, instance:com.mitthsb.qa.testcases.EkonomiPageTest@2cbb3d47]" name="tearDown" is-config="true" duration-ms="1017" started-at="2019-11-06T10:56:08Z" finished-at="2019-11-06T10:56:09Z">
          <reporter-output>
          </reporter-output>
        </test-method> <!-- tearDown -->
        <test-method status="PASS" signature="setUp(java.lang.reflect.Method)[pri:0, instance:com.mitthsb.qa.testcases.EkonomiPageTest@2cbb3d47]" name="setUp" is-config="true" duration-ms="30559" started-at="2019-11-06T10:56:09Z" finished-at="2019-11-06T10:56:40Z">
          <params>
            <param index="0">
              <value>
                <![CDATA[public void com.mitthsb.qa.testcases.EkonomiPageTest.clicksaldoRapportGenvagarTest()]]>
              </value>
            </param>
          </params>
          <reporter-output>
          </reporter-output>
        </test-method> <!-- setUp -->
        <test-method status="PASS" signature="clicksaldoRapportGenvagarTest()[pri:0, instance:com.mitthsb.qa.testcases.EkonomiPageTest@2cbb3d47]" name="clicksaldoRapportGenvagarTest" duration-ms="4081" started-at="2019-11-06T10:56:40Z" description="Verify that Saldo Genvagar link is redirecting ot the right page" finished-at="2019-11-06T10:56:44Z">
          <reporter-output>
          </reporter-output>
        </test-method> <!-- clicksaldoRapportGenvagarTest -->
        <test-method status="PASS" signature="tearDown()[pri:0, instance:com.mitthsb.qa.testcases.EkonomiPageTest@2cbb3d47]" name="tearDown" is-config="true" duration-ms="1130" started-at="2019-11-06T10:56:44Z" finished-at="2019-11-06T10:56:45Z">
          <reporter-output>
          </reporter-output>
        </test-method> <!-- tearDown -->
        <test-method status="PASS" signature="setUp(java.lang.reflect.Method)[pri:0, instance:com.mitthsb.qa.testcases.EkonomiPageTest@2cbb3d47]" name="setUp" is-config="true" duration-ms="27684" started-at="2019-11-06T10:56:45Z" finished-at="2019-11-06T10:57:13Z">
          <params>
            <param index="0">
              <value>
                <![CDATA[public void com.mitthsb.qa.testcases.EkonomiPageTest.disponibelGraphEkonomiPageTest()]]>
              </value>
            </param>
          </params>
          <reporter-output>
          </reporter-output>
        </test-method> <!-- setUp -->
        <test-method status="PASS" signature="disponibelGraphEkonomiPageTest()[pri:0, instance:com.mitthsb.qa.testcases.EkonomiPageTest@2cbb3d47]" name="disponibelGraphEkonomiPageTest" duration-ms="39" started-at="2019-11-06T10:57:13Z" description="Verify that Disponible graph is displayed or not" finished-at="2019-11-06T10:57:13Z">
          <reporter-output>
          </reporter-output>
        </test-method> <!-- disponibelGraphEkonomiPageTest -->
        <test-method status="PASS" signature="tearDown()[pri:0, instance:com.mitthsb.qa.testcases.EkonomiPageTest@2cbb3d47]" name="tearDown" is-config="true" duration-ms="1060" started-at="2019-11-06T10:57:13Z" finished-at="2019-11-06T10:57:14Z">
          <reporter-output>
          </reporter-output>
        </test-method> <!-- tearDown -->
        <test-method status="PASS" signature="setUp(java.lang.reflect.Method)[pri:0, instance:com.mitthsb.qa.testcases.EkonomiPageTest@2cbb3d47]" name="setUp" is-config="true" duration-ms="26017" started-at="2019-11-06T10:57:14Z" finished-at="2019-11-06T10:57:40Z">
          <params>
            <param index="0">
              <value>
                <![CDATA[public void com.mitthsb.qa.testcases.EkonomiPageTest.ekonomiPageTitleTest()]]>
              </value>
            </param>
          </params>
          <reporter-output>
          </reporter-output>
        </test-method> <!-- setUp -->
        <test-method status="PASS" signature="ekonomiPageTitleTest()[pri:0, instance:com.mitthsb.qa.testcases.EkonomiPageTest@2cbb3d47]" name="ekonomiPageTitleTest" duration-ms="15" started-at="2019-11-06T10:57:40Z" description="Verify the title of ekonomiPage as Ekonomisk översikt - NOT FOR COMMERCIAL USE" finished-at="2019-11-06T10:57:40Z">
          <reporter-output>
          </reporter-output>
        </test-method> <!-- ekonomiPageTitleTest -->
        <test-method status="PASS" signature="tearDown()[pri:0, instance:com.mitthsb.qa.testcases.EkonomiPageTest@2cbb3d47]" name="tearDown" is-config="true" duration-ms="1051" started-at="2019-11-06T10:57:40Z" finished-at="2019-11-06T10:57:41Z">
          <reporter-output>
          </reporter-output>
        </test-method> <!-- tearDown -->
        <test-method status="PASS" signature="setUp(java.lang.reflect.Method)[pri:0, instance:com.mitthsb.qa.testcases.EkonomiPageTest@2cbb3d47]" name="setUp" is-config="true" duration-ms="37553" started-at="2019-11-06T10:57:41Z" finished-at="2019-11-06T10:58:18Z">
          <params>
            <param index="0">
              <value>
                <![CDATA[public void com.mitthsb.qa.testcases.EkonomiPageTest.finansiellaRapporterTest()]]>
              </value>
            </param>
          </params>
          <reporter-output>
          </reporter-output>
        </test-method> <!-- setUp -->
        <test-method status="PASS" signature="finansiellaRapporterTest()[pri:0, instance:com.mitthsb.qa.testcases.EkonomiPageTest@2cbb3d47]" name="finansiellaRapporterTest" duration-ms="7316" started-at="2019-11-06T10:58:18Z" description="Verify the list item FinansiellaRapport is redirecting to proper page or not" finished-at="2019-11-06T10:58:26Z">
          <reporter-output>
          </reporter-output>
        </test-method> <!-- finansiellaRapporterTest -->
        <test-method status="PASS" signature="tearDown()[pri:0, instance:com.mitthsb.qa.testcases.EkonomiPageTest@2cbb3d47]" name="tearDown" is-config="true" duration-ms="883" started-at="2019-11-06T10:58:26Z" finished-at="2019-11-06T10:58:27Z">
          <reporter-output>
          </reporter-output>
        </test-method> <!-- tearDown -->
        <test-method status="PASS" signature="setUp(java.lang.reflect.Method)[pri:0, instance:com.mitthsb.qa.testcases.EkonomiPageTest@2cbb3d47]" name="setUp" is-config="true" duration-ms="40591" started-at="2019-11-06T10:58:27Z" finished-at="2019-11-06T10:59:07Z">
          <params>
            <param index="0">
              <value>
                <![CDATA[public void com.mitthsb.qa.testcases.EkonomiPageTest.likvidaMedelGraphEkonomiPageTest()]]>
              </value>
            </param>
          </params>
          <reporter-output>
          </reporter-output>
        </test-method> <!-- setUp -->
        <test-method status="PASS" signature="likvidaMedelGraphEkonomiPageTest()[pri:0, instance:com.mitthsb.qa.testcases.EkonomiPageTest@2cbb3d47]" name="likvidaMedelGraphEkonomiPageTest" duration-ms="25" started-at="2019-11-06T10:59:07Z" description="Verify that likvida Medel graph is displayed or not" finished-at="2019-11-06T10:59:07Z">
          <reporter-output>
          </reporter-output>
        </test-method> <!-- likvidaMedelGraphEkonomiPageTest -->
        <test-method status="PASS" signature="tearDown()[pri:0, instance:com.mitthsb.qa.testcases.EkonomiPageTest@2cbb3d47]" name="tearDown" is-config="true" duration-ms="1171" started-at="2019-11-06T10:59:07Z" finished-at="2019-11-06T10:59:08Z">
          <reporter-output>
          </reporter-output>
        </test-method> <!-- tearDown -->
        <test-method status="PASS" signature="setUp(java.lang.reflect.Method)[pri:0, instance:com.mitthsb.qa.testcases.EkonomiPageTest@2cbb3d47]" name="setUp" is-config="true" duration-ms="26785" started-at="2019-11-06T10:59:08Z" finished-at="2019-11-06T10:59:35Z">
          <params>
            <param index="0">
              <value>
                <![CDATA[public void com.mitthsb.qa.testcases.EkonomiPageTest.reportGenvagarDisplayTest()]]>
              </value>
            </param>
          </params>
          <reporter-output>
          </reporter-output>
        </test-method> <!-- setUp -->
        <test-method status="PASS" signature="reportGenvagarDisplayTest()[pri:0, instance:com.mitthsb.qa.testcases.EkonomiPageTest@2cbb3d47]" name="reportGenvagarDisplayTest" duration-ms="381" started-at="2019-11-06T10:59:35Z" description="Verify the display of 5 genvagars in ekonomi page" finished-at="2019-11-06T10:59:36Z">
          <reporter-output>
          </reporter-output>
        </test-method> <!-- reportGenvagarDisplayTest -->
        <test-method status="PASS" signature="tearDown()[pri:0, instance:com.mitthsb.qa.testcases.EkonomiPageTest@2cbb3d47]" name="tearDown" is-config="true" duration-ms="1049" started-at="2019-11-06T10:59:36Z" finished-at="2019-11-06T10:59:37Z">
          <reporter-output>
          </reporter-output>
        </test-method> <!-- tearDown -->
        <test-method status="PASS" signature="setUp(java.lang.reflect.Method)[pri:0, instance:com.mitthsb.qa.testcases.EkonomiPageTest@2cbb3d47]" name="setUp" is-config="true" duration-ms="26239" started-at="2019-11-06T10:59:37Z" finished-at="2019-11-06T11:00:03Z">
          <params>
            <param index="0">
              <value>
                <![CDATA[public void com.mitthsb.qa.testcases.EkonomiPageTest.saldoRapportLinkTest()]]>
              </value>
            </param>
          </params>
          <reporter-output>
          </reporter-output>
        </test-method> <!-- setUp -->
        <test-method status="PASS" signature="saldoRapportLinkTest()[pri:0, instance:com.mitthsb.qa.testcases.EkonomiPageTest@2cbb3d47]" name="saldoRapportLinkTest" duration-ms="2792" started-at="2019-11-06T11:00:03Z" description="Verify whether click on any Genvagar is redirecting to the right rapport page" finished-at="2019-11-06T11:00:06Z">
          <reporter-output>
          </reporter-output>
        </test-method> <!-- saldoRapportLinkTest -->
        <test-method status="PASS" signature="tearDown()[pri:0, instance:com.mitthsb.qa.testcases.EkonomiPageTest@2cbb3d47]" name="tearDown" is-config="true" duration-ms="1082" started-at="2019-11-06T11:00:06Z" finished-at="2019-11-06T11:00:07Z">
          <reporter-output>
          </reporter-output>
        </test-method> <!-- tearDown -->
        <test-method status="FAIL" signature="setUp(java.lang.reflect.Method)[pri:0, instance:com.mitthsb.qa.testcases.EkonomiPageTest@2cbb3d47]" name="setUp" is-config="true" duration-ms="61284" started-at="2019-11-06T11:00:07Z" finished-at="2019-11-06T11:01:08Z">
          <params>
            <param index="0">
              <value>
                <![CDATA[public void com.mitthsb.qa.testcases.EkonomiPageTest.validateAllaFakturorListItemTest()]]>
              </value>
            </param>
          </params>
          <exception class="org.openqa.selenium.WebDriverException">
            <message>
              <![CDATA[chrome not reachable
Build info: version: '3.14.0', revision: 'aacccce0', time: '2018-08-02T20:19:58.91Z'
System info: host: 'LNOR070828', ip: '10.225.99.146', os.name: 'Windows 10', os.arch: 'amd64', os.version: '10.0', java.version: '1.8.0_221'
Driver info: driver.version: ChromeDriver
remote stacktrace: Backtrace:
	Ordinal0 [0x00F37C53+1473619]
	Ordinal0 [0x00EBAD71+961905]
	Ordinal0 [0x00E4415C+475484]
	Ordinal0 [0x00E3D997+448919]
	Ordinal0 [0x00DDF007+61447]
	Ordinal0 [0x00DDBC77+48247]
	Ordinal0 [0x00DF9149+168265]
	Ordinal0 [0x00DF8D1D+167197]
	Ordinal0 [0x00DF742B+160811]
	Ordinal0 [0x00DE0AE6+68326]
	Ordinal0 [0x00DE1BF0+72688]
	Ordinal0 [0x00DE1B89+72585]
	Ordinal0 [0x00ED4B37+1067831]
	GetHandleVerifier [0x00FD6845+506677]
	GetHandleVerifier [0x00FD65E0+506064]
	GetHandleVerifier [0x00FDD188+533624]
	GetHandleVerifier [0x00FD701A+508682]
	Ordinal0 [0x00ECC226+1032742]
	Ordinal0 [0x00ECC09F+1032351]
	Ordinal0 [0x00ED6A4B+1075787]
	Ordinal0 [0x00ED6BB3+1076147]
	Ordinal0 [0x00ED5B65+1071973]
	BaseThreadInitThunk [0x771F0419+25]
	RtlGetAppContainerNamedObjectPath [0x775B662D+237]
	RtlGetAppContainerNamedObjectPath [0x775B65FD+189]
]]>
            </message>
            <full-stacktrace>
              <![CDATA[org.openqa.selenium.WebDriverException: chrome not reachable
Build info: version: '3.14.0', revision: 'aacccce0', time: '2018-08-02T20:19:58.91Z'
System info: host: 'LNOR070828', ip: '10.225.99.146', os.name: 'Windows 10', os.arch: 'amd64', os.version: '10.0', java.version: '1.8.0_221'
Driver info: driver.version: ChromeDriver
remote stacktrace: Backtrace:
	Ordinal0 [0x00F37C53+1473619]
	Ordinal0 [0x00EBAD71+961905]
	Ordinal0 [0x00E4415C+475484]
	Ordinal0 [0x00E3D997+448919]
	Ordinal0 [0x00DDF007+61447]
	Ordinal0 [0x00DDBC77+48247]
	Ordinal0 [0x00DF9149+168265]
	Ordinal0 [0x00DF8D1D+167197]
	Ordinal0 [0x00DF742B+160811]
	Ordinal0 [0x00DE0AE6+68326]
	Ordinal0 [0x00DE1BF0+72688]
	Ordinal0 [0x00DE1B89+72585]
	Ordinal0 [0x00ED4B37+1067831]
	GetHandleVerifier [0x00FD6845+506677]
	GetHandleVerifier [0x00FD65E0+506064]
	GetHandleVerifier [0x00FDD188+533624]
	GetHandleVerifier [0x00FD701A+508682]
	Ordinal0 [0x00ECC226+1032742]
	Ordinal0 [0x00ECC09F+1032351]
	Ordinal0 [0x00ED6A4B+1075787]
	Ordinal0 [0x00ED6BB3+1076147]
	Ordinal0 [0x00ED5B65+1071973]
	BaseThreadInitThunk [0x771F0419+25]
	RtlGetAppContainerNamedObjectPath [0x775B662D+237]
	RtlGetAppContainerNamedObjectPath [0x775B65FD+189]

	at sun.reflect.NativeConstructorAccessorImpl.newInstance0(Native Method)
	at sun.reflect.NativeConstructorAccessorImpl.newInstance(Unknown Source)
	at sun.reflect.DelegatingConstructorAccessorImpl.newInstance(Unknown Source)
	at java.lang.reflect.Constructor.newInstance(Unknown Source)
	at org.openqa.selenium.remote.W3CHandshakeResponse.lambda$new$0(W3CHandshakeResponse.java:57)
	at org.openqa.selenium.remote.W3CHandshakeResponse.lambda$getResponseFunction$2(W3CHandshakeResponse.java:104)
	at org.openqa.selenium.remote.ProtocolHandshake.lambda$createSession$0(ProtocolHandshake.java:122)
	at java.util.stream.ReferencePipeline$3$1.accept(Unknown Source)
	at java.util.Spliterators$ArraySpliterator.tryAdvance(Unknown Source)
	at java.util.stream.ReferencePipeline.forEachWithCancel(Unknown Source)
	at java.util.stream.AbstractPipeline.copyIntoWithCancel(Unknown Source)
	at java.util.stream.AbstractPipeline.copyInto(Unknown Source)
	at java.util.stream.AbstractPipeline.wrapAndCopyInto(Unknown Source)
	at java.util.stream.FindOps$FindOp.evaluateSequential(Unknown Source)
	at java.util.stream.AbstractPipeline.evaluate(Unknown Source)
	at java.util.stream.ReferencePipeline.findFirst(Unknown Source)
	at org.openqa.selenium.remote.ProtocolHandshake.createSession(ProtocolHandshake.java:125)
	at org.openqa.selenium.remote.ProtocolHandshake.createSession(ProtocolHandshake.java:73)
	at org.openqa.selenium.remote.HttpCommandExecutor.execute(HttpCommandExecutor.java:136)
	at org.openqa.selenium.remote.service.DriverCommandExecutor.execute(DriverCommandExecutor.java:83)
	at org.openqa.selenium.remote.RemoteWebDriver.execute(RemoteWebDriver.java:548)
	at org.openqa.selenium.remote.RemoteWebDriver.startSession(RemoteWebDriver.java:212)
	at org.openqa.selenium.remote.RemoteWebDriver.<init>(RemoteWebDriver.java:130)
	at org.openqa.selenium.chrome.ChromeDriver.<init>(ChromeDriver.java:181)
	at org.openqa.selenium.chrome.ChromeDriver.<init>(ChromeDriver.java:168)
	at org.openqa.selenium.chrome.ChromeDriver.<init>(ChromeDriver.java:123)
	at com.mitthsb.qa.base.TestBase.initialization(TestBase.java:63)
	at com.mitthsb.qa.testcases.EkonomiPageTest.setUp(EkonomiPageTest.java:52)
	at sun.reflect.NativeMethodAccessorImpl.invoke0(Native Method)
	at sun.reflect.NativeMethodAccessorImpl.invoke(Unknown Source)
	at sun.reflect.DelegatingMethodAccessorImpl.invoke(Unknown Source)
	at java.lang.reflect.Method.invoke(Unknown Source)
	at org.testng.internal.MethodInvocationHelper.invokeMethod(MethodInvocationHelper.java:108)
	at org.testng.internal.Invoker.invokeConfigurationMethod(Invoker.java:523)
	at org.testng.internal.Invoker.invokeConfigurations(Invoker.java:224)
	at org.testng.internal.Invoker.invokeMethod(Invoker.java:599)
	at org.testng.internal.Invoker.invokeTestMethod(Invoker.java:869)
	at org.testng.internal.Invoker.invokeTestMethods(Invoker.java:1193)
	at org.testng.internal.TestMethodWorker.invokeTestMethods(TestMethodWorker.java:126)
	at org.testng.internal.TestMethodWorker.run(TestMethodWorker.java:109)
	at org.testng.TestRunner.privateRun(TestRunner.java:744)
	at org.testng.TestRunner.run(TestRunner.java:602)
	at org.testng.SuiteRunner.runTest(SuiteRunner.java:380)
	at org.testng.SuiteRunner.runSequentially(SuiteRunner.java:375)
	at org.testng.SuiteRunner.privateRun(SuiteRunner.java:340)
	at org.testng.SuiteRunner.run(SuiteRunner.java:289)
	at org.testng.SuiteRunnerWorker.runSuite(SuiteRunnerWorker.java:52)
	at org.testng.SuiteRunnerWorker.run(SuiteRunnerWorker.java:86)
	at org.testng.TestNG.runSuitesSequentially(TestNG.java:1301)
	at org.testng.TestNG.runSuitesLocally(TestNG.java:1226)
	at org.testng.TestNG.runSuites(TestNG.java:1144)
	at org.testng.TestNG.run(TestNG.java:1115)
	at org.testng.remote.AbstractRemoteTestNG.run(AbstractRemoteTestNG.java:115)
	at org.testng.remote.RemoteTestNG.initAndRun(RemoteTestNG.java:251)
	at org.testng.remote.RemoteTestNG.main(RemoteTestNG.java:77)
]]>
            </full-stacktrace>
          </exception> <!-- org.openqa.selenium.WebDriverException -->
          <reporter-output>
          </reporter-output>
        </test-method> <!-- setUp -->
        <test-method status="SKIP" signature="validateAllaFakturorListItemTest()[pri:0, instance:com.mitthsb.qa.testcases.EkonomiPageTest@2cbb3d47]" name="validateAllaFakturorListItemTest" duration-ms="0" started-at="2019-11-06T11:01:08Z" description="Verify the list item AllFaktuor is displayed or not" finished-at="2019-11-06T11:01:08Z">
          <exception class="org.openqa.selenium.WebDriverException">
            <message>
              <![CDATA[chrome not reachable
Build info: version: '3.14.0', revision: 'aacccce0', time: '2018-08-02T20:19:58.91Z'
System info: host: 'LNOR070828', ip: '10.225.99.146', os.name: 'Windows 10', os.arch: 'amd64', os.version: '10.0', java.version: '1.8.0_221'
Driver info: driver.version: ChromeDriver
remote stacktrace: Backtrace:
	Ordinal0 [0x00F37C53+1473619]
	Ordinal0 [0x00EBAD71+961905]
	Ordinal0 [0x00E4415C+475484]
	Ordinal0 [0x00E3D997+448919]
	Ordinal0 [0x00DDF007+61447]
	Ordinal0 [0x00DDBC77+48247]
	Ordinal0 [0x00DF9149+168265]
	Ordinal0 [0x00DF8D1D+167197]
	Ordinal0 [0x00DF742B+160811]
	Ordinal0 [0x00DE0AE6+68326]
	Ordinal0 [0x00DE1BF0+72688]
	Ordinal0 [0x00DE1B89+72585]
	Ordinal0 [0x00ED4B37+1067831]
	GetHandleVerifier [0x00FD6845+506677]
	GetHandleVerifier [0x00FD65E0+506064]
	GetHandleVerifier [0x00FDD188+533624]
	GetHandleVerifier [0x00FD701A+508682]
	Ordinal0 [0x00ECC226+1032742]
	Ordinal0 [0x00ECC09F+1032351]
	Ordinal0 [0x00ED6A4B+1075787]
	Ordinal0 [0x00ED6BB3+1076147]
	Ordinal0 [0x00ED5B65+1071973]
	BaseThreadInitThunk [0x771F0419+25]
	RtlGetAppContainerNamedObjectPath [0x775B662D+237]
	RtlGetAppContainerNamedObjectPath [0x775B65FD+189]
]]>
            </message>
            <full-stacktrace>
              <![CDATA[org.openqa.selenium.WebDriverException: chrome not reachable
Build info: version: '3.14.0', revision: 'aacccce0', time: '2018-08-02T20:19:58.91Z'
System info: host: 'LNOR070828', ip: '10.225.99.146', os.name: 'Windows 10', os.arch: 'amd64', os.version: '10.0', java.version: '1.8.0_221'
Driver info: driver.version: ChromeDriver
remote stacktrace: Backtrace:
	Ordinal0 [0x00F37C53+1473619]
	Ordinal0 [0x00EBAD71+961905]
	Ordinal0 [0x00E4415C+475484]
	Ordinal0 [0x00E3D997+448919]
	Ordinal0 [0x00DDF007+61447]
	Ordinal0 [0x00DDBC77+48247]
	Ordinal0 [0x00DF9149+168265]
	Ordinal0 [0x00DF8D1D+167197]
	Ordinal0 [0x00DF742B+160811]
	Ordinal0 [0x00DE0AE6+68326]
	Ordinal0 [0x00DE1BF0+72688]
	Ordinal0 [0x00DE1B89+72585]
	Ordinal0 [0x00ED4B37+1067831]
	GetHandleVerifier [0x00FD6845+506677]
	GetHandleVerifier [0x00FD65E0+506064]
	GetHandleVerifier [0x00FDD188+533624]
	GetHandleVerifier [0x00FD701A+508682]
	Ordinal0 [0x00ECC226+1032742]
	Ordinal0 [0x00ECC09F+1032351]
	Ordinal0 [0x00ED6A4B+1075787]
	Ordinal0 [0x00ED6BB3+1076147]
	Ordinal0 [0x00ED5B65+1071973]
	BaseThreadInitThunk [0x771F0419+25]
	RtlGetAppContainerNamedObjectPath [0x775B662D+237]
	RtlGetAppContainerNamedObjectPath [0x775B65FD+189]

	at sun.reflect.NativeConstructorAccessorImpl.newInstance0(Native Method)
	at sun.reflect.NativeConstructorAccessorImpl.newInstance(Unknown Source)
	at sun.reflect.DelegatingConstructorAccessorImpl.newInstance(Unknown Source)
	at java.lang.reflect.Constructor.newInstance(Unknown Source)
	at org.openqa.selenium.remote.W3CHandshakeResponse.lambda$new$0(W3CHandshakeResponse.java:57)
	at org.openqa.selenium.remote.W3CHandshakeResponse.lambda$getResponseFunction$2(W3CHandshakeResponse.java:104)
	at org.openqa.selenium.remote.ProtocolHandshake.lambda$createSession$0(ProtocolHandshake.java:122)
	at java.util.stream.ReferencePipeline$3$1.accept(Unknown Source)
	at java.util.Spliterators$ArraySpliterator.tryAdvance(Unknown Source)
	at java.util.stream.ReferencePipeline.forEachWithCancel(Unknown Source)
	at java.util.stream.AbstractPipeline.copyIntoWithCancel(Unknown Source)
	at java.util.stream.AbstractPipeline.copyInto(Unknown Source)
	at java.util.stream.AbstractPipeline.wrapAndCopyInto(Unknown Source)
	at java.util.stream.FindOps$FindOp.evaluateSequential(Unknown Source)
	at java.util.stream.AbstractPipeline.evaluate(Unknown Source)
	at java.util.stream.ReferencePipeline.findFirst(Unknown Source)
	at org.openqa.selenium.remote.ProtocolHandshake.createSession(ProtocolHandshake.java:125)
	at org.openqa.selenium.remote.ProtocolHandshake.createSession(ProtocolHandshake.java:73)
	at org.openqa.selenium.remote.HttpCommandExecutor.execute(HttpCommandExecutor.java:136)
	at org.openqa.selenium.remote.service.DriverCommandExecutor.execute(DriverCommandExecutor.java:83)
	at org.openqa.selenium.remote.RemoteWebDriver.execute(RemoteWebDriver.java:548)
	at org.openqa.selenium.remote.RemoteWebDriver.startSession(RemoteWebDriver.java:212)
	at org.openqa.selenium.remote.RemoteWebDriver.<init>(RemoteWebDriver.java:130)
	at org.openqa.selenium.chrome.ChromeDriver.<init>(ChromeDriver.java:181)
	at org.openqa.selenium.chrome.ChromeDriver.<init>(ChromeDriver.java:168)
	at org.openqa.selenium.chrome.ChromeDriver.<init>(ChromeDriver.java:123)
	at com.mitthsb.qa.base.TestBase.initialization(TestBase.java:63)
	at com.mitthsb.qa.testcases.EkonomiPageTest.setUp(EkonomiPageTest.java:52)
	at sun.reflect.NativeMethodAccessorImpl.invoke0(Native Method)
	at sun.reflect.NativeMethodAccessorImpl.invoke(Unknown Source)
	at sun.reflect.DelegatingMethodAccessorImpl.invoke(Unknown Source)
	at java.lang.reflect.Method.invoke(Unknown Source)
	at org.testng.internal.MethodInvocationHelper.invokeMethod(MethodInvocationHelper.java:108)
	at org.testng.internal.Invoker.invokeConfigurationMethod(Invoker.java:523)
	at org.testng.internal.Invoker.invokeConfigurations(Invoker.java:224)
	at org.testng.internal.Invoker.invokeMethod(Invoker.java:599)
	at org.testng.internal.Invoker.invokeTestMethod(Invoker.java:869)
	at org.testng.internal.Invoker.invokeTestMethods(Invoker.java:1193)
	at org.testng.internal.TestMethodWorker.invokeTestMethods(TestMethodWorker.java:126)
	at org.testng.internal.TestMethodWorker.run(TestMethodWorker.java:109)
	at org.testng.TestRunner.privateRun(TestRunner.java:744)
	at org.testng.TestRunner.run(TestRunner.java:602)
	at org.testng.SuiteRunner.runTest(SuiteRunner.java:380)
	at org.testng.SuiteRunner.runSequentially(SuiteRunner.java:375)
	at org.testng.SuiteRunner.privateRun(SuiteRunner.java:340)
	at org.testng.SuiteRunner.run(SuiteRunner.java:289)
	at org.testng.SuiteRunnerWorker.runSuite(SuiteRunnerWorker.java:52)
	at org.testng.SuiteRunnerWorker.run(SuiteRunnerWorker.java:86)
	at org.testng.TestNG.runSuitesSequentially(TestNG.java:1301)
	at org.testng.TestNG.runSuitesLocally(TestNG.java:1226)
	at org.testng.TestNG.runSuites(TestNG.java:1144)
	at org.testng.TestNG.run(TestNG.java:1115)
	at org.testng.remote.AbstractRemoteTestNG.run(AbstractRemoteTestNG.java:115)
	at org.testng.remote.RemoteTestNG.initAndRun(RemoteTestNG.java:251)
	at org.testng.remote.RemoteTestNG.main(RemoteTestNG.java:77)
]]>
            </full-stacktrace>
          </exception> <!-- org.openqa.selenium.WebDriverException -->
          <reporter-output>
          </reporter-output>
        </test-method> <!-- validateAllaFakturorListItemTest -->
        <test-method status="PASS" signature="setUp(java.lang.reflect.Method)[pri:0, instance:com.mitthsb.qa.testcases.EkonomiPageTest@2cbb3d47]" name="setUp" is-config="true" duration-ms="25302" started-at="2019-11-06T11:01:08Z" finished-at="2019-11-06T11:01:33Z">
          <params>
            <param index="0">
              <value>
                <![CDATA[public void com.mitthsb.qa.testcases.EkonomiPageTest.validateFinansiellaRapportListItemTest()]]>
              </value>
            </param>
          </params>
          <reporter-output>
          </reporter-output>
        </test-method> <!-- setUp -->
        <test-method status="PASS" signature="validateFinansiellaRapportListItemTest()[pri:0, instance:com.mitthsb.qa.testcases.EkonomiPageTest@2cbb3d47]" name="validateFinansiellaRapportListItemTest" duration-ms="29" started-at="2019-11-06T11:01:33Z" description="Verify the list item Finansiella Rappport is displayed or not" finished-at="2019-11-06T11:01:33Z">
          <reporter-output>
          </reporter-output>
        </test-method> <!-- validateFinansiellaRapportListItemTest -->
        <test-method status="PASS" signature="tearDown()[pri:0, instance:com.mitthsb.qa.testcases.EkonomiPageTest@2cbb3d47]" name="tearDown" is-config="true" duration-ms="1045" started-at="2019-11-06T11:01:33Z" finished-at="2019-11-06T11:01:35Z">
          <reporter-output>
          </reporter-output>
        </test-method> <!-- tearDown -->
        <test-method status="PASS" signature="setUp(java.lang.reflect.Method)[pri:0, instance:com.mitthsb.qa.testcases.EkonomiPageTest@2cbb3d47]" name="setUp" is-config="true" duration-ms="28895" started-at="2019-11-06T11:01:35Z" finished-at="2019-11-06T11:02:03Z">
          <params>
            <param index="0">
              <value>
                <![CDATA[public void com.mitthsb.qa.testcases.EkonomiPageTest.validatesaldoRapportTest()]]>
              </value>
            </param>
          </params>
          <reporter-output>
          </reporter-output>
        </test-method> <!-- setUp -->
        <test-method status="PASS" signature="validatesaldoRapportTest()[pri:0, instance:com.mitthsb.qa.testcases.EkonomiPageTest@2cbb3d47]" name="validatesaldoRapportTest" duration-ms="24" started-at="2019-11-06T11:02:03Z" description="Verify that saldo Rapport Genvagar is displayed or not" finished-at="2019-11-06T11:02:03Z">
          <reporter-output>
          </reporter-output>
        </test-method> <!-- validatesaldoRapportTest -->
        <test-method status="PASS" signature="tearDown()[pri:0, instance:com.mitthsb.qa.testcases.EkonomiPageTest@2cbb3d47]" name="tearDown" is-config="true" duration-ms="1033" started-at="2019-11-06T11:02:03Z" finished-at="2019-11-06T11:02:04Z">
          <reporter-output>
          </reporter-output>
        </test-method> <!-- tearDown -->
      </class> <!-- com.mitthsb.qa.testcases.EkonomiPageTest -->
    </test> <!-- MittHSBMittUppdragPages -->
  </suite> <!-- MittHSB -->
</testng-results>
