<?xml version="1.0" encoding="UTF-8"?>
<testng-results skipped="0" failed="0" ignored="17" total="18" passed="1">
  <reporter-output>
  </reporter-output>
  <suite name="MittHSB" duration-ms="27955" started-at="2019-10-29T13:47:48Z" finished-at="2019-10-29T13:48:16Z">
    <groups>
    </groups>
    <test name="MittHSBMittUppdragPages" duration-ms="27955" started-at="2019-10-29T13:47:48Z" finished-at="2019-10-29T13:48:16Z">
      <class name="com.mitthsb.qa.testcases.EkonomiPageTest">
        <test-method status="PASS" signature="setUp(java.lang.reflect.Method)[pri:0, instance:com.mitthsb.qa.testcases.EkonomiPageTest@7ea37dbf]" name="setUp" is-config="true" duration-ms="24407" started-at="2019-10-29T14:47:48Z" finished-at="2019-10-29T14:48:13Z">
          <params>
            <param index="0">
              <value>
                <![CDATA[public void com.mitthsb.qa.testcases.EkonomiPageTest.clickDigitalWebFakturaButtonTest()]]>
              </value>
            </param>
          </params>
          <reporter-output>
          </reporter-output>
        </test-method> <!-- setUp -->
        <test-method status="PASS" signature="clickDigitalWebFakturaButtonTest()[pri:0, instance:com.mitthsb.qa.testcases.EkonomiPageTest@7ea37dbf]" name="clickDigitalWebFakturaButtonTest" duration-ms="2662" started-at="2019-10-29T14:48:13Z" finished-at="2019-10-29T14:48:15Z">
          <reporter-output>
          </reporter-output>
        </test-method> <!-- clickDigitalWebFakturaButtonTest -->
        <test-method status="PASS" signature="tearDown()[pri:0, instance:com.mitthsb.qa.testcases.EkonomiPageTest@7ea37dbf]" name="tearDown" is-config="true" duration-ms="789" started-at="2019-10-29T14:48:15Z" finished-at="2019-10-29T14:48:16Z">
          <reporter-output>
          </reporter-output>
        </test-method> <!-- tearDown -->
      </class> <!-- com.mitthsb.qa.testcases.EkonomiPageTest -->
    </test> <!-- MittHSBMittUppdragPages -->
  </suite> <!-- MittHSB -->
</testng-results>
