<?xml version="1.0" encoding="UTF-8"?>
<testng-results skipped="0" failed="2" ignored="0" total="20" passed="18">
  <reporter-output>
  </reporter-output>
  <suite name="MittHSB" duration-ms="591327" started-at="2019-10-22T12:59:28Z" finished-at="2019-10-22T13:09:19Z">
    <groups>
    </groups>
    <test name="MittHSBMittUppdragPages" duration-ms="591327" started-at="2019-10-22T12:59:28Z" finished-at="2019-10-22T13:09:19Z">
      <class name="com.mitthsb.qa.testcases.HomePageTest">
        <test-method status="PASS" signature="setUp(java.lang.reflect.Method)[pri:0, instance:com.mitthsb.qa.testcases.HomePageTest@add0edd]" name="setUp" is-config="true" duration-ms="24586" started-at="2019-10-22T14:59:28Z" finished-at="2019-10-22T14:59:53Z">
          <params>
            <param index="0">
              <value>
                <![CDATA[public void com.mitthsb.qa.testcases.HomePageTest.EkonomiGenvagarLinkTest()]]>
              </value>
            </param>
          </params>
          <reporter-output>
          </reporter-output>
        </test-method> <!-- setUp -->
        <test-method status="PASS" signature="EkonomiGenvagarLinkTest()[pri:0, instance:com.mitthsb.qa.testcases.HomePageTest@add0edd]" name="EkonomiGenvagarLinkTest" duration-ms="3408" started-at="2019-10-22T14:59:53Z" finished-at="2019-10-22T14:59:56Z">
          <reporter-output>
          </reporter-output>
        </test-method> <!-- EkonomiGenvagarLinkTest -->
        <test-method status="PASS" signature="tearDown()[pri:0, instance:com.mitthsb.qa.testcases.HomePageTest@add0edd]" name="tearDown" is-config="true" duration-ms="928" started-at="2019-10-22T14:59:56Z" finished-at="2019-10-22T14:59:57Z">
          <reporter-output>
          </reporter-output>
        </test-method> <!-- tearDown -->
        <test-method status="PASS" signature="setUp(java.lang.reflect.Method)[pri:0, instance:com.mitthsb.qa.testcases.HomePageTest@add0edd]" name="setUp" is-config="true" duration-ms="26183" started-at="2019-10-22T14:59:57Z" finished-at="2019-10-22T15:00:23Z">
          <params>
            <param index="0">
              <value>
                <![CDATA[public void com.mitthsb.qa.testcases.HomePageTest.adminTabTest()]]>
              </value>
            </param>
          </params>
          <reporter-output>
          </reporter-output>
        </test-method> <!-- setUp -->
        <test-method status="PASS" signature="adminTabTest()[pri:0, instance:com.mitthsb.qa.testcases.HomePageTest@add0edd]" name="adminTabTest" duration-ms="2983" started-at="2019-10-22T15:00:23Z" finished-at="2019-10-22T15:00:26Z">
          <reporter-output>
          </reporter-output>
        </test-method> <!-- adminTabTest -->
        <test-method status="PASS" signature="tearDown()[pri:0, instance:com.mitthsb.qa.testcases.HomePageTest@add0edd]" name="tearDown" is-config="true" duration-ms="899" started-at="2019-10-22T15:00:26Z" finished-at="2019-10-22T15:00:27Z">
          <reporter-output>
          </reporter-output>
        </test-method> <!-- tearDown -->
        <test-method status="PASS" signature="setUp(java.lang.reflect.Method)[pri:0, instance:com.mitthsb.qa.testcases.HomePageTest@add0edd]" name="setUp" is-config="true" duration-ms="23863" started-at="2019-10-22T15:00:27Z" finished-at="2019-10-22T15:00:51Z">
          <params>
            <param index="0">
              <value>
                <![CDATA[public void com.mitthsb.qa.testcases.HomePageTest.brfDisplayTest()]]>
              </value>
            </param>
          </params>
          <reporter-output>
          </reporter-output>
        </test-method> <!-- setUp -->
        <test-method status="PASS" signature="brfDisplayTest()[pri:0, instance:com.mitthsb.qa.testcases.HomePageTest@add0edd]" name="brfDisplayTest" duration-ms="44" started-at="2019-10-22T15:00:51Z" finished-at="2019-10-22T15:00:51Z">
          <reporter-output>
          </reporter-output>
        </test-method> <!-- brfDisplayTest -->
        <test-method status="PASS" signature="tearDown()[pri:0, instance:com.mitthsb.qa.testcases.HomePageTest@add0edd]" name="tearDown" is-config="true" duration-ms="904" started-at="2019-10-22T15:00:51Z" finished-at="2019-10-22T15:00:52Z">
          <reporter-output>
          </reporter-output>
        </test-method> <!-- tearDown -->
        <test-method status="PASS" signature="setUp(java.lang.reflect.Method)[pri:0, instance:com.mitthsb.qa.testcases.HomePageTest@add0edd]" name="setUp" is-config="true" duration-ms="25143" started-at="2019-10-22T15:00:52Z" finished-at="2019-10-22T15:01:17Z">
          <params>
            <param index="0">
              <value>
                <![CDATA[public void com.mitthsb.qa.testcases.HomePageTest.dokumentTabTest()]]>
              </value>
            </param>
          </params>
          <reporter-output>
          </reporter-output>
        </test-method> <!-- setUp -->
        <test-method status="PASS" signature="dokumentTabTest()[pri:0, instance:com.mitthsb.qa.testcases.HomePageTest@add0edd]" name="dokumentTabTest" duration-ms="638" started-at="2019-10-22T15:01:17Z" finished-at="2019-10-22T15:01:18Z">
          <reporter-output>
          </reporter-output>
        </test-method> <!-- dokumentTabTest -->
        <test-method status="PASS" signature="tearDown()[pri:0, instance:com.mitthsb.qa.testcases.HomePageTest@add0edd]" name="tearDown" is-config="true" duration-ms="953" started-at="2019-10-22T15:01:18Z" finished-at="2019-10-22T15:01:19Z">
          <reporter-output>
          </reporter-output>
        </test-method> <!-- tearDown -->
        <test-method status="PASS" signature="setUp(java.lang.reflect.Method)[pri:0, instance:com.mitthsb.qa.testcases.HomePageTest@add0edd]" name="setUp" is-config="true" duration-ms="26674" started-at="2019-10-22T15:01:19Z" finished-at="2019-10-22T15:01:45Z">
          <params>
            <param index="0">
              <value>
                <![CDATA[public void com.mitthsb.qa.testcases.HomePageTest.ekonomiOversiktGraphTest()]]>
              </value>
            </param>
          </params>
          <reporter-output>
          </reporter-output>
        </test-method> <!-- setUp -->
        <test-method status="FAIL" signature="ekonomiOversiktGraphTest()[pri:0, instance:com.mitthsb.qa.testcases.HomePageTest@add0edd]" name="ekonomiOversiktGraphTest" duration-ms="31017" started-at="2019-10-22T15:01:45Z" finished-at="2019-10-22T15:02:17Z">
          <exception class="org.openqa.selenium.NoSuchElementException">
            <message>
              <![CDATA[no such element: Unable to locate element: {"method":"xpath","selector":"//div[@class='visible']//div[@id='graph1']"}
  (Session info: chrome=77.0.3865.90)
For documentation on this error, please visit: http://seleniumhq.org/exceptions/no_such_element.html
Build info: version: '3.14.0', revision: 'aacccce0', time: '2018-08-02T20:19:58.91Z'
System info: host: 'LNOR070828', ip: '10.225.99.144', os.name: 'Windows 10', os.arch: 'amd64', os.version: '10.0', java.version: '1.8.0_221'
Driver info: org.openqa.selenium.chrome.ChromeDriver
Capabilities {acceptInsecureCerts: false, browserName: chrome, browserVersion: 77.0.3865.90, chrome: {chromedriverVersion: 76.0.3809.126 (d80a294506b4..., userDataDir: C:\Users\pperla\AppData\Loc...}, goog:chromeOptions: {debuggerAddress: localhost:6992}, javascriptEnabled: true, networkConnectionEnabled: false, pageLoadStrategy: normal, platform: XP, platformName: XP, proxy: Proxy(), setWindowRect: true, strictFileInteractability: false, timeouts: {implicit: 0, pageLoad: 300000, script: 30000}, unhandledPromptBehavior: dismiss and notify}
Session ID: 87d08aa67d5ebce45d76cbc8c0e7506f
*** Element info: {Using=xpath, value=//div[@class='visible']//div[@id='graph1']}]]>
            </message>
            <full-stacktrace>
              <![CDATA[org.openqa.selenium.NoSuchElementException: no such element: Unable to locate element: {"method":"xpath","selector":"//div[@class='visible']//div[@id='graph1']"}
  (Session info: chrome=77.0.3865.90)
For documentation on this error, please visit: http://seleniumhq.org/exceptions/no_such_element.html
Build info: version: '3.14.0', revision: 'aacccce0', time: '2018-08-02T20:19:58.91Z'
System info: host: 'LNOR070828', ip: '10.225.99.144', os.name: 'Windows 10', os.arch: 'amd64', os.version: '10.0', java.version: '1.8.0_221'
Driver info: org.openqa.selenium.chrome.ChromeDriver
Capabilities {acceptInsecureCerts: false, browserName: chrome, browserVersion: 77.0.3865.90, chrome: {chromedriverVersion: 76.0.3809.126 (d80a294506b4..., userDataDir: C:\Users\pperla\AppData\Loc...}, goog:chromeOptions: {debuggerAddress: localhost:6992}, javascriptEnabled: true, networkConnectionEnabled: false, pageLoadStrategy: normal, platform: XP, platformName: XP, proxy: Proxy(), setWindowRect: true, strictFileInteractability: false, timeouts: {implicit: 0, pageLoad: 300000, script: 30000}, unhandledPromptBehavior: dismiss and notify}
Session ID: 87d08aa67d5ebce45d76cbc8c0e7506f
*** Element info: {Using=xpath, value=//div[@class='visible']//div[@id='graph1']}
	at sun.reflect.NativeConstructorAccessorImpl.newInstance0(Native Method)
	at sun.reflect.NativeConstructorAccessorImpl.newInstance(Unknown Source)
	at sun.reflect.DelegatingConstructorAccessorImpl.newInstance(Unknown Source)
	at java.lang.reflect.Constructor.newInstance(Unknown Source)
	at org.openqa.selenium.remote.http.W3CHttpResponseCodec.createException(W3CHttpResponseCodec.java:187)
	at org.openqa.selenium.remote.http.W3CHttpResponseCodec.decode(W3CHttpResponseCodec.java:122)
	at org.openqa.selenium.remote.http.W3CHttpResponseCodec.decode(W3CHttpResponseCodec.java:49)
	at org.openqa.selenium.remote.HttpCommandExecutor.execute(HttpCommandExecutor.java:158)
	at org.openqa.selenium.remote.service.DriverCommandExecutor.execute(DriverCommandExecutor.java:83)
	at org.openqa.selenium.remote.RemoteWebDriver.execute(RemoteWebDriver.java:548)
	at org.openqa.selenium.remote.RemoteWebDriver.findElement(RemoteWebDriver.java:322)
	at org.openqa.selenium.remote.RemoteWebDriver.findElementByXPath(RemoteWebDriver.java:424)
	at org.openqa.selenium.By$ByXPath.findElement(By.java:353)
	at org.openqa.selenium.remote.RemoteWebDriver.findElement(RemoteWebDriver.java:314)
	at sun.reflect.GeneratedMethodAccessor7.invoke(Unknown Source)
	at sun.reflect.DelegatingMethodAccessorImpl.invoke(Unknown Source)
	at java.lang.reflect.Method.invoke(Unknown Source)
	at org.openqa.selenium.support.events.EventFiringWebDriver.lambda$new$1(EventFiringWebDriver.java:105)
	at com.sun.proxy.$Proxy7.findElement(Unknown Source)
	at org.openqa.selenium.support.events.EventFiringWebDriver.findElement(EventFiringWebDriver.java:194)
	at org.openqa.selenium.support.pagefactory.DefaultElementLocator.findElement(DefaultElementLocator.java:69)
	at org.openqa.selenium.support.pagefactory.internal.LocatingElementHandler.invoke(LocatingElementHandler.java:38)
	at com.sun.proxy.$Proxy11.isDisplayed(Unknown Source)
	at com.mitthsb.qa.pages.HomePage.validateEkonomicOversiktGraph(HomePage.java:162)
	at com.mitthsb.qa.testcases.HomePageTest.ekonomiOversiktGraphTest(HomePageTest.java:196)
	at sun.reflect.NativeMethodAccessorImpl.invoke0(Native Method)
	at sun.reflect.NativeMethodAccessorImpl.invoke(Unknown Source)
	at sun.reflect.DelegatingMethodAccessorImpl.invoke(Unknown Source)
	at java.lang.reflect.Method.invoke(Unknown Source)
	at org.testng.internal.MethodInvocationHelper.invokeMethod(MethodInvocationHelper.java:108)
	at org.testng.internal.Invoker.invokeMethod(Invoker.java:661)
	at org.testng.internal.Invoker.invokeTestMethod(Invoker.java:869)
	at org.testng.internal.Invoker.invokeTestMethods(Invoker.java:1193)
	at org.testng.internal.TestMethodWorker.invokeTestMethods(TestMethodWorker.java:126)
	at org.testng.internal.TestMethodWorker.run(TestMethodWorker.java:109)
	at org.testng.TestRunner.privateRun(TestRunner.java:744)
	at org.testng.TestRunner.run(TestRunner.java:602)
	at org.testng.SuiteRunner.runTest(SuiteRunner.java:380)
	at org.testng.SuiteRunner.runSequentially(SuiteRunner.java:375)
	at org.testng.SuiteRunner.privateRun(SuiteRunner.java:340)
	at org.testng.SuiteRunner.run(SuiteRunner.java:289)
	at org.testng.SuiteRunnerWorker.runSuite(SuiteRunnerWorker.java:52)
	at org.testng.SuiteRunnerWorker.run(SuiteRunnerWorker.java:86)
	at org.testng.TestNG.runSuitesSequentially(TestNG.java:1301)
	at org.testng.TestNG.runSuitesLocally(TestNG.java:1226)
	at org.testng.TestNG.runSuites(TestNG.java:1144)
	at org.testng.TestNG.run(TestNG.java:1115)
	at org.testng.remote.AbstractRemoteTestNG.run(AbstractRemoteTestNG.java:115)
	at org.testng.remote.RemoteTestNG.initAndRun(RemoteTestNG.java:251)
	at org.testng.remote.RemoteTestNG.main(RemoteTestNG.java:77)
]]>
            </full-stacktrace>
          </exception> <!-- org.openqa.selenium.NoSuchElementException -->
          <reporter-output>
          </reporter-output>
        </test-method> <!-- ekonomiOversiktGraphTest -->
        <test-method status="PASS" signature="tearDown()[pri:0, instance:com.mitthsb.qa.testcases.HomePageTest@add0edd]" name="tearDown" is-config="true" duration-ms="1218" started-at="2019-10-22T15:02:17Z" finished-at="2019-10-22T15:02:18Z">
          <reporter-output>
          </reporter-output>
        </test-method> <!-- tearDown -->
        <test-method status="PASS" signature="setUp(java.lang.reflect.Method)[pri:0, instance:com.mitthsb.qa.testcases.HomePageTest@add0edd]" name="setUp" is-config="true" duration-ms="25826" started-at="2019-10-22T15:02:18Z" finished-at="2019-10-22T15:02:44Z">
          <params>
            <param index="0">
              <value>
                <![CDATA[public void com.mitthsb.qa.testcases.HomePageTest.ekonomiTabTest()]]>
              </value>
            </param>
          </params>
          <reporter-output>
          </reporter-output>
        </test-method> <!-- setUp -->
        <test-method status="FAIL" signature="ekonomiTabTest()[pri:0, instance:com.mitthsb.qa.testcases.HomePageTest@add0edd]" name="ekonomiTabTest" duration-ms="13120" started-at="2019-10-22T15:02:44Z" finished-at="2019-10-22T15:02:57Z">
          <exception class="org.openqa.selenium.TimeoutException">
            <message>
              <![CDATA[Expected condition failed: waiting for visibility of element located by By.xpath: //div[@id='graph1'] (tried for 10 second(s) with 500 milliseconds interval)
Build info: version: '3.14.0', revision: 'aacccce0', time: '2018-08-02T20:19:58.91Z'
System info: host: 'LNOR070828', ip: '10.225.99.144', os.name: 'Windows 10', os.arch: 'amd64', os.version: '10.0', java.version: '1.8.0_221'
Driver info: org.openqa.selenium.support.events.EventFiringWebDriver
Capabilities {acceptInsecureCerts: false, browserName: chrome, browserVersion: 77.0.3865.90, chrome: {chromedriverVersion: 76.0.3809.126 (d80a294506b4..., userDataDir: C:\Users\pperla\AppData\Loc...}, goog:chromeOptions: {debuggerAddress: localhost:7170}, javascriptEnabled: true, networkConnectionEnabled: false, pageLoadStrategy: normal, platform: XP, platformName: XP, proxy: Proxy(), setWindowRect: true, strictFileInteractability: false, timeouts: {implicit: 0, pageLoad: 300000, script: 30000}, unhandledPromptBehavior: dismiss and notify}
Session ID: 38d7a790a9381b37b6004cbe62eec6d0]]>
            </message>
            <full-stacktrace>
              <![CDATA[org.openqa.selenium.TimeoutException: Expected condition failed: waiting for visibility of element located by By.xpath: //div[@id='graph1'] (tried for 10 second(s) with 500 milliseconds interval)
Build info: version: '3.14.0', revision: 'aacccce0', time: '2018-08-02T20:19:58.91Z'
System info: host: 'LNOR070828', ip: '10.225.99.144', os.name: 'Windows 10', os.arch: 'amd64', os.version: '10.0', java.version: '1.8.0_221'
Driver info: org.openqa.selenium.support.events.EventFiringWebDriver
Capabilities {acceptInsecureCerts: false, browserName: chrome, browserVersion: 77.0.3865.90, chrome: {chromedriverVersion: 76.0.3809.126 (d80a294506b4..., userDataDir: C:\Users\pperla\AppData\Loc...}, goog:chromeOptions: {debuggerAddress: localhost:7170}, javascriptEnabled: true, networkConnectionEnabled: false, pageLoadStrategy: normal, platform: XP, platformName: XP, proxy: Proxy(), setWindowRect: true, strictFileInteractability: false, timeouts: {implicit: 0, pageLoad: 300000, script: 30000}, unhandledPromptBehavior: dismiss and notify}
Session ID: 38d7a790a9381b37b6004cbe62eec6d0
	at org.openqa.selenium.support.ui.WebDriverWait.timeoutException(WebDriverWait.java:113)
	at org.openqa.selenium.support.ui.FluentWait.until(FluentWait.java:283)
	at com.mitthsb.qa.pages.HomePage.ekonomiTab(HomePage.java:288)
	at com.mitthsb.qa.testcases.HomePageTest.ekonomiTabTest(HomePageTest.java:237)
	at sun.reflect.NativeMethodAccessorImpl.invoke0(Native Method)
	at sun.reflect.NativeMethodAccessorImpl.invoke(Unknown Source)
	at sun.reflect.DelegatingMethodAccessorImpl.invoke(Unknown Source)
	at java.lang.reflect.Method.invoke(Unknown Source)
	at org.testng.internal.MethodInvocationHelper.invokeMethod(MethodInvocationHelper.java:108)
	at org.testng.internal.Invoker.invokeMethod(Invoker.java:661)
	at org.testng.internal.Invoker.invokeTestMethod(Invoker.java:869)
	at org.testng.internal.Invoker.invokeTestMethods(Invoker.java:1193)
	at org.testng.internal.TestMethodWorker.invokeTestMethods(TestMethodWorker.java:126)
	at org.testng.internal.TestMethodWorker.run(TestMethodWorker.java:109)
	at org.testng.TestRunner.privateRun(TestRunner.java:744)
	at org.testng.TestRunner.run(TestRunner.java:602)
	at org.testng.SuiteRunner.runTest(SuiteRunner.java:380)
	at org.testng.SuiteRunner.runSequentially(SuiteRunner.java:375)
	at org.testng.SuiteRunner.privateRun(SuiteRunner.java:340)
	at org.testng.SuiteRunner.run(SuiteRunner.java:289)
	at org.testng.SuiteRunnerWorker.runSuite(SuiteRunnerWorker.java:52)
	at org.testng.SuiteRunnerWorker.run(SuiteRunnerWorker.java:86)
	at org.testng.TestNG.runSuitesSequentially(TestNG.java:1301)
	at org.testng.TestNG.runSuitesLocally(TestNG.java:1226)
	at org.testng.TestNG.runSuites(TestNG.java:1144)
	at org.testng.TestNG.run(TestNG.java:1115)
	at org.testng.remote.AbstractRemoteTestNG.run(AbstractRemoteTestNG.java:115)
	at org.testng.remote.RemoteTestNG.initAndRun(RemoteTestNG.java:251)
	at org.testng.remote.RemoteTestNG.main(RemoteTestNG.java:77)
]]>
            </full-stacktrace>
          </exception> <!-- org.openqa.selenium.TimeoutException -->
          <reporter-output>
          </reporter-output>
        </test-method> <!-- ekonomiTabTest -->
        <test-method status="PASS" signature="tearDown()[pri:0, instance:com.mitthsb.qa.testcases.HomePageTest@add0edd]" name="tearDown" is-config="true" duration-ms="1061" started-at="2019-10-22T15:02:57Z" finished-at="2019-10-22T15:02:58Z">
          <reporter-output>
          </reporter-output>
        </test-method> <!-- tearDown -->
        <test-method status="PASS" signature="setUp(java.lang.reflect.Method)[pri:0, instance:com.mitthsb.qa.testcases.HomePageTest@add0edd]" name="setUp" is-config="true" duration-ms="27827" started-at="2019-10-22T15:02:58Z" finished-at="2019-10-22T15:03:26Z">
          <params>
            <param index="0">
              <value>
                <![CDATA[public void com.mitthsb.qa.testcases.HomePageTest.fakturorDisplayTest()]]>
              </value>
            </param>
          </params>
          <reporter-output>
          </reporter-output>
        </test-method> <!-- setUp -->
        <test-method status="PASS" signature="fakturorDisplayTest()[pri:0, instance:com.mitthsb.qa.testcases.HomePageTest@add0edd]" name="fakturorDisplayTest" duration-ms="35" started-at="2019-10-22T15:03:26Z" finished-at="2019-10-22T15:03:26Z">
          <reporter-output>
          </reporter-output>
        </test-method> <!-- fakturorDisplayTest -->
        <test-method status="PASS" signature="tearDown()[pri:0, instance:com.mitthsb.qa.testcases.HomePageTest@add0edd]" name="tearDown" is-config="true" duration-ms="951" started-at="2019-10-22T15:03:26Z" finished-at="2019-10-22T15:03:27Z">
          <reporter-output>
          </reporter-output>
        </test-method> <!-- tearDown -->
        <test-method status="PASS" signature="setUp(java.lang.reflect.Method)[pri:0, instance:com.mitthsb.qa.testcases.HomePageTest@add0edd]" name="setUp" is-config="true" duration-ms="24680" started-at="2019-10-22T15:03:27Z" finished-at="2019-10-22T15:03:51Z">
          <params>
            <param index="0">
              <value>
                <![CDATA[public void com.mitthsb.qa.testcases.HomePageTest.fastighetenTabTest()]]>
              </value>
            </param>
          </params>
          <reporter-output>
          </reporter-output>
        </test-method> <!-- setUp -->
        <test-method status="PASS" signature="fastighetenTabTest()[pri:0, instance:com.mitthsb.qa.testcases.HomePageTest@add0edd]" name="fastighetenTabTest" duration-ms="556" started-at="2019-10-22T15:03:51Z" finished-at="2019-10-22T15:03:52Z">
          <reporter-output>
          </reporter-output>
        </test-method> <!-- fastighetenTabTest -->
        <test-method status="PASS" signature="tearDown()[pri:0, instance:com.mitthsb.qa.testcases.HomePageTest@add0edd]" name="tearDown" is-config="true" duration-ms="862" started-at="2019-10-22T15:03:52Z" finished-at="2019-10-22T15:03:53Z">
          <reporter-output>
          </reporter-output>
        </test-method> <!-- tearDown -->
        <test-method status="PASS" signature="setUp(java.lang.reflect.Method)[pri:0, instance:com.mitthsb.qa.testcases.HomePageTest@add0edd]" name="setUp" is-config="true" duration-ms="24645" started-at="2019-10-22T15:03:53Z" finished-at="2019-10-22T15:04:17Z">
          <params>
            <param index="0">
              <value>
                <![CDATA[public void com.mitthsb.qa.testcases.HomePageTest.genvagarLinkTest()]]>
              </value>
            </param>
          </params>
          <reporter-output>
          </reporter-output>
        </test-method> <!-- setUp -->
        <test-method status="PASS" signature="genvagarLinkTest()[pri:0, instance:com.mitthsb.qa.testcases.HomePageTest@add0edd]" name="genvagarLinkTest" duration-ms="12738" started-at="2019-10-22T15:04:17Z" finished-at="2019-10-22T15:04:30Z">
          <reporter-output>
          </reporter-output>
        </test-method> <!-- genvagarLinkTest -->
        <test-method status="PASS" signature="tearDown()[pri:0, instance:com.mitthsb.qa.testcases.HomePageTest@add0edd]" name="tearDown" is-config="true" duration-ms="1004" started-at="2019-10-22T15:04:30Z" finished-at="2019-10-22T15:04:31Z">
          <reporter-output>
          </reporter-output>
        </test-method> <!-- tearDown -->
        <test-method status="PASS" signature="setUp(java.lang.reflect.Method)[pri:0, instance:com.mitthsb.qa.testcases.HomePageTest@add0edd]" name="setUp" is-config="true" duration-ms="25500" started-at="2019-10-22T15:04:31Z" finished-at="2019-10-22T15:04:57Z">
          <params>
            <param index="0">
              <value>
                <![CDATA[public void com.mitthsb.qa.testcases.HomePageTest.goTillKalenderLinkTest()]]>
              </value>
            </param>
          </params>
          <reporter-output>
          </reporter-output>
        </test-method> <!-- setUp -->
        <test-method status="PASS" signature="goTillKalenderLinkTest()[pri:0, instance:com.mitthsb.qa.testcases.HomePageTest@add0edd]" name="goTillKalenderLinkTest" duration-ms="3255" started-at="2019-10-22T15:04:57Z" finished-at="2019-10-22T15:05:00Z">
          <reporter-output>
          </reporter-output>
        </test-method> <!-- goTillKalenderLinkTest -->
        <test-method status="PASS" signature="tearDown()[pri:0, instance:com.mitthsb.qa.testcases.HomePageTest@add0edd]" name="tearDown" is-config="true" duration-ms="1048" started-at="2019-10-22T15:05:00Z" finished-at="2019-10-22T15:05:01Z">
          <reporter-output>
          </reporter-output>
        </test-method> <!-- tearDown -->
        <test-method status="PASS" signature="setUp(java.lang.reflect.Method)[pri:0, instance:com.mitthsb.qa.testcases.HomePageTest@add0edd]" name="setUp" is-config="true" duration-ms="23260" started-at="2019-10-22T15:05:01Z" finished-at="2019-10-22T15:05:24Z">
          <params>
            <param index="0">
              <value>
                <![CDATA[public void com.mitthsb.qa.testcases.HomePageTest.homePageTitleTest()]]>
              </value>
            </param>
          </params>
          <reporter-output>
          </reporter-output>
        </test-method> <!-- setUp -->
        <test-method status="PASS" signature="homePageTitleTest()[pri:0, instance:com.mitthsb.qa.testcases.HomePageTest@add0edd]" name="homePageTitleTest" duration-ms="9" started-at="2019-10-22T15:05:24Z" finished-at="2019-10-22T15:05:24Z">
          <reporter-output>
          </reporter-output>
        </test-method> <!-- homePageTitleTest -->
        <test-method status="PASS" signature="tearDown()[pri:0, instance:com.mitthsb.qa.testcases.HomePageTest@add0edd]" name="tearDown" is-config="true" duration-ms="861" started-at="2019-10-22T15:05:24Z" finished-at="2019-10-22T15:05:25Z">
          <reporter-output>
          </reporter-output>
        </test-method> <!-- tearDown -->
        <test-method status="PASS" signature="setUp(java.lang.reflect.Method)[pri:0, instance:com.mitthsb.qa.testcases.HomePageTest@add0edd]" name="setUp" is-config="true" duration-ms="25350" started-at="2019-10-22T15:05:25Z" finished-at="2019-10-22T15:05:50Z">
          <params>
            <param index="0">
              <value>
                <![CDATA[public void com.mitthsb.qa.testcases.HomePageTest.hsbLogoTest()]]>
              </value>
            </param>
          </params>
          <reporter-output>
          </reporter-output>
        </test-method> <!-- setUp -->
        <test-method status="PASS" signature="hsbLogoTest()[pri:0, instance:com.mitthsb.qa.testcases.HomePageTest@add0edd]" name="hsbLogoTest" duration-ms="61" started-at="2019-10-22T15:05:50Z" finished-at="2019-10-22T15:05:50Z">
          <reporter-output>
          </reporter-output>
        </test-method> <!-- hsbLogoTest -->
        <test-method status="PASS" signature="tearDown()[pri:0, instance:com.mitthsb.qa.testcases.HomePageTest@add0edd]" name="tearDown" is-config="true" duration-ms="888" started-at="2019-10-22T15:05:50Z" finished-at="2019-10-22T15:05:51Z">
          <reporter-output>
          </reporter-output>
        </test-method> <!-- tearDown -->
        <test-method status="PASS" signature="setUp(java.lang.reflect.Method)[pri:0, instance:com.mitthsb.qa.testcases.HomePageTest@add0edd]" name="setUp" is-config="true" duration-ms="28359" started-at="2019-10-22T15:05:51Z" finished-at="2019-10-22T15:06:20Z">
          <params>
            <param index="0">
              <value>
                <![CDATA[public void com.mitthsb.qa.testcases.HomePageTest.minaSidorlinkTest()]]>
              </value>
            </param>
          </params>
          <reporter-output>
          </reporter-output>
        </test-method> <!-- setUp -->
        <test-method status="PASS" signature="minaSidorlinkTest()[pri:0, instance:com.mitthsb.qa.testcases.HomePageTest@add0edd]" name="minaSidorlinkTest" duration-ms="42" started-at="2019-10-22T15:06:20Z" finished-at="2019-10-22T15:06:20Z">
          <reporter-output>
          </reporter-output>
        </test-method> <!-- minaSidorlinkTest -->
        <test-method status="PASS" signature="tearDown()[pri:0, instance:com.mitthsb.qa.testcases.HomePageTest@add0edd]" name="tearDown" is-config="true" duration-ms="915" started-at="2019-10-22T15:06:20Z" finished-at="2019-10-22T15:06:21Z">
          <reporter-output>
          </reporter-output>
        </test-method> <!-- tearDown -->
        <test-method status="PASS" signature="setUp(java.lang.reflect.Method)[pri:0, instance:com.mitthsb.qa.testcases.HomePageTest@add0edd]" name="setUp" is-config="true" duration-ms="23145" started-at="2019-10-22T15:06:21Z" finished-at="2019-10-22T15:06:44Z">
          <params>
            <param index="0">
              <value>
                <![CDATA[public void com.mitthsb.qa.testcases.HomePageTest.mittUpdragLinkTest()]]>
              </value>
            </param>
          </params>
          <reporter-output>
          </reporter-output>
        </test-method> <!-- setUp -->
        <test-method status="PASS" signature="mittUpdragLinkTest()[pri:0, instance:com.mitthsb.qa.testcases.HomePageTest@add0edd]" name="mittUpdragLinkTest" duration-ms="41" started-at="2019-10-22T15:06:44Z" finished-at="2019-10-22T15:06:44Z">
          <reporter-output>
          </reporter-output>
        </test-method> <!-- mittUpdragLinkTest -->
        <test-method status="PASS" signature="tearDown()[pri:0, instance:com.mitthsb.qa.testcases.HomePageTest@add0edd]" name="tearDown" is-config="true" duration-ms="915" started-at="2019-10-22T15:06:44Z" finished-at="2019-10-22T15:06:45Z">
          <reporter-output>
          </reporter-output>
        </test-method> <!-- tearDown -->
        <test-method status="PASS" signature="setUp(java.lang.reflect.Method)[pri:0, instance:com.mitthsb.qa.testcases.HomePageTest@add0edd]" name="setUp" is-config="true" duration-ms="23267" started-at="2019-10-22T15:06:45Z" finished-at="2019-10-22T15:07:08Z">
          <params>
            <param index="0">
              <value>
                <![CDATA[public void com.mitthsb.qa.testcases.HomePageTest.nyheterArticleTest()]]>
              </value>
            </param>
          </params>
          <reporter-output>
          </reporter-output>
        </test-method> <!-- setUp -->
        <test-method status="PASS" signature="nyheterArticleTest()[pri:0, instance:com.mitthsb.qa.testcases.HomePageTest@add0edd]" name="nyheterArticleTest" duration-ms="1797" started-at="2019-10-22T15:07:08Z" finished-at="2019-10-22T15:07:10Z">
          <reporter-output>
          </reporter-output>
        </test-method> <!-- nyheterArticleTest -->
        <test-method status="PASS" signature="tearDown()[pri:0, instance:com.mitthsb.qa.testcases.HomePageTest@add0edd]" name="tearDown" is-config="true" duration-ms="917" started-at="2019-10-22T15:07:10Z" finished-at="2019-10-22T15:07:11Z">
          <reporter-output>
          </reporter-output>
        </test-method> <!-- tearDown -->
        <test-method status="PASS" signature="setUp(java.lang.reflect.Method)[pri:0, instance:com.mitthsb.qa.testcases.HomePageTest@add0edd]" name="setUp" is-config="true" duration-ms="23511" started-at="2019-10-22T15:07:11Z" finished-at="2019-10-22T15:07:34Z">
          <params>
            <param index="0">
              <value>
                <![CDATA[public void com.mitthsb.qa.testcases.HomePageTest.nyttLinkTest()]]>
              </value>
            </param>
          </params>
          <reporter-output>
          </reporter-output>
        </test-method> <!-- setUp -->
        <test-method status="PASS" signature="nyttLinkTest()[pri:0, instance:com.mitthsb.qa.testcases.HomePageTest@add0edd]" name="nyttLinkTest" duration-ms="42" started-at="2019-10-22T15:07:34Z" finished-at="2019-10-22T15:07:34Z">
          <reporter-output>
          </reporter-output>
        </test-method> <!-- nyttLinkTest -->
        <test-method status="PASS" signature="tearDown()[pri:0, instance:com.mitthsb.qa.testcases.HomePageTest@add0edd]" name="tearDown" is-config="true" duration-ms="889" started-at="2019-10-22T15:07:34Z" finished-at="2019-10-22T15:07:35Z">
          <reporter-output>
          </reporter-output>
        </test-method> <!-- tearDown -->
        <test-method status="PASS" signature="setUp(java.lang.reflect.Method)[pri:0, instance:com.mitthsb.qa.testcases.HomePageTest@add0edd]" name="setUp" is-config="true" duration-ms="26862" started-at="2019-10-22T15:07:35Z" finished-at="2019-10-22T15:08:02Z">
          <params>
            <param index="0">
              <value>
                <![CDATA[public void com.mitthsb.qa.testcases.HomePageTest.seAllaNyheterLinkTest()]]>
              </value>
            </param>
          </params>
          <reporter-output>
          </reporter-output>
        </test-method> <!-- setUp -->
        <test-method status="PASS" signature="seAllaNyheterLinkTest()[pri:0, instance:com.mitthsb.qa.testcases.HomePageTest@add0edd]" name="seAllaNyheterLinkTest" duration-ms="2712" started-at="2019-10-22T15:08:02Z" finished-at="2019-10-22T15:08:05Z">
          <reporter-output>
          </reporter-output>
        </test-method> <!-- seAllaNyheterLinkTest -->
        <test-method status="PASS" signature="tearDown()[pri:0, instance:com.mitthsb.qa.testcases.HomePageTest@add0edd]" name="tearDown" is-config="true" duration-ms="996" started-at="2019-10-22T15:08:05Z" finished-at="2019-10-22T15:08:06Z">
          <reporter-output>
          </reporter-output>
        </test-method> <!-- tearDown -->
        <test-method status="PASS" signature="setUp(java.lang.reflect.Method)[pri:0, instance:com.mitthsb.qa.testcases.HomePageTest@add0edd]" name="setUp" is-config="true" duration-ms="23016" started-at="2019-10-22T15:08:06Z" finished-at="2019-10-22T15:08:29Z">
          <params>
            <param index="0">
              <value>
                <![CDATA[public void com.mitthsb.qa.testcases.HomePageTest.senatste7HandelserFrameTest()]]>
              </value>
            </param>
          </params>
          <reporter-output>
          </reporter-output>
        </test-method> <!-- setUp -->
        <test-method status="PASS" signature="senatste7HandelserFrameTest()[pri:0, instance:com.mitthsb.qa.testcases.HomePageTest@add0edd]" name="senatste7HandelserFrameTest" duration-ms="36" started-at="2019-10-22T15:08:29Z" finished-at="2019-10-22T15:08:29Z">
          <reporter-output>
          </reporter-output>
        </test-method> <!-- senatste7HandelserFrameTest -->
        <test-method status="PASS" signature="tearDown()[pri:0, instance:com.mitthsb.qa.testcases.HomePageTest@add0edd]" name="tearDown" is-config="true" duration-ms="924" started-at="2019-10-22T15:08:29Z" finished-at="2019-10-22T15:08:30Z">
          <reporter-output>
          </reporter-output>
        </test-method> <!-- tearDown -->
        <test-method status="PASS" signature="setUp(java.lang.reflect.Method)[pri:0, instance:com.mitthsb.qa.testcases.HomePageTest@add0edd]" name="setUp" is-config="true" duration-ms="24698" started-at="2019-10-22T15:08:30Z" finished-at="2019-10-22T15:08:54Z">
          <params>
            <param index="0">
              <value>
                <![CDATA[public void com.mitthsb.qa.testcases.HomePageTest.senatsteAldreHandelserFrameTest()]]>
              </value>
            </param>
          </params>
          <reporter-output>
          </reporter-output>
        </test-method> <!-- setUp -->
        <test-method status="PASS" signature="senatsteAldreHandelserFrameTest()[pri:0, instance:com.mitthsb.qa.testcases.HomePageTest@add0edd]" name="senatsteAldreHandelserFrameTest" duration-ms="41" started-at="2019-10-22T15:08:55Z" finished-at="2019-10-22T15:08:55Z">
          <reporter-output>
          </reporter-output>
        </test-method> <!-- senatsteAldreHandelserFrameTest -->
        <test-method status="PASS" signature="tearDown()[pri:0, instance:com.mitthsb.qa.testcases.HomePageTest@add0edd]" name="tearDown" is-config="true" duration-ms="936" started-at="2019-10-22T15:08:55Z" finished-at="2019-10-22T15:08:55Z">
          <reporter-output>
          </reporter-output>
        </test-method> <!-- tearDown -->
        <test-method status="PASS" signature="setUp(java.lang.reflect.Method)[pri:0, instance:com.mitthsb.qa.testcases.HomePageTest@add0edd]" name="setUp" is-config="true" duration-ms="22605" started-at="2019-10-22T15:08:55Z" finished-at="2019-10-22T15:09:18Z">
          <params>
            <param index="0">
              <value>
                <![CDATA[public void com.mitthsb.qa.testcases.HomePageTest.stallIDinListaTest()]]>
              </value>
            </param>
          </params>
          <reporter-output>
          </reporter-output>
        </test-method> <!-- setUp -->
        <test-method status="PASS" signature="stallIDinListaTest()[pri:0, instance:com.mitthsb.qa.testcases.HomePageTest@add0edd]" name="stallIDinListaTest" duration-ms="63" started-at="2019-10-22T15:09:18Z" finished-at="2019-10-22T15:09:18Z">
          <reporter-output>
          </reporter-output>
        </test-method> <!-- stallIDinListaTest -->
        <test-method status="PASS" signature="tearDown()[pri:0, instance:com.mitthsb.qa.testcases.HomePageTest@add0edd]" name="tearDown" is-config="true" duration-ms="1280" started-at="2019-10-22T15:09:18Z" finished-at="2019-10-22T15:09:19Z">
          <reporter-output>
          </reporter-output>
        </test-method> <!-- tearDown -->
      </class> <!-- com.mitthsb.qa.testcases.HomePageTest -->
    </test> <!-- MittHSBMittUppdragPages -->
  </suite> <!-- MittHSB -->
</testng-results>
