<?xml version="1.0" encoding="UTF-8"?>
<testng-results skipped="0" failed="1" ignored="7" total="15" passed="7">
  <reporter-output>
  </reporter-output>
  <suite name="MittHSB" duration-ms="247039" started-at="2019-11-04T14:47:03Z" finished-at="2019-11-04T14:51:10Z">
    <groups>
      <group name="Regression">
        <method signature="MinaSidorPageTest.arendenTabDisplayTest()[pri:0, instance:com.mitthsb.qa.testcases.MinaSidorPageTest@7ea37dbf]" name="arendenTabDisplayTest" class="com.mitthsb.qa.testcases.MinaSidorPageTest"/>
        <method signature="MinaSidorPageTest.bosparTabDisplayTest()[pri:0, instance:com.mitthsb.qa.testcases.MinaSidorPageTest@7ea37dbf]" name="bosparTabDisplayTest" class="com.mitthsb.qa.testcases.MinaSidorPageTest"/>
        <method signature="MinaSidorPageTest.brfLandingTabDisplayTest()[pri:0, instance:com.mitthsb.qa.testcases.MinaSidorPageTest@7ea37dbf]" name="brfLandingTabDisplayTest" class="com.mitthsb.qa.testcases.MinaSidorPageTest"/>
        <method signature="MinaSidorPageTest.medelemskapTabDisplayTest()[pri:0, instance:com.mitthsb.qa.testcases.MinaSidorPageTest@7ea37dbf]" name="medelemskapTabDisplayTest" class="com.mitthsb.qa.testcases.MinaSidorPageTest"/>
        <method signature="MinaSidorPageTest.minBostadTabDisplayTest()[pri:0, instance:com.mitthsb.qa.testcases.MinaSidorPageTest@7ea37dbf]" name="minBostadTabDisplayTest" class="com.mitthsb.qa.testcases.MinaSidorPageTest"/>
        <method signature="MinaSidorPageTest.minProfileTabDisplayTest()[pri:0, instance:com.mitthsb.qa.testcases.MinaSidorPageTest@7ea37dbf]" name="minProfileTabDisplayTest" class="com.mitthsb.qa.testcases.MinaSidorPageTest"/>
        <method signature="MinaSidorPageTest.sokBostadTabDisplayTest()[pri:0, instance:com.mitthsb.qa.testcases.MinaSidorPageTest@7ea37dbf]" name="sokBostadTabDisplayTest" class="com.mitthsb.qa.testcases.MinaSidorPageTest"/>
      </group> <!-- Regression -->
    </groups>
    <test name="MittHSBMittUppdragPages" duration-ms="247039" started-at="2019-11-04T14:47:03Z" finished-at="2019-11-04T14:51:10Z">
      <class name="com.mitthsb.qa.testcases.MinaSidorPageTest">
        <test-method status="PASS" signature="setUp(java.lang.reflect.Method)[pri:0, instance:com.mitthsb.qa.testcases.MinaSidorPageTest@7ea37dbf]" name="setUp" is-config="true" duration-ms="34133" started-at="2019-11-04T15:47:03Z" finished-at="2019-11-04T15:47:37Z">
          <params>
            <param index="0">
              <value>
                <![CDATA[public void com.mitthsb.qa.testcases.MinaSidorPageTest.brfLandingTabDisplayTest()]]>
              </value>
            </param>
          </params>
          <reporter-output>
          </reporter-output>
        </test-method> <!-- setUp -->
        <test-method status="PASS" signature="brfLandingTabDisplayTest()[pri:0, instance:com.mitthsb.qa.testcases.MinaSidorPageTest@7ea37dbf]" name="brfLandingTabDisplayTest" duration-ms="183" started-at="2019-11-04T15:47:37Z" finished-at="2019-11-04T15:47:37Z">
          <reporter-output>
          </reporter-output>
        </test-method> <!-- brfLandingTabDisplayTest -->
        <test-method status="PASS" signature="tearDown()[pri:0, instance:com.mitthsb.qa.testcases.MinaSidorPageTest@7ea37dbf]" name="tearDown" is-config="true" duration-ms="812" started-at="2019-11-04T15:47:37Z" finished-at="2019-11-04T15:47:38Z">
          <reporter-output>
          </reporter-output>
        </test-method> <!-- tearDown -->
        <test-method status="PASS" signature="setUp(java.lang.reflect.Method)[pri:0, instance:com.mitthsb.qa.testcases.MinaSidorPageTest@7ea37dbf]" name="setUp" is-config="true" duration-ms="25026" started-at="2019-11-04T15:47:38Z" finished-at="2019-11-04T15:48:03Z">
          <params>
            <param index="0">
              <value>
                <![CDATA[public void com.mitthsb.qa.testcases.MinaSidorPageTest.arendenTabDisplayTest()]]>
              </value>
            </param>
          </params>
          <reporter-output>
          </reporter-output>
        </test-method> <!-- setUp -->
        <test-method status="PASS" signature="arendenTabDisplayTest()[pri:0, instance:com.mitthsb.qa.testcases.MinaSidorPageTest@7ea37dbf]" name="arendenTabDisplayTest" duration-ms="76" started-at="2019-11-04T15:48:03Z" finished-at="2019-11-04T15:48:03Z">
          <reporter-output>
          </reporter-output>
        </test-method> <!-- arendenTabDisplayTest -->
        <test-method status="PASS" signature="tearDown()[pri:0, instance:com.mitthsb.qa.testcases.MinaSidorPageTest@7ea37dbf]" name="tearDown" is-config="true" duration-ms="918" started-at="2019-11-04T15:48:03Z" finished-at="2019-11-04T15:48:04Z">
          <reporter-output>
          </reporter-output>
        </test-method> <!-- tearDown -->
        <test-method status="PASS" signature="setUp(java.lang.reflect.Method)[pri:0, instance:com.mitthsb.qa.testcases.MinaSidorPageTest@7ea37dbf]" name="setUp" is-config="true" duration-ms="31082" started-at="2019-11-04T15:48:04Z" finished-at="2019-11-04T15:48:35Z">
          <params>
            <param index="0">
              <value>
                <![CDATA[public void com.mitthsb.qa.testcases.MinaSidorPageTest.minBostadTabDisplayTest()]]>
              </value>
            </param>
          </params>
          <reporter-output>
          </reporter-output>
        </test-method> <!-- setUp -->
        <test-method status="PASS" signature="minBostadTabDisplayTest()[pri:0, instance:com.mitthsb.qa.testcases.MinaSidorPageTest@7ea37dbf]" name="minBostadTabDisplayTest" duration-ms="182" started-at="2019-11-04T15:48:35Z" finished-at="2019-11-04T15:48:35Z">
          <reporter-output>
          </reporter-output>
        </test-method> <!-- minBostadTabDisplayTest -->
        <test-method status="PASS" signature="tearDown()[pri:0, instance:com.mitthsb.qa.testcases.MinaSidorPageTest@7ea37dbf]" name="tearDown" is-config="true" duration-ms="939" started-at="2019-11-04T15:48:35Z" finished-at="2019-11-04T15:48:36Z">
          <reporter-output>
          </reporter-output>
        </test-method> <!-- tearDown -->
        <test-method status="PASS" signature="setUp(java.lang.reflect.Method)[pri:0, instance:com.mitthsb.qa.testcases.MinaSidorPageTest@7ea37dbf]" name="setUp" is-config="true" duration-ms="25932" started-at="2019-11-04T15:48:36Z" finished-at="2019-11-04T15:49:02Z">
          <params>
            <param index="0">
              <value>
                <![CDATA[public void com.mitthsb.qa.testcases.MinaSidorPageTest.bosparTabDisplayTest()]]>
              </value>
            </param>
          </params>
          <reporter-output>
          </reporter-output>
        </test-method> <!-- setUp -->
        <test-method status="PASS" signature="bosparTabDisplayTest()[pri:0, instance:com.mitthsb.qa.testcases.MinaSidorPageTest@7ea37dbf]" name="bosparTabDisplayTest" duration-ms="128" started-at="2019-11-04T15:49:02Z" finished-at="2019-11-04T15:49:02Z">
          <reporter-output>
          </reporter-output>
        </test-method> <!-- bosparTabDisplayTest -->
        <test-method status="PASS" signature="tearDown()[pri:0, instance:com.mitthsb.qa.testcases.MinaSidorPageTest@7ea37dbf]" name="tearDown" is-config="true" duration-ms="971" started-at="2019-11-04T15:49:02Z" finished-at="2019-11-04T15:49:03Z">
          <reporter-output>
          </reporter-output>
        </test-method> <!-- tearDown -->
        <test-method status="PASS" signature="setUp(java.lang.reflect.Method)[pri:0, instance:com.mitthsb.qa.testcases.MinaSidorPageTest@7ea37dbf]" name="setUp" is-config="true" duration-ms="25138" started-at="2019-11-04T15:49:03Z" finished-at="2019-11-04T15:49:28Z">
          <params>
            <param index="0">
              <value>
                <![CDATA[public void com.mitthsb.qa.testcases.MinaSidorPageTest.medelemskapTabDisplayTest()]]>
              </value>
            </param>
          </params>
          <reporter-output>
          </reporter-output>
        </test-method> <!-- setUp -->
        <test-method status="PASS" signature="medelemskapTabDisplayTest()[pri:0, instance:com.mitthsb.qa.testcases.MinaSidorPageTest@7ea37dbf]" name="medelemskapTabDisplayTest" duration-ms="144" started-at="2019-11-04T15:49:28Z" finished-at="2019-11-04T15:49:28Z">
          <reporter-output>
          </reporter-output>
        </test-method> <!-- medelemskapTabDisplayTest -->
        <test-method status="PASS" signature="tearDown()[pri:0, instance:com.mitthsb.qa.testcases.MinaSidorPageTest@7ea37dbf]" name="tearDown" is-config="true" duration-ms="966" started-at="2019-11-04T15:49:28Z" finished-at="2019-11-04T15:49:29Z">
          <reporter-output>
          </reporter-output>
        </test-method> <!-- tearDown -->
        <test-method status="PASS" signature="setUp(java.lang.reflect.Method)[pri:0, instance:com.mitthsb.qa.testcases.MinaSidorPageTest@7ea37dbf]" name="setUp" is-config="true" duration-ms="36023" started-at="2019-11-04T15:49:29Z" finished-at="2019-11-04T15:50:05Z">
          <params>
            <param index="0">
              <value>
                <![CDATA[public void com.mitthsb.qa.testcases.MinaSidorPageTest.sokBostadTabDisplayTest()]]>
              </value>
            </param>
          </params>
          <reporter-output>
          </reporter-output>
        </test-method> <!-- setUp -->
        <test-method status="PASS" signature="sokBostadTabDisplayTest()[pri:0, instance:com.mitthsb.qa.testcases.MinaSidorPageTest@7ea37dbf]" name="sokBostadTabDisplayTest" duration-ms="40" started-at="2019-11-04T15:50:05Z" finished-at="2019-11-04T15:50:06Z">
          <reporter-output>
          </reporter-output>
        </test-method> <!-- sokBostadTabDisplayTest -->
        <test-method status="PASS" signature="tearDown()[pri:0, instance:com.mitthsb.qa.testcases.MinaSidorPageTest@7ea37dbf]" name="tearDown" is-config="true" duration-ms="754" started-at="2019-11-04T15:50:06Z" finished-at="2019-11-04T15:50:06Z">
          <reporter-output>
          </reporter-output>
        </test-method> <!-- tearDown -->
        <test-method status="PASS" signature="setUp(java.lang.reflect.Method)[pri:0, instance:com.mitthsb.qa.testcases.MinaSidorPageTest@7ea37dbf]" name="setUp" is-config="true" duration-ms="35286" started-at="2019-11-04T15:50:06Z" finished-at="2019-11-04T15:50:42Z">
          <params>
            <param index="0">
              <value>
                <![CDATA[public void com.mitthsb.qa.testcases.MinaSidorPageTest.minProfileTabDisplayTest()]]>
              </value>
            </param>
          </params>
          <reporter-output>
          </reporter-output>
        </test-method> <!-- setUp -->
        <test-method status="PASS" signature="minProfileTabDisplayTest()[pri:0, instance:com.mitthsb.qa.testcases.MinaSidorPageTest@7ea37dbf]" name="minProfileTabDisplayTest" duration-ms="111" started-at="2019-11-04T15:50:42Z" finished-at="2019-11-04T15:50:42Z">
          <reporter-output>
          </reporter-output>
        </test-method> <!-- minProfileTabDisplayTest -->
        <test-method status="PASS" signature="tearDown()[pri:0, instance:com.mitthsb.qa.testcases.MinaSidorPageTest@7ea37dbf]" name="tearDown" is-config="true" duration-ms="783" started-at="2019-11-04T15:50:42Z" finished-at="2019-11-04T15:50:42Z">
          <reporter-output>
          </reporter-output>
        </test-method> <!-- tearDown -->
        <test-method status="PASS" signature="setUp(java.lang.reflect.Method)[pri:0, instance:com.mitthsb.qa.testcases.MinaSidorPageTest@7ea37dbf]" name="setUp" is-config="true" duration-ms="26373" started-at="2019-11-04T15:50:42Z" finished-at="2019-11-04T15:51:09Z">
          <params>
            <param index="0">
              <value>
                <![CDATA[public void com.mitthsb.qa.testcases.MinaSidorPageTest.minaSidorTitleTest()]]>
              </value>
            </param>
          </params>
          <reporter-output>
          </reporter-output>
        </test-method> <!-- setUp -->
        <test-method status="FAIL" signature="minaSidorTitleTest()[pri:0, instance:com.mitthsb.qa.testcases.MinaSidorPageTest@7ea37dbf]" name="minaSidorTitleTest" duration-ms="2" started-at="2019-11-04T15:51:09Z" finished-at="2019-11-04T15:51:09Z">
          <exception class="java.lang.NullPointerException">
            <full-stacktrace>
              <![CDATA[java.lang.NullPointerException
	at com.mitthsb.qa.testcases.MinaSidorPageTest.minaSidorTitleTest(MinaSidorPageTest.java:69)
	at sun.reflect.NativeMethodAccessorImpl.invoke0(Native Method)
	at sun.reflect.NativeMethodAccessorImpl.invoke(Unknown Source)
	at sun.reflect.DelegatingMethodAccessorImpl.invoke(Unknown Source)
	at java.lang.reflect.Method.invoke(Unknown Source)
	at org.testng.internal.MethodInvocationHelper.invokeMethod(MethodInvocationHelper.java:108)
	at org.testng.internal.Invoker.invokeMethod(Invoker.java:661)
	at org.testng.internal.Invoker.invokeTestMethod(Invoker.java:869)
	at org.testng.internal.Invoker.invokeTestMethods(Invoker.java:1193)
	at org.testng.internal.TestMethodWorker.invokeTestMethods(TestMethodWorker.java:126)
	at org.testng.internal.TestMethodWorker.run(TestMethodWorker.java:109)
	at org.testng.TestRunner.privateRun(TestRunner.java:744)
	at org.testng.TestRunner.run(TestRunner.java:602)
	at org.testng.SuiteRunner.runTest(SuiteRunner.java:380)
	at org.testng.SuiteRunner.runSequentially(SuiteRunner.java:375)
	at org.testng.SuiteRunner.privateRun(SuiteRunner.java:340)
	at org.testng.SuiteRunner.run(SuiteRunner.java:289)
	at org.testng.SuiteRunnerWorker.runSuite(SuiteRunnerWorker.java:52)
	at org.testng.SuiteRunnerWorker.run(SuiteRunnerWorker.java:86)
	at org.testng.TestNG.runSuitesSequentially(TestNG.java:1301)
	at org.testng.TestNG.runSuitesLocally(TestNG.java:1226)
	at org.testng.TestNG.runSuites(TestNG.java:1144)
	at org.testng.TestNG.run(TestNG.java:1115)
	at org.testng.remote.AbstractRemoteTestNG.run(AbstractRemoteTestNG.java:115)
	at org.testng.remote.RemoteTestNG.initAndRun(RemoteTestNG.java:251)
	at org.testng.remote.RemoteTestNG.main(RemoteTestNG.java:77)
]]>
            </full-stacktrace>
          </exception> <!-- java.lang.NullPointerException -->
          <reporter-output>
          </reporter-output>
        </test-method> <!-- minaSidorTitleTest -->
        <test-method status="PASS" signature="tearDown()[pri:0, instance:com.mitthsb.qa.testcases.MinaSidorPageTest@7ea37dbf]" name="tearDown" is-config="true" duration-ms="845" started-at="2019-11-04T15:51:09Z" finished-at="2019-11-04T15:51:10Z">
          <reporter-output>
          </reporter-output>
        </test-method> <!-- tearDown -->
      </class> <!-- com.mitthsb.qa.testcases.MinaSidorPageTest -->
    </test> <!-- MittHSBMittUppdragPages -->
  </suite> <!-- MittHSB -->
</testng-results>
