<?xml version="1.0" encoding="UTF-8"?>
<testng-results ignored="0" total="7" passed="7" failed="0" skipped="0">
  <reporter-output>
  </reporter-output>
  <suite started-at="2019-10-18T10:04:48Z" name="Default suite" finished-at="2019-10-18T10:05:11Z" duration-ms="23125">
    <groups>
    </groups>
    <test started-at="2019-10-18T10:04:48Z" name="Default test" finished-at="2019-10-18T10:05:11Z" duration-ms="23125">
      <class name="com.mitthsb.qa.testcases.HomePageTest">
        <test-method is-config="true" signature="setUp()[pri:0, instance:com.mitthsb.qa.testcases.HomePageTest@be35cd9]" started-at="2019-10-18T12:04:48Z" name="setUp" finished-at="2019-10-18T12:05:05Z" duration-ms="16376" status="PASS">
          <reporter-output>
          </reporter-output>
        </test-method> <!-- setUp -->
        <test-method signature="homePageTitleTest()[pri:1, instance:com.mitthsb.qa.testcases.HomePageTest@be35cd9]" started-at="2019-10-18T12:05:05Z" name="homePageTitleTest" finished-at="2019-10-18T12:05:05Z" duration-ms="68" status="PASS">
          <reporter-output>
          </reporter-output>
        </test-method> <!-- homePageTitleTest -->
        <test-method signature="nyttLinkTest()[pri:4, instance:com.mitthsb.qa.testcases.HomePageTest@be35cd9]" started-at="2019-10-18T12:05:05Z" name="nyttLinkTest" finished-at="2019-10-18T12:05:05Z" duration-ms="50" status="PASS">
          <reporter-output>
          </reporter-output>
        </test-method> <!-- nyttLinkTest -->
        <test-method signature="fakturorDisplayTest()[pri:5, instance:com.mitthsb.qa.testcases.HomePageTest@be35cd9]" started-at="2019-10-18T12:05:05Z" name="fakturorDisplayTest" finished-at="2019-10-18T12:05:05Z" duration-ms="39" status="PASS">
          <reporter-output>
          </reporter-output>
        </test-method> <!-- fakturorDisplayTest -->
        <test-method signature="adminTabTest()[pri:7, instance:com.mitthsb.qa.testcases.HomePageTest@be35cd9]" started-at="2019-10-18T12:05:05Z" name="adminTabTest" finished-at="2019-10-18T12:05:07Z" duration-ms="2253" status="PASS">
          <reporter-output>
          </reporter-output>
        </test-method> <!-- adminTabTest -->
        <test-method signature="fastighetenTabTest()[pri:8, instance:com.mitthsb.qa.testcases.HomePageTest@be35cd9]" started-at="2019-10-18T12:05:07Z" name="fastighetenTabTest" finished-at="2019-10-18T12:05:08Z" duration-ms="917" status="PASS">
          <reporter-output>
          </reporter-output>
        </test-method> <!-- fastighetenTabTest -->
        <test-method signature="dokumentTabTest()[pri:9, instance:com.mitthsb.qa.testcases.HomePageTest@be35cd9]" started-at="2019-10-18T12:05:08Z" name="dokumentTabTest" finished-at="2019-10-18T12:05:09Z" duration-ms="476" status="PASS">
          <reporter-output>
          </reporter-output>
        </test-method> <!-- dokumentTabTest -->
        <test-method signature="ekonomiTabTest()[pri:10, instance:com.mitthsb.qa.testcases.HomePageTest@be35cd9]" started-at="2019-10-18T12:05:09Z" name="ekonomiTabTest" finished-at="2019-10-18T12:05:10Z" duration-ms="1969" status="PASS">
          <reporter-output>
          </reporter-output>
        </test-method> <!-- ekonomiTabTest -->
        <test-method is-config="true" signature="tearDown()[pri:0, instance:com.mitthsb.qa.testcases.HomePageTest@be35cd9]" started-at="2019-10-18T12:05:11Z" name="tearDown" finished-at="2019-10-18T12:05:11Z" duration-ms="860" status="PASS">
          <reporter-output>
          </reporter-output>
        </test-method> <!-- tearDown -->
      </class> <!-- com.mitthsb.qa.testcases.HomePageTest -->
    </test> <!-- Default test -->
  </suite> <!-- Default suite -->
</testng-results>
