<?xml version="1.0" encoding="UTF-8"?>
<testng-results skipped="0" failed="0" ignored="12" total="16" passed="4">
  <reporter-output>
  </reporter-output>
  <suite name="MittHSB" duration-ms="112090" started-at="2019-10-28T14:15:53Z" finished-at="2019-10-28T14:17:45Z">
    <groups>
    </groups>
    <test name="MittHSBMittUppdragPages" duration-ms="112090" started-at="2019-10-28T14:15:53Z" finished-at="2019-10-28T14:17:45Z">
      <class name="com.mitthsb.qa.testcases.EkonomiPageTest">
        <test-method status="PASS" signature="setUp(java.lang.reflect.Method)[pri:0, instance:com.mitthsb.qa.testcases.EkonomiPageTest@7ea37dbf]" name="setUp" is-config="true" duration-ms="26207" started-at="2019-10-28T15:15:53Z" finished-at="2019-10-28T15:16:19Z">
          <params>
            <param index="0">
              <value>
                <![CDATA[public void com.mitthsb.qa.testcases.EkonomiPageTest.InformationIconLikvidaMedelGraphTest()]]>
              </value>
            </param>
          </params>
          <reporter-output>
          </reporter-output>
        </test-method> <!-- setUp -->
        <test-method status="PASS" signature="InformationIconLikvidaMedelGraphTest()[pri:0, instance:com.mitthsb.qa.testcases.EkonomiPageTest@7ea37dbf]" name="InformationIconLikvidaMedelGraphTest" duration-ms="332" started-at="2019-10-28T15:16:19Z" finished-at="2019-10-28T15:16:20Z">
          <reporter-output>
          </reporter-output>
        </test-method> <!-- InformationIconLikvidaMedelGraphTest -->
        <test-method status="PASS" signature="tearDown()[pri:0, instance:com.mitthsb.qa.testcases.EkonomiPageTest@7ea37dbf]" name="tearDown" is-config="true" duration-ms="1108" started-at="2019-10-28T15:16:20Z" finished-at="2019-10-28T15:16:21Z">
          <reporter-output>
          </reporter-output>
        </test-method> <!-- tearDown -->
        <test-method status="PASS" signature="setUp(java.lang.reflect.Method)[pri:0, instance:com.mitthsb.qa.testcases.EkonomiPageTest@7ea37dbf]" name="setUp" is-config="true" duration-ms="26058" started-at="2019-10-28T15:16:21Z" finished-at="2019-10-28T15:16:47Z">
          <params>
            <param index="0">
              <value>
                <![CDATA[public void com.mitthsb.qa.testcases.EkonomiPageTest.InformationIconRapportGenvagarFrameTest()]]>
              </value>
            </param>
          </params>
          <reporter-output>
          </reporter-output>
        </test-method> <!-- setUp -->
        <test-method status="PASS" signature="InformationIconRapportGenvagarFrameTest()[pri:0, instance:com.mitthsb.qa.testcases.EkonomiPageTest@7ea37dbf]" name="InformationIconRapportGenvagarFrameTest" duration-ms="178" started-at="2019-10-28T15:16:47Z" finished-at="2019-10-28T15:16:47Z">
          <reporter-output>
          </reporter-output>
        </test-method> <!-- InformationIconRapportGenvagarFrameTest -->
        <test-method status="PASS" signature="tearDown()[pri:0, instance:com.mitthsb.qa.testcases.EkonomiPageTest@7ea37dbf]" name="tearDown" is-config="true" duration-ms="1076" started-at="2019-10-28T15:16:47Z" finished-at="2019-10-28T15:16:48Z">
          <reporter-output>
          </reporter-output>
        </test-method> <!-- tearDown -->
        <test-method status="PASS" signature="setUp(java.lang.reflect.Method)[pri:0, instance:com.mitthsb.qa.testcases.EkonomiPageTest@7ea37dbf]" name="setUp" is-config="true" duration-ms="28407" started-at="2019-10-28T15:16:48Z" finished-at="2019-10-28T15:17:16Z">
          <params>
            <param index="0">
              <value>
                <![CDATA[public void com.mitthsb.qa.testcases.EkonomiPageTest.InformationIconDisponiBeltGraphTest()]]>
              </value>
            </param>
          </params>
          <reporter-output>
          </reporter-output>
        </test-method> <!-- setUp -->
        <test-method status="PASS" signature="InformationIconDisponiBeltGraphTest()[pri:0, instance:com.mitthsb.qa.testcases.EkonomiPageTest@7ea37dbf]" name="InformationIconDisponiBeltGraphTest" duration-ms="180" started-at="2019-10-28T15:17:16Z" finished-at="2019-10-28T15:17:17Z">
          <reporter-output>
          </reporter-output>
        </test-method> <!-- InformationIconDisponiBeltGraphTest -->
        <test-method status="PASS" signature="tearDown()[pri:0, instance:com.mitthsb.qa.testcases.EkonomiPageTest@7ea37dbf]" name="tearDown" is-config="true" duration-ms="1080" started-at="2019-10-28T15:17:17Z" finished-at="2019-10-28T15:17:18Z">
          <reporter-output>
          </reporter-output>
        </test-method> <!-- tearDown -->
        <test-method status="PASS" signature="setUp(java.lang.reflect.Method)[pri:0, instance:com.mitthsb.qa.testcases.EkonomiPageTest@7ea37dbf]" name="setUp" is-config="true" duration-ms="25882" started-at="2019-10-28T15:17:18Z" finished-at="2019-10-28T15:17:44Z">
          <params>
            <param index="0">
              <value>
                <![CDATA[public void com.mitthsb.qa.testcases.EkonomiPageTest.InformationIconCashFlowGraphTest()]]>
              </value>
            </param>
          </params>
          <reporter-output>
          </reporter-output>
        </test-method> <!-- setUp -->
        <test-method status="PASS" signature="InformationIconCashFlowGraphTest()[pri:0, instance:com.mitthsb.qa.testcases.EkonomiPageTest@7ea37dbf]" name="InformationIconCashFlowGraphTest" duration-ms="268" started-at="2019-10-28T15:17:44Z" finished-at="2019-10-28T15:17:44Z">
          <reporter-output>
          </reporter-output>
        </test-method> <!-- InformationIconCashFlowGraphTest -->
        <test-method status="PASS" signature="tearDown()[pri:0, instance:com.mitthsb.qa.testcases.EkonomiPageTest@7ea37dbf]" name="tearDown" is-config="true" duration-ms="1076" started-at="2019-10-28T15:17:44Z" finished-at="2019-10-28T15:17:45Z">
          <reporter-output>
          </reporter-output>
        </test-method> <!-- tearDown -->
      </class> <!-- com.mitthsb.qa.testcases.EkonomiPageTest -->
    </test> <!-- MittHSBMittUppdragPages -->
  </suite> <!-- MittHSB -->
</testng-results>
