<?xml version="1.0" encoding="UTF-8"?>
<testng-results ignored="0" total="9" passed="9" failed="0" skipped="0">
  <reporter-output>
  </reporter-output>
  <suite started-at="2019-10-21T06:49:45Z" name="MittHSB" finished-at="2019-10-21T06:50:22Z" duration-ms="37050">
    <groups>
    </groups>
    <test started-at="2019-10-21T06:49:45Z" name="MittHSBMittUppdragPages" finished-at="2019-10-21T06:50:22Z" duration-ms="37050">
      <class name="com.mitthsb.qa.testcases.HomePageTest">
        <test-method is-config="true" signature="setUp()[pri:0, instance:com.mitthsb.qa.testcases.HomePageTest@2accdbb5]" started-at="2019-10-21T08:49:45Z" name="setUp" finished-at="2019-10-21T08:50:04Z" duration-ms="19142" status="PASS">
          <reporter-output>
          </reporter-output>
        </test-method> <!-- setUp -->
        <test-method signature="homePageTitleTest()[pri:1, instance:com.mitthsb.qa.testcases.HomePageTest@2accdbb5]" started-at="2019-10-21T08:50:05Z" name="homePageTitleTest" finished-at="2019-10-21T08:50:05Z" duration-ms="114" status="PASS">
          <reporter-output>
          </reporter-output>
        </test-method> <!-- homePageTitleTest -->
        <test-method signature="mittUpdragLinkTest()[pri:2, instance:com.mitthsb.qa.testcases.HomePageTest@2accdbb5]" started-at="2019-10-21T08:50:05Z" name="mittUpdragLinkTest" finished-at="2019-10-21T08:50:05Z" duration-ms="46" status="PASS">
          <reporter-output>
          </reporter-output>
        </test-method> <!-- mittUpdragLinkTest -->
        <test-method signature="validateMinaSidorlinkTest()[pri:3, instance:com.mitthsb.qa.testcases.HomePageTest@2accdbb5]" started-at="2019-10-21T08:50:05Z" name="validateMinaSidorlinkTest" finished-at="2019-10-21T08:50:05Z" duration-ms="51" status="PASS">
          <reporter-output>
          </reporter-output>
        </test-method> <!-- validateMinaSidorlinkTest -->
        <test-method signature="nyttLinkTest()[pri:4, instance:com.mitthsb.qa.testcases.HomePageTest@2accdbb5]" started-at="2019-10-21T08:50:05Z" name="nyttLinkTest" finished-at="2019-10-21T08:50:05Z" duration-ms="52" status="PASS">
          <reporter-output>
          </reporter-output>
        </test-method> <!-- nyttLinkTest -->
        <test-method signature="fakturorDisplayTest()[pri:5, instance:com.mitthsb.qa.testcases.HomePageTest@2accdbb5]" started-at="2019-10-21T08:50:05Z" name="fakturorDisplayTest" finished-at="2019-10-21T08:50:05Z" duration-ms="39" status="PASS">
          <reporter-output>
          </reporter-output>
        </test-method> <!-- fakturorDisplayTest -->
        <test-method signature="adminTabTest()[pri:7, instance:com.mitthsb.qa.testcases.HomePageTest@2accdbb5]" started-at="2019-10-21T08:50:05Z" name="adminTabTest" finished-at="2019-10-21T08:50:08Z" duration-ms="2638" status="PASS">
          <reporter-output>
          </reporter-output>
        </test-method> <!-- adminTabTest -->
        <test-method signature="fastighetenTabTest()[pri:8, instance:com.mitthsb.qa.testcases.HomePageTest@2accdbb5]" started-at="2019-10-21T08:50:08Z" name="fastighetenTabTest" finished-at="2019-10-21T08:50:17Z" duration-ms="9230" status="PASS">
          <reporter-output>
          </reporter-output>
        </test-method> <!-- fastighetenTabTest -->
        <test-method signature="dokumentTabTest()[pri:9, instance:com.mitthsb.qa.testcases.HomePageTest@2accdbb5]" started-at="2019-10-21T08:50:17Z" name="dokumentTabTest" finished-at="2019-10-21T08:50:19Z" duration-ms="2650" status="PASS">
          <reporter-output>
          </reporter-output>
        </test-method> <!-- dokumentTabTest -->
        <test-method signature="ekonomiTabTest()[pri:10, instance:com.mitthsb.qa.testcases.HomePageTest@2accdbb5]" started-at="2019-10-21T08:50:19Z" name="ekonomiTabTest" finished-at="2019-10-21T08:50:22Z" duration-ms="2106" status="PASS">
          <reporter-output>
          </reporter-output>
        </test-method> <!-- ekonomiTabTest -->
        <test-method is-config="true" signature="tearDown()[pri:0, instance:com.mitthsb.qa.testcases.HomePageTest@2accdbb5]" started-at="2019-10-21T08:50:22Z" name="tearDown" finished-at="2019-10-21T08:50:22Z" duration-ms="837" status="PASS">
          <reporter-output>
          </reporter-output>
        </test-method> <!-- tearDown -->
      </class> <!-- com.mitthsb.qa.testcases.HomePageTest -->
    </test> <!-- MittHSBMittUppdragPages -->
  </suite> <!-- MittHSB -->
</testng-results>
