<?xml version="1.0" encoding="UTF-8"?>
<testng-results skipped="0" failed="0" ignored="14" total="15" passed="1">
  <reporter-output>
  </reporter-output>
  <suite name="MittHSB" duration-ms="25241" started-at="2019-11-05T08:47:48Z" finished-at="2019-11-05T08:48:14Z">
    <groups>
      <group name="Regression">
        <method signature="MinaSidorPageTest.clickMinProfileTabTest()[pri:0, instance:com.mitthsb.qa.testcases.MinaSidorPageTest@7ea37dbf]" name="clickMinProfileTabTest" class="com.mitthsb.qa.testcases.MinaSidorPageTest"/>
      </group> <!-- Regression -->
    </groups>
    <test name="MittHSBMittUppdragPages" duration-ms="25241" started-at="2019-11-05T08:47:48Z" finished-at="2019-11-05T08:48:14Z">
      <class name="com.mitthsb.qa.testcases.MinaSidorPageTest">
        <test-method status="PASS" signature="setUp(java.lang.reflect.Method)[pri:0, instance:com.mitthsb.qa.testcases.MinaSidorPageTest@7ea37dbf]" name="setUp" is-config="true" duration-ms="23508" started-at="2019-11-05T09:47:48Z" finished-at="2019-11-05T09:48:12Z">
          <params>
            <param index="0">
              <value>
                <![CDATA[public void com.mitthsb.qa.testcases.MinaSidorPageTest.clickMinProfileTabTest()]]>
              </value>
            </param>
          </params>
          <reporter-output>
          </reporter-output>
        </test-method> <!-- setUp -->
        <test-method status="PASS" signature="clickMinProfileTabTest()[pri:0, instance:com.mitthsb.qa.testcases.MinaSidorPageTest@7ea37dbf]" name="clickMinProfileTabTest" duration-ms="743" started-at="2019-11-05T09:48:12Z" description="Verify whether MinProfile Tab is redirecting to the rifht page based on the role previlege" finished-at="2019-11-05T09:48:13Z">
          <reporter-output>
          </reporter-output>
        </test-method> <!-- clickMinProfileTabTest -->
        <test-method status="PASS" signature="tearDown()[pri:0, instance:com.mitthsb.qa.testcases.MinaSidorPageTest@7ea37dbf]" name="tearDown" is-config="true" duration-ms="877" started-at="2019-11-05T09:48:13Z" finished-at="2019-11-05T09:48:14Z">
          <reporter-output>
          </reporter-output>
        </test-method> <!-- tearDown -->
      </class> <!-- com.mitthsb.qa.testcases.MinaSidorPageTest -->
    </test> <!-- MittHSBMittUppdragPages -->
  </suite> <!-- MittHSB -->
</testng-results>
