<?xml version="1.0" encoding="UTF-8"?>
<testng-results skipped="0" failed="0" ignored="21" total="23" passed="2">
  <reporter-output>
  </reporter-output>
  <suite name="MittHSB" duration-ms="47638" started-at="2019-11-04T12:56:40Z" finished-at="2019-11-04T12:57:28Z">
    <groups>
      <group name="Regression">
        <method signature="HomePageTest.dokumentTabTest()[pri:0, instance:com.mitthsb.qa.testcases.HomePageTest@290d210d]" name="dokumentTabTest" class="com.mitthsb.qa.testcases.HomePageTest"/>
        <method signature="HomePageTest.fastighetenTabTest()[pri:0, instance:com.mitthsb.qa.testcases.HomePageTest@290d210d]" name="fastighetenTabTest" class="com.mitthsb.qa.testcases.HomePageTest"/>
      </group> <!-- Regression -->
    </groups>
    <test name="MittHSBMittUppdragPages" duration-ms="47638" started-at="2019-11-04T12:56:40Z" finished-at="2019-11-04T12:57:28Z">
      <class name="com.mitthsb.qa.testcases.HomePageTest">
        <test-method status="PASS" signature="setUp(java.lang.reflect.Method)[pri:0, instance:com.mitthsb.qa.testcases.HomePageTest@290d210d]" name="setUp" is-config="true" duration-ms="23777" started-at="2019-11-04T13:56:40Z" finished-at="2019-11-04T13:57:04Z">
          <params>
            <param index="0">
              <value>
                <![CDATA[public void com.mitthsb.qa.testcases.HomePageTest.dokumentTabTest()]]>
              </value>
            </param>
          </params>
          <reporter-output>
          </reporter-output>
        </test-method> <!-- setUp -->
        <test-method status="PASS" signature="dokumentTabTest()[pri:0, instance:com.mitthsb.qa.testcases.HomePageTest@290d210d]" name="dokumentTabTest" duration-ms="843" started-at="2019-11-04T13:57:04Z" finished-at="2019-11-04T13:57:05Z">
          <reporter-output>
          </reporter-output>
        </test-method> <!-- dokumentTabTest -->
        <test-method status="PASS" signature="tearDown()[pri:0, instance:com.mitthsb.qa.testcases.HomePageTest@290d210d]" name="tearDown" is-config="true" duration-ms="895" started-at="2019-11-04T13:57:05Z" finished-at="2019-11-04T13:57:06Z">
          <reporter-output>
          </reporter-output>
        </test-method> <!-- tearDown -->
        <test-method status="PASS" signature="setUp(java.lang.reflect.Method)[pri:0, instance:com.mitthsb.qa.testcases.HomePageTest@290d210d]" name="setUp" is-config="true" duration-ms="20433" started-at="2019-11-04T13:57:06Z" finished-at="2019-11-04T13:57:26Z">
          <params>
            <param index="0">
              <value>
                <![CDATA[public void com.mitthsb.qa.testcases.HomePageTest.fastighetenTabTest()]]>
              </value>
            </param>
          </params>
          <reporter-output>
          </reporter-output>
        </test-method> <!-- setUp -->
        <test-method status="PASS" signature="fastighetenTabTest()[pri:0, instance:com.mitthsb.qa.testcases.HomePageTest@290d210d]" name="fastighetenTabTest" duration-ms="681" started-at="2019-11-04T13:57:26Z" finished-at="2019-11-04T13:57:27Z">
          <reporter-output>
          </reporter-output>
        </test-method> <!-- fastighetenTabTest -->
        <test-method status="PASS" signature="tearDown()[pri:0, instance:com.mitthsb.qa.testcases.HomePageTest@290d210d]" name="tearDown" is-config="true" duration-ms="871" started-at="2019-11-04T13:57:27Z" finished-at="2019-11-04T13:57:28Z">
          <reporter-output>
          </reporter-output>
        </test-method> <!-- tearDown -->
      </class> <!-- com.mitthsb.qa.testcases.HomePageTest -->
    </test> <!-- MittHSBMittUppdragPages -->
  </suite> <!-- MittHSB -->
</testng-results>
