<?xml version="1.0" encoding="UTF-8"?>
<testng-results skipped="0" failed="0" ignored="22" total="23" passed="1">
  <reporter-output>
  </reporter-output>
  <suite name="MittHSB" duration-ms="28407" started-at="2019-11-01T13:04:23Z" finished-at="2019-11-01T13:04:51Z">
    <groups>
      <group name="Regression">
        <method signature="HomePageTest.EkonomiGenvagarLinkTest()[pri:0, instance:com.mitthsb.qa.testcases.HomePageTest@290d210d]" name="EkonomiGenvagarLinkTest" class="com.mitthsb.qa.testcases.HomePageTest"/>
      </group> <!-- Regression -->
    </groups>
    <test name="MittHSBMittUppdragPages" duration-ms="28407" started-at="2019-11-01T13:04:23Z" finished-at="2019-11-01T13:04:51Z">
      <class name="com.mitthsb.qa.testcases.HomePageTest">
        <test-method status="PASS" signature="setUp(java.lang.reflect.Method)[pri:0, instance:com.mitthsb.qa.testcases.HomePageTest@290d210d]" name="setUp" is-config="true" duration-ms="19891" started-at="2019-11-01T14:04:23Z" finished-at="2019-11-01T14:04:42Z">
          <params>
            <param index="0">
              <value>
                <![CDATA[public void com.mitthsb.qa.testcases.HomePageTest.EkonomiGenvagarLinkTest()]]>
              </value>
            </param>
          </params>
          <reporter-output>
          </reporter-output>
        </test-method> <!-- setUp -->
        <test-method status="PASS" signature="EkonomiGenvagarLinkTest()[pri:0, instance:com.mitthsb.qa.testcases.HomePageTest@290d210d]" name="EkonomiGenvagarLinkTest" duration-ms="7233" started-at="2019-11-01T14:04:43Z" finished-at="2019-11-01T14:04:50Z">
          <reporter-output>
          </reporter-output>
        </test-method> <!-- EkonomiGenvagarLinkTest -->
        <test-method status="PASS" signature="tearDown()[pri:0, instance:com.mitthsb.qa.testcases.HomePageTest@290d210d]" name="tearDown" is-config="true" duration-ms="1156" started-at="2019-11-01T14:04:50Z" finished-at="2019-11-01T14:04:51Z">
          <reporter-output>
          </reporter-output>
        </test-method> <!-- tearDown -->
      </class> <!-- com.mitthsb.qa.testcases.HomePageTest -->
    </test> <!-- MittHSBMittUppdragPages -->
  </suite> <!-- MittHSB -->
</testng-results>
