<?xml version="1.0" encoding="UTF-8"?>
<testng-results skipped="0" failed="0" ignored="21" total="23" passed="2">
  <reporter-output>
  </reporter-output>
  <suite name="MittHSBRegressionTestSuite" duration-ms="102946" started-at="2019-11-07T14:03:19Z" finished-at="2019-11-07T14:05:02Z">
    <groups>
      <group name="Regression">
        <method signature="MinaSidorPageTest.goTillKalenderAndCreateKalenderEvent()[pri:0, instance:com.mitthsb.qa.testcases.MinaSidorPageTest@7ff95560]" name="goTillKalenderAndCreateKalenderEvent" class="com.mitthsb.qa.testcases.MinaSidorPageTest"/>
        <method signature="MinaSidorPageTest.deleteKalenderHandelseMinaSidorPage()[pri:0, instance:com.mitthsb.qa.testcases.MinaSidorPageTest@7ff95560]" name="deleteKalenderHandelseMinaSidorPage" class="com.mitthsb.qa.testcases.MinaSidorPageTest"/>
      </group> <!-- Regression -->
    </groups>
    <test name="MittHSBRegressionTests" duration-ms="102946" started-at="2019-11-07T14:03:19Z" finished-at="2019-11-07T14:05:02Z">
      <class name="com.mitthsb.qa.testcases.MinaSidorPageTest">
        <test-method status="PASS" signature="setUp()[pri:0, instance:com.mitthsb.qa.testcases.MinaSidorPageTest@7ff95560]" name="setUp" is-config="true" duration-ms="27798" started-at="2019-11-07T15:03:19Z" finished-at="2019-11-07T15:03:47Z">
          <reporter-output>
          </reporter-output>
        </test-method> <!-- setUp -->
        <test-method status="PASS" signature="setUp(java.lang.reflect.Method)[pri:0, instance:com.mitthsb.qa.testcases.MinaSidorPageTest@7ff95560]" name="setUp" is-config="true" duration-ms="10917" started-at="2019-11-07T15:03:47Z" finished-at="2019-11-07T15:03:57Z">
          <params>
            <param index="0">
              <value>
                <![CDATA[public void com.mitthsb.qa.testcases.MinaSidorPageTest.goTillKalenderAndCreateKalenderEvent()]]>
              </value>
            </param>
          </params>
          <reporter-output>
          </reporter-output>
        </test-method> <!-- setUp -->
        <test-method status="PASS" signature="goTillKalenderAndCreateKalenderEvent()[pri:0, instance:com.mitthsb.qa.testcases.MinaSidorPageTest@7ff95560]" name="goTillKalenderAndCreateKalenderEvent" duration-ms="19516" started-at="2019-11-07T15:03:58Z" description="verify whether go till kalender is properly redirecting to kalender page and verify the functionality of skapa kalender button" finished-at="2019-11-07T15:04:17Z">
          <reporter-output>
          </reporter-output>
        </test-method> <!-- goTillKalenderAndCreateKalenderEvent -->
        <test-method status="PASS" signature="setUp(java.lang.reflect.Method)[pri:0, instance:com.mitthsb.qa.testcases.MinaSidorPageTest@7ff95560]" name="setUp" is-config="true" duration-ms="6466" started-at="2019-11-07T15:04:17Z" finished-at="2019-11-07T15:04:24Z">
          <params>
            <param index="0">
              <value>
                <![CDATA[public void com.mitthsb.qa.testcases.MinaSidorPageTest.deleteKalenderHandelseMinaSidorPage()]]>
              </value>
            </param>
          </params>
          <reporter-output>
          </reporter-output>
        </test-method> <!-- setUp -->
        <test-method status="PASS" signature="deleteKalenderHandelseMinaSidorPage()[pri:0, instance:com.mitthsb.qa.testcases.MinaSidorPageTest@7ff95560]" name="deleteKalenderHandelseMinaSidorPage" duration-ms="37302" started-at="2019-11-07T15:04:24Z" description="verify whether go till kalender is properly redirecting to kalender page and verify the functionality of skapa kalender button" depends-on-methods="com.mitthsb.qa.testcases.MinaSidorPageTest.goTillKalenderAndCreateKalenderEvent" finished-at="2019-11-07T15:05:01Z">
          <reporter-output>
          </reporter-output>
        </test-method> <!-- deleteKalenderHandelseMinaSidorPage -->
        <test-method status="PASS" signature="tearDown()[pri:0, instance:com.mitthsb.qa.testcases.MinaSidorPageTest@7ff95560]" name="tearDown" is-config="true" duration-ms="814" started-at="2019-11-07T15:05:01Z" finished-at="2019-11-07T15:05:02Z">
          <reporter-output>
          </reporter-output>
        </test-method> <!-- tearDown -->
      </class> <!-- com.mitthsb.qa.testcases.MinaSidorPageTest -->
    </test> <!-- MittHSBRegressionTests -->
  </suite> <!-- MittHSBRegressionTestSuite -->
</testng-results>
