<?xml version="1.0" encoding="UTF-8"?>
<testng-results skipped="0" failed="0" ignored="0" total="3" passed="3">
  <reporter-output>
  </reporter-output>
  <suite name="Default suite" duration-ms="82115" started-at="2019-10-25T07:29:57Z" finished-at="2019-10-25T07:31:19Z">
    <groups>
    </groups>
    <test name="Default test" duration-ms="82115" started-at="2019-10-25T07:29:57Z" finished-at="2019-10-25T07:31:19Z">
      <class name="com.mitthsb.qa.testcases.AdministrationPageTest">
        <test-method status="PASS" signature="setUp(java.lang.reflect.Method)[pri:0, instance:com.mitthsb.qa.testcases.AdministrationPageTest@79ca92b9]" name="setUp" is-config="true" duration-ms="24259" started-at="2019-10-25T09:29:57Z" finished-at="2019-10-25T09:30:21Z">
          <params>
            <param index="0">
              <value>
                <![CDATA[public void com.mitthsb.qa.testcases.AdministrationPageTest.skapaKalenderTest()]]>
              </value>
            </param>
          </params>
          <reporter-output>
          </reporter-output>
        </test-method> <!-- setUp -->
        <test-method status="PASS" signature="skapaKalenderTest()[pri:0, instance:com.mitthsb.qa.testcases.AdministrationPageTest@79ca92b9]" name="skapaKalenderTest" duration-ms="11776" started-at="2019-10-25T09:30:21Z" finished-at="2019-10-25T09:30:33Z">
          <reporter-output>
          </reporter-output>
        </test-method> <!-- skapaKalenderTest -->
        <test-method status="PASS" signature="setUp(java.lang.reflect.Method)[pri:0, instance:com.mitthsb.qa.testcases.AdministrationPageTest@79ca92b9]" name="setUp" is-config="true" duration-ms="20470" started-at="2019-10-25T09:30:33Z" finished-at="2019-10-25T09:30:53Z">
          <params>
            <param index="0">
              <value>
                <![CDATA[public void com.mitthsb.qa.testcases.AdministrationPageTest.displayKalenderEventHomePageTest()]]>
              </value>
            </param>
          </params>
          <reporter-output>
          </reporter-output>
        </test-method> <!-- setUp -->
        <test-method status="PASS" signature="displayKalenderEventHomePageTest()[pri:0, instance:com.mitthsb.qa.testcases.AdministrationPageTest@79ca92b9]" name="displayKalenderEventHomePageTest" duration-ms="36" started-at="2019-10-25T09:30:53Z" depends-on-methods="com.mitthsb.qa.testcases.AdministrationPageTest.skapaKalenderTest" finished-at="2019-10-25T09:30:53Z">
          <reporter-output>
          </reporter-output>
        </test-method> <!-- displayKalenderEventHomePageTest -->
        <test-method status="PASS" signature="setUp(java.lang.reflect.Method)[pri:0, instance:com.mitthsb.qa.testcases.AdministrationPageTest@79ca92b9]" name="setUp" is-config="true" duration-ms="21176" started-at="2019-10-25T09:30:53Z" finished-at="2019-10-25T09:31:15Z">
          <params>
            <param index="0">
              <value>
                <![CDATA[public void com.mitthsb.qa.testcases.AdministrationPageTest.deleteKalenderTest()]]>
              </value>
            </param>
          </params>
          <reporter-output>
          </reporter-output>
        </test-method> <!-- setUp -->
        <test-method status="PASS" signature="deleteKalenderTest()[pri:0, instance:com.mitthsb.qa.testcases.AdministrationPageTest@79ca92b9]" name="deleteKalenderTest" duration-ms="4287" started-at="2019-10-25T09:31:15Z" depends-on-methods="com.mitthsb.qa.testcases.AdministrationPageTest.skapaKalenderTest, com.mitthsb.qa.testcases.AdministrationPageTest.displayKalenderEventHomePageTest" finished-at="2019-10-25T09:31:19Z">
          <reporter-output>
          </reporter-output>
        </test-method> <!-- deleteKalenderTest -->
      </class> <!-- com.mitthsb.qa.testcases.AdministrationPageTest -->
    </test> <!-- Default test -->
  </suite> <!-- Default suite -->
</testng-results>
