<?xml version="1.0" encoding="UTF-8"?>
<testng-results ignored="0" total="16" passed="14" failed="2" skipped="0">
  <reporter-output>
  </reporter-output>
  <suite started-at="2019-10-18T08:57:56Z" name="Default suite" finished-at="2019-10-18T08:59:01Z" duration-ms="64944">
    <groups>
    </groups>
    <test started-at="2019-10-18T08:57:56Z" name="Default test" finished-at="2019-10-18T08:59:01Z" duration-ms="64944">
      <class name="com.mitthsb.qa.testcases.HomePageTest">
        <test-method is-config="true" signature="setUp()[pri:0, instance:com.mitthsb.qa.testcases.HomePageTest@66498326]" started-at="2019-10-18T10:57:56Z" name="setUp" finished-at="2019-10-18T10:58:12Z" duration-ms="15841" status="PASS">
          <reporter-output>
          </reporter-output>
        </test-method> <!-- setUp -->
        <test-method signature="homePageTitleTest()[pri:1, instance:com.mitthsb.qa.testcases.HomePageTest@66498326]" started-at="2019-10-18T10:58:12Z" name="homePageTitleTest" finished-at="2019-10-18T10:58:12Z" duration-ms="112" status="PASS">
          <reporter-output>
          </reporter-output>
        </test-method> <!-- homePageTitleTest -->
        <test-method signature="mittUpdragLinkTest()[pri:2, instance:com.mitthsb.qa.testcases.HomePageTest@66498326]" started-at="2019-10-18T10:58:12Z" name="mittUpdragLinkTest" finished-at="2019-10-18T10:58:12Z" duration-ms="70" status="PASS">
          <reporter-output>
          </reporter-output>
        </test-method> <!-- mittUpdragLinkTest -->
        <test-method signature="validateMinaSidorlinkTest()[pri:3, instance:com.mitthsb.qa.testcases.HomePageTest@66498326]" started-at="2019-10-18T10:58:12Z" name="validateMinaSidorlinkTest" finished-at="2019-10-18T10:58:12Z" duration-ms="60" status="PASS">
          <reporter-output>
          </reporter-output>
        </test-method> <!-- validateMinaSidorlinkTest -->
        <test-method signature="nyttLinkTest()[pri:4, instance:com.mitthsb.qa.testcases.HomePageTest@66498326]" started-at="2019-10-18T10:58:12Z" name="nyttLinkTest" finished-at="2019-10-18T10:58:12Z" duration-ms="64" status="PASS">
          <reporter-output>
          </reporter-output>
        </test-method> <!-- nyttLinkTest -->
        <test-method signature="fakturorDisplayTest()[pri:5, instance:com.mitthsb.qa.testcases.HomePageTest@66498326]" started-at="2019-10-18T10:58:12Z" name="fakturorDisplayTest" finished-at="2019-10-18T10:58:12Z" duration-ms="54" status="PASS">
          <reporter-output>
          </reporter-output>
        </test-method> <!-- fakturorDisplayTest -->
        <test-method signature="adminTabTest()[pri:7, instance:com.mitthsb.qa.testcases.HomePageTest@66498326]" started-at="2019-10-18T10:58:12Z" name="adminTabTest" finished-at="2019-10-18T10:58:15Z" duration-ms="2743" status="PASS">
          <reporter-output>
          </reporter-output>
        </test-method> <!-- adminTabTest -->
        <test-method signature="fastighetenTabTest()[pri:8, instance:com.mitthsb.qa.testcases.HomePageTest@66498326]" started-at="2019-10-18T10:58:15Z" name="fastighetenTabTest" finished-at="2019-10-18T10:58:16Z" duration-ms="1256" status="PASS">
          <reporter-output>
          </reporter-output>
        </test-method> <!-- fastighetenTabTest -->
        <test-method signature="dokumentTabTest()[pri:9, instance:com.mitthsb.qa.testcases.HomePageTest@66498326]" started-at="2019-10-18T10:58:16Z" name="dokumentTabTest" finished-at="2019-10-18T10:58:17Z" duration-ms="635" status="PASS">
          <reporter-output>
          </reporter-output>
        </test-method> <!-- dokumentTabTest -->
        <test-method signature="ekonomiTabTest()[pri:10, instance:com.mitthsb.qa.testcases.HomePageTest@66498326]" started-at="2019-10-18T10:58:17Z" name="ekonomiTabTest" finished-at="2019-10-18T10:58:19Z" duration-ms="2146" status="PASS">
          <reporter-output>
          </reporter-output>
        </test-method> <!-- ekonomiTabTest -->
        <test-method signature="clickMinaSidorLinkTest()[pri:11, instance:com.mitthsb.qa.testcases.HomePageTest@66498326]" started-at="2019-10-18T10:58:19Z" name="clickMinaSidorLinkTest" finished-at="2019-10-18T10:58:22Z" duration-ms="3138" status="PASS">
          <reporter-output>
          </reporter-output>
        </test-method> <!-- clickMinaSidorLinkTest -->
        <test-method signature="arendenAndFelanmalanPageTest()[pri:13, instance:com.mitthsb.qa.testcases.HomePageTest@66498326]" started-at="2019-10-18T10:58:22Z" name="arendenAndFelanmalanPageTest" finished-at="2019-10-18T10:58:35Z" duration-ms="12922" status="FAIL">
          <exception class="org.openqa.selenium.TimeoutException">
            <message>
              <![CDATA[Expected condition failed: waiting for visibility of element located by By.xpath: //iframe[@id='iFrameResizer0'] (tried for 10 second(s) with 500 milliseconds interval)
Build info: version: '3.14.0', revision: 'aacccce0', time: '2018-08-02T20:19:58.91Z'
System info: host: 'LNOR070828', ip: '10.225.99.137', os.name: 'Windows 10', os.arch: 'amd64', os.version: '10.0', java.version: '13'
Driver info: org.openqa.selenium.support.events.EventFiringWebDriver
Capabilities {acceptInsecureCerts: false, browserName: chrome, browserVersion: 77.0.3865.90, chrome: {chromedriverVersion: 76.0.3809.126 (d80a294506b4..., userDataDir: C:\Users\pperla\AppData\Loc...}, goog:chromeOptions: {debuggerAddress: localhost:2918}, javascriptEnabled: true, networkConnectionEnabled: false, pageLoadStrategy: normal, platform: XP, platformName: XP, proxy: Proxy(), setWindowRect: true, strictFileInteractability: false, timeouts: {implicit: 0, pageLoad: 300000, script: 30000}, unhandledPromptBehavior: dismiss and notify}
Session ID: 25cae6db2656fc22b4d849b36c9a8e68]]>
            </message>
            <full-stacktrace>
              <![CDATA[org.openqa.selenium.TimeoutException: Expected condition failed: waiting for visibility of element located by By.xpath: //iframe[@id='iFrameResizer0'] (tried for 10 second(s) with 500 milliseconds interval)
Build info: version: '3.14.0', revision: 'aacccce0', time: '2018-08-02T20:19:58.91Z'
System info: host: 'LNOR070828', ip: '10.225.99.137', os.name: 'Windows 10', os.arch: 'amd64', os.version: '10.0', java.version: '13'
Driver info: org.openqa.selenium.support.events.EventFiringWebDriver
Capabilities {acceptInsecureCerts: false, browserName: chrome, browserVersion: 77.0.3865.90, chrome: {chromedriverVersion: 76.0.3809.126 (d80a294506b4..., userDataDir: C:\Users\pperla\AppData\Loc...}, goog:chromeOptions: {debuggerAddress: localhost:2918}, javascriptEnabled: true, networkConnectionEnabled: false, pageLoadStrategy: normal, platform: XP, platformName: XP, proxy: Proxy(), setWindowRect: true, strictFileInteractability: false, timeouts: {implicit: 0, pageLoad: 300000, script: 30000}, unhandledPromptBehavior: dismiss and notify}
Session ID: 25cae6db2656fc22b4d849b36c9a8e68
	at org.openqa.selenium.support.ui.WebDriverWait.timeoutException(WebDriverWait.java:113)
	at org.openqa.selenium.support.ui.FluentWait.until(FluentWait.java:283)
	at com.mitthsb.qa.pages.MinaSidorPage.arendenAndFelanmalanTab(MinaSidorPage.java:85)
	at com.mitthsb.qa.testcases.HomePageTest.arendenAndFelanmalanPageTest(HomePageTest.java:191)
	at java.base/jdk.internal.reflect.NativeMethodAccessorImpl.invoke0(Native Method)
	at java.base/jdk.internal.reflect.NativeMethodAccessorImpl.invoke(NativeMethodAccessorImpl.java:62)
	at java.base/jdk.internal.reflect.DelegatingMethodAccessorImpl.invoke(DelegatingMethodAccessorImpl.java:43)
	at java.base/java.lang.reflect.Method.invoke(Method.java:567)
	at org.testng.internal.MethodInvocationHelper.invokeMethod(MethodInvocationHelper.java:108)
	at org.testng.internal.Invoker.invokeMethod(Invoker.java:661)
	at org.testng.internal.Invoker.invokeTestMethod(Invoker.java:869)
	at org.testng.internal.Invoker.invokeTestMethods(Invoker.java:1193)
	at org.testng.internal.TestMethodWorker.invokeTestMethods(TestMethodWorker.java:126)
	at org.testng.internal.TestMethodWorker.run(TestMethodWorker.java:109)
	at org.testng.TestRunner.privateRun(TestRunner.java:744)
	at org.testng.TestRunner.run(TestRunner.java:602)
	at org.testng.SuiteRunner.runTest(SuiteRunner.java:380)
	at org.testng.SuiteRunner.runSequentially(SuiteRunner.java:375)
	at org.testng.SuiteRunner.privateRun(SuiteRunner.java:340)
	at org.testng.SuiteRunner.run(SuiteRunner.java:289)
	at org.testng.SuiteRunnerWorker.runSuite(SuiteRunnerWorker.java:52)
	at org.testng.SuiteRunnerWorker.run(SuiteRunnerWorker.java:86)
	at org.testng.TestNG.runSuitesSequentially(TestNG.java:1301)
	at org.testng.TestNG.runSuitesLocally(TestNG.java:1226)
	at org.testng.TestNG.runSuites(TestNG.java:1144)
	at org.testng.TestNG.run(TestNG.java:1115)
	at org.testng.remote.AbstractRemoteTestNG.run(AbstractRemoteTestNG.java:115)
	at org.testng.remote.RemoteTestNG.initAndRun(RemoteTestNG.java:251)
	at org.testng.remote.RemoteTestNG.main(RemoteTestNG.java:77)
]]>
            </full-stacktrace>
          </exception> <!-- org.openqa.selenium.TimeoutException -->
          <reporter-output>
          </reporter-output>
        </test-method> <!-- arendenAndFelanmalanPageTest -->
        <test-method signature="minBostadTabTest()[pri:14, instance:com.mitthsb.qa.testcases.HomePageTest@66498326]" started-at="2019-10-18T10:58:35Z" name="minBostadTabTest" finished-at="2019-10-18T10:58:48Z" duration-ms="12812" status="FAIL">
          <exception class="org.openqa.selenium.TimeoutException">
            <message>
              <![CDATA[Expected condition failed: waiting for visibility of element located by By.xpath: //iframe[@id='iFrameResizer0'] (tried for 10 second(s) with 500 milliseconds interval)
Build info: version: '3.14.0', revision: 'aacccce0', time: '2018-08-02T20:19:58.91Z'
System info: host: 'LNOR070828', ip: '10.225.99.137', os.name: 'Windows 10', os.arch: 'amd64', os.version: '10.0', java.version: '13'
Driver info: org.openqa.selenium.support.events.EventFiringWebDriver
Capabilities {acceptInsecureCerts: false, browserName: chrome, browserVersion: 77.0.3865.90, chrome: {chromedriverVersion: 76.0.3809.126 (d80a294506b4..., userDataDir: C:\Users\pperla\AppData\Loc...}, goog:chromeOptions: {debuggerAddress: localhost:2918}, javascriptEnabled: true, networkConnectionEnabled: false, pageLoadStrategy: normal, platform: XP, platformName: XP, proxy: Proxy(), setWindowRect: true, strictFileInteractability: false, timeouts: {implicit: 0, pageLoad: 300000, script: 30000}, unhandledPromptBehavior: dismiss and notify}
Session ID: 25cae6db2656fc22b4d849b36c9a8e68]]>
            </message>
            <full-stacktrace>
              <![CDATA[org.openqa.selenium.TimeoutException: Expected condition failed: waiting for visibility of element located by By.xpath: //iframe[@id='iFrameResizer0'] (tried for 10 second(s) with 500 milliseconds interval)
Build info: version: '3.14.0', revision: 'aacccce0', time: '2018-08-02T20:19:58.91Z'
System info: host: 'LNOR070828', ip: '10.225.99.137', os.name: 'Windows 10', os.arch: 'amd64', os.version: '10.0', java.version: '13'
Driver info: org.openqa.selenium.support.events.EventFiringWebDriver
Capabilities {acceptInsecureCerts: false, browserName: chrome, browserVersion: 77.0.3865.90, chrome: {chromedriverVersion: 76.0.3809.126 (d80a294506b4..., userDataDir: C:\Users\pperla\AppData\Loc...}, goog:chromeOptions: {debuggerAddress: localhost:2918}, javascriptEnabled: true, networkConnectionEnabled: false, pageLoadStrategy: normal, platform: XP, platformName: XP, proxy: Proxy(), setWindowRect: true, strictFileInteractability: false, timeouts: {implicit: 0, pageLoad: 300000, script: 30000}, unhandledPromptBehavior: dismiss and notify}
Session ID: 25cae6db2656fc22b4d849b36c9a8e68
	at org.openqa.selenium.support.ui.WebDriverWait.timeoutException(WebDriverWait.java:113)
	at org.openqa.selenium.support.ui.FluentWait.until(FluentWait.java:283)
	at com.mitthsb.qa.pages.MinaSidorPage.MinBostadTab(MinaSidorPage.java:95)
	at com.mitthsb.qa.testcases.HomePageTest.minBostadTabTest(HomePageTest.java:202)
	at java.base/jdk.internal.reflect.NativeMethodAccessorImpl.invoke0(Native Method)
	at java.base/jdk.internal.reflect.NativeMethodAccessorImpl.invoke(NativeMethodAccessorImpl.java:62)
	at java.base/jdk.internal.reflect.DelegatingMethodAccessorImpl.invoke(DelegatingMethodAccessorImpl.java:43)
	at java.base/java.lang.reflect.Method.invoke(Method.java:567)
	at org.testng.internal.MethodInvocationHelper.invokeMethod(MethodInvocationHelper.java:108)
	at org.testng.internal.Invoker.invokeMethod(Invoker.java:661)
	at org.testng.internal.Invoker.invokeTestMethod(Invoker.java:869)
	at org.testng.internal.Invoker.invokeTestMethods(Invoker.java:1193)
	at org.testng.internal.TestMethodWorker.invokeTestMethods(TestMethodWorker.java:126)
	at org.testng.internal.TestMethodWorker.run(TestMethodWorker.java:109)
	at org.testng.TestRunner.privateRun(TestRunner.java:744)
	at org.testng.TestRunner.run(TestRunner.java:602)
	at org.testng.SuiteRunner.runTest(SuiteRunner.java:380)
	at org.testng.SuiteRunner.runSequentially(SuiteRunner.java:375)
	at org.testng.SuiteRunner.privateRun(SuiteRunner.java:340)
	at org.testng.SuiteRunner.run(SuiteRunner.java:289)
	at org.testng.SuiteRunnerWorker.runSuite(SuiteRunnerWorker.java:52)
	at org.testng.SuiteRunnerWorker.run(SuiteRunnerWorker.java:86)
	at org.testng.TestNG.runSuitesSequentially(TestNG.java:1301)
	at org.testng.TestNG.runSuitesLocally(TestNG.java:1226)
	at org.testng.TestNG.runSuites(TestNG.java:1144)
	at org.testng.TestNG.run(TestNG.java:1115)
	at org.testng.remote.AbstractRemoteTestNG.run(AbstractRemoteTestNG.java:115)
	at org.testng.remote.RemoteTestNG.initAndRun(RemoteTestNG.java:251)
	at org.testng.remote.RemoteTestNG.main(RemoteTestNG.java:77)
]]>
            </full-stacktrace>
          </exception> <!-- org.openqa.selenium.TimeoutException -->
          <reporter-output>
          </reporter-output>
        </test-method> <!-- minBostadTabTest -->
        <test-method signature="bosparTabTest()[pri:15, instance:com.mitthsb.qa.testcases.HomePageTest@66498326]" started-at="2019-10-18T10:58:48Z" name="bosparTabTest" finished-at="2019-10-18T10:58:51Z" duration-ms="2687" status="PASS">
          <reporter-output>
          </reporter-output>
        </test-method> <!-- bosparTabTest -->
        <test-method signature="medlemskapetTabTest()[pri:16, instance:com.mitthsb.qa.testcases.HomePageTest@66498326]" started-at="2019-10-18T10:58:51Z" name="medlemskapetTabTest" finished-at="2019-10-18T10:58:53Z" duration-ms="2143" status="PASS">
          <reporter-output>
          </reporter-output>
        </test-method> <!-- medlemskapetTabTest -->
        <test-method signature="sokBostadTabTest()[pri:17, instance:com.mitthsb.qa.testcases.HomePageTest@66498326]" started-at="2019-10-18T10:58:53Z" name="sokBostadTabTest" finished-at="2019-10-18T10:58:57Z" duration-ms="4387" status="PASS">
          <reporter-output>
          </reporter-output>
        </test-method> <!-- sokBostadTabTest -->
        <test-method signature="minProfilTabTest()[pri:18, instance:com.mitthsb.qa.testcases.HomePageTest@66498326]" started-at="2019-10-18T10:58:57Z" name="minProfilTabTest" finished-at="2019-10-18T10:59:00Z" duration-ms="2817" status="PASS">
          <reporter-output>
          </reporter-output>
        </test-method> <!-- minProfilTabTest -->
        <test-method is-config="true" signature="tearDown()[pri:0, instance:com.mitthsb.qa.testcases.HomePageTest@66498326]" started-at="2019-10-18T10:59:00Z" name="tearDown" finished-at="2019-10-18T10:59:01Z" duration-ms="860" status="PASS">
          <reporter-output>
          </reporter-output>
        </test-method> <!-- tearDown -->
      </class> <!-- com.mitthsb.qa.testcases.HomePageTest -->
    </test> <!-- Default test -->
  </suite> <!-- Default suite -->
</testng-results>
