<?xml version="1.0" encoding="UTF-8"?>
<!-- Generated by org.testng.reporters.JUnitXMLReporter -->
<testsuite hostname="LNOR070828" ignored="21" name="MittHSBRegressionTests" tests="2" failures="0" timestamp="07 nov 2019 14:05:02 GMT" time="102.946" errors="0">
  <testcase name="goTillKalenderAndCreateKalenderEvent" time="19.516" classname="com.mitthsb.qa.testcases.MinaSidorPageTest"/>
  <testcase name="deleteKalenderHandelseMinaSidorPage" time="37.302" classname="com.mitthsb.qa.testcases.MinaSidorPageTest"/>
  <testcase name="clickSokBostadTabTest" time="0.0" classname="com.mitthsb.qa.testcases.MinaSidorPageTest">
    <ignored/>
  </testcase> <!-- clickSokBostadTabTest -->
  <testcase name="minaSidorTitleTest" time="0.0" classname="com.mitthsb.qa.testcases.MinaSidorPageTest">
    <ignored/>
  </testcase> <!-- minaSidorTitleTest -->
  <testcase name="medelemskapTabDisplayTest" time="0.0" classname="com.mitthsb.qa.testcases.MinaSidorPageTest">
    <ignored/>
  </testcase> <!-- medelemskapTabDisplayTest -->
  <testcase name="minaUppgifterGenvagarLinkTest" time="0.0" classname="com.mitthsb.qa.testcases.MinaSidorPageTest">
    <ignored/>
  </testcase> <!-- minaUppgifterGenvagarLinkTest -->
  <testcase name="clickMedlemskapTabTest" time="0.0" classname="com.mitthsb.qa.testcases.MinaSidorPageTest">
    <ignored/>
  </testcase> <!-- clickMedlemskapTabTest -->
  <testcase name="brfLandingTabDisplayTest" time="0.0" classname="com.mitthsb.qa.testcases.MinaSidorPageTest">
    <ignored/>
  </testcase> <!-- brfLandingTabDisplayTest -->
  <testcase name="minBostadTabDisplayTest" time="0.0" classname="com.mitthsb.qa.testcases.MinaSidorPageTest">
    <ignored/>
  </testcase> <!-- minBostadTabDisplayTest -->
  <testcase name="nyheterArticleTest" time="0.0" classname="com.mitthsb.qa.testcases.MinaSidorPageTest">
    <ignored/>
  </testcase> <!-- nyheterArticleTest -->
  <testcase name="minaHandelseFrameDisplayTest" time="0.0" classname="com.mitthsb.qa.testcases.MinaSidorPageTest">
    <ignored/>
  </testcase> <!-- minaHandelseFrameDisplayTest -->
  <testcase name="sokBostadTabDisplayTest" time="0.0" classname="com.mitthsb.qa.testcases.MinaSidorPageTest">
    <ignored/>
  </testcase> <!-- sokBostadTabDisplayTest -->
  <testcase name="seAllaNyheterLinkTestMinaSidorPage" time="0.0" classname="com.mitthsb.qa.testcases.MinaSidorPageTest">
    <ignored/>
  </testcase> <!-- seAllaNyheterLinkTestMinaSidorPage -->
  <testcase name="clickMinProfileTabTest" time="0.0" classname="com.mitthsb.qa.testcases.MinaSidorPageTest">
    <ignored/>
  </testcase> <!-- clickMinProfileTabTest -->
  <testcase name="genvagarLinkMinaSidorTest" time="0.0" classname="com.mitthsb.qa.testcases.MinaSidorPageTest">
    <ignored/>
  </testcase> <!-- genvagarLinkMinaSidorTest -->
  <testcase name="bosparTabDisplayTest" time="0.0" classname="com.mitthsb.qa.testcases.MinaSidorPageTest">
    <ignored/>
  </testcase> <!-- bosparTabDisplayTest -->
  <testcase name="clickBosparTabTest" time="0.0" classname="com.mitthsb.qa.testcases.MinaSidorPageTest">
    <ignored/>
  </testcase> <!-- clickBosparTabTest -->
  <testcase name="minProfileTabDisplayTest" time="0.0" classname="com.mitthsb.qa.testcases.MinaSidorPageTest">
    <ignored/>
  </testcase> <!-- minProfileTabDisplayTest -->
  <testcase name="clickMinBostadTabTest" time="0.0" classname="com.mitthsb.qa.testcases.MinaSidorPageTest">
    <ignored/>
  </testcase> <!-- clickMinBostadTabTest -->
  <testcase name="clickbrfLandingTabTest" time="0.0" classname="com.mitthsb.qa.testcases.MinaSidorPageTest">
    <ignored/>
  </testcase> <!-- clickbrfLandingTabTest -->
  <testcase name="priorityNewsFrameTest" time="0.0" classname="com.mitthsb.qa.testcases.MinaSidorPageTest">
    <ignored/>
  </testcase> <!-- priorityNewsFrameTest -->
  <testcase name="arendenTabDisplayTest" time="0.0" classname="com.mitthsb.qa.testcases.MinaSidorPageTest">
    <ignored/>
  </testcase> <!-- arendenTabDisplayTest -->
  <testcase name="clickArendenTabTest" time="0.0" classname="com.mitthsb.qa.testcases.MinaSidorPageTest">
    <ignored/>
  </testcase> <!-- clickArendenTabTest -->
</testsuite> <!-- MittHSBRegressionTests -->
