<?xml version="1.0" encoding="UTF-8"?>
<!-- Generated by org.testng.reporters.JUnitXMLReporter -->
<testsuite hostname="LNOR070828" ignored="0" name="MittHSBRegressionTests" tests="28" failures="0" timestamp="07 nov 2019 13:55:54 GMT" time="504.907" errors="0">
  <testcase name="@BeforeMethod setUp" time="4.025" classname="com.mitthsb.qa.testcases.HomePageTest">
    <failure type="java.lang.NullPointerException">
      <![CDATA[java.lang.NullPointerException
	at com.mitthsb.qa.util.TestUtil.getRoleResult(TestUtil.java:97)
	at com.mitthsb.qa.pages.HomePage.clickMittUppdragLink(HomePage.java:562)
	at com.mitthsb.qa.testcases.HomePageTest.setUp(HomePageTest.java:84)
	at sun.reflect.GeneratedMethodAccessor29.invoke(Unknown Source)
	at sun.reflect.DelegatingMethodAccessorImpl.invoke(Unknown Source)
	at java.lang.reflect.Method.invoke(Unknown Source)
	at org.testng.internal.MethodInvocationHelper.invokeMethod(MethodInvocationHelper.java:108)
	at org.testng.internal.Invoker.invokeConfigurationMethod(Invoker.java:523)
	at org.testng.internal.Invoker.invokeConfigurations(Invoker.java:224)
	at org.testng.internal.Invoker.invokeMethod(Invoker.java:599)
	at org.testng.internal.Invoker.invokeTestMethod(Invoker.java:869)
	at org.testng.internal.Invoker.invokeTestMethods(Invoker.java:1193)
	at org.testng.internal.TestMethodWorker.invokeTestMethods(TestMethodWorker.java:126)
	at org.testng.internal.TestMethodWorker.run(TestMethodWorker.java:109)
	at org.testng.TestRunner.privateRun(TestRunner.java:744)
	at org.testng.TestRunner.run(TestRunner.java:602)
	at org.testng.SuiteRunner.runTest(SuiteRunner.java:380)
	at org.testng.SuiteRunner.runSequentially(SuiteRunner.java:375)
	at org.testng.SuiteRunner.privateRun(SuiteRunner.java:340)
	at org.testng.SuiteRunner.run(SuiteRunner.java:289)
	at org.testng.SuiteRunnerWorker.runSuite(SuiteRunnerWorker.java:52)
	at org.testng.SuiteRunnerWorker.run(SuiteRunnerWorker.java:86)
	at org.testng.TestNG.runSuitesSequentially(TestNG.java:1301)
	at org.testng.TestNG.runSuitesLocally(TestNG.java:1226)
	at org.testng.TestNG.runSuites(TestNG.java:1144)
	at org.testng.TestNG.run(TestNG.java:1115)
	at org.testng.remote.AbstractRemoteTestNG.run(AbstractRemoteTestNG.java:115)
	at org.testng.remote.RemoteTestNG.initAndRun(RemoteTestNG.java:251)
	at org.testng.remote.RemoteTestNG.main(RemoteTestNG.java:77)
]]>
    </failure>
  </testcase> <!-- @BeforeMethod setUp -->
  <testcase name="EkonomiGenvagarLinkTest" time="38.863" classname="com.mitthsb.qa.testcases.HomePageTest"/>
  <testcase name="brfDisplayTest" time="0.041" classname="com.mitthsb.qa.testcases.HomePageTest"/>
  <testcase name="ekonomiOversiktGraphTest" time="0.019" classname="com.mitthsb.qa.testcases.HomePageTest"/>
  <testcase name="genvagarLinkTest" time="40.677" classname="com.mitthsb.qa.testcases.HomePageTest"/>
  <testcase name="homePageTitleTest" time="0.007" classname="com.mitthsb.qa.testcases.HomePageTest"/>
  <testcase name="hsbLogoTest" time="0.035" classname="com.mitthsb.qa.testcases.HomePageTest"/>
  <testcase name="informationIconLikvidaMedelGraphTest" time="0.101" classname="com.mitthsb.qa.testcases.HomePageTest"/>
  <testcase name="minaSidorlinkTest" time="0.016" classname="com.mitthsb.qa.testcases.HomePageTest"/>
  <testcase name="mittUpdragLinkTest" time="0.012" classname="com.mitthsb.qa.testcases.HomePageTest"/>
  <testcase name="nyheterArticleTest" time="1.938" classname="com.mitthsb.qa.testcases.HomePageTest"/>
  <testcase name="nyttLinkTest" time="0.034" classname="com.mitthsb.qa.testcases.HomePageTest"/>
  <testcase name="priorityNewsFrameTest" time="0.014" classname="com.mitthsb.qa.testcases.HomePageTest"/>
  <testcase name="seAllaNyheterLinkTest" time="2.267" classname="com.mitthsb.qa.testcases.HomePageTest"/>
  <testcase name="senatste7HandelserFrameTest" time="0.013" classname="com.mitthsb.qa.testcases.HomePageTest"/>
  <testcase name="senatsteAldreHandelserFrameTest" time="0.015" classname="com.mitthsb.qa.testcases.HomePageTest"/>
  <testcase name="stallIDinListaFunctionTest" time="4.241" classname="com.mitthsb.qa.testcases.HomePageTest"/>
  <testcase name="stallIDinListaLinkDisplayTest" time="0.011" classname="com.mitthsb.qa.testcases.HomePageTest"/>
  <testcase name="fakturorDisplayTest" time="0.014" classname="com.mitthsb.qa.testcases.HomePageTest"/>
  <testcase name="goTillKalenderLinkTest" time="2.638" classname="com.mitthsb.qa.testcases.HomePageTest"/>
  <testcase name="adminTabTest" time="2.267" classname="com.mitthsb.qa.testcases.HomePageTest"/>
  <testcase name="dokumentTabTest" time="1.978" classname="com.mitthsb.qa.testcases.HomePageTest"/>
  <testcase name="ekonomiTabTest" time="2.626" classname="com.mitthsb.qa.testcases.HomePageTest"/>
  <testcase name="fastighetenTabTest" time="0.599" classname="com.mitthsb.qa.testcases.HomePageTest"/>
  <testcase name="oversiktTabTest" time="0.0" classname="com.mitthsb.qa.testcases.HomePageTest">
    <skipped/>
  </testcase> <!-- oversiktTabTest -->
  <testcase name="adminPageTitleTest" time="4.12" classname="com.mitthsb.qa.testcases.AdministrationPageTest"/>
  <testcase name="skapaKalenderTest" time="17.269" classname="com.mitthsb.qa.testcases.AdministrationPageTest"/>
  <testcase name="displayKalenderEventHomePageTest" time="3.998" classname="com.mitthsb.qa.testcases.AdministrationPageTest"/>
  <testcase name="deleteKalenderTest" time="36.773" classname="com.mitthsb.qa.testcases.AdministrationPageTest"/>
</testsuite> <!-- MittHSBRegressionTests -->
