<?xml version="1.0" encoding="UTF-8"?>
<!-- Generated by org.testng.reporters.JUnitXMLReporter -->
<testsuite hostname="LNOR070828" ignored="47" name="MittHSBSmokeTests" tests="21" failures="0" timestamp="07 nov 2019 14:02:23 GMT" time="268.774" errors="0">
  <testcase name="ekonomiPageTitleTest" time="0.048" classname="com.mitthsb.qa.testcases.EkonomiPageTest"/>
  <testcase name="validateAllaFakturorListItemTest" time="0.018" classname="com.mitthsb.qa.testcases.EkonomiPageTest"/>
  <testcase name="validateFinansiellaRapportListItemTest" time="0.019" classname="com.mitthsb.qa.testcases.EkonomiPageTest"/>
  <testcase name="brfDisplayTest" time="0.041" classname="com.mitthsb.qa.testcases.HomePageTest"/>
  <testcase name="homePageTitleTest" time="0.01" classname="com.mitthsb.qa.testcases.HomePageTest"/>
  <testcase name="hsbLogoTest" time="0.03" classname="com.mitthsb.qa.testcases.HomePageTest"/>
  <testcase name="minaSidorlinkTest" time="0.016" classname="com.mitthsb.qa.testcases.HomePageTest"/>
  <testcase name="mittUpdragLinkTest" time="0.009" classname="com.mitthsb.qa.testcases.HomePageTest"/>
  <testcase name="nyttLinkTest" time="0.035" classname="com.mitthsb.qa.testcases.HomePageTest"/>
  <testcase name="adminTabTest" time="2.824" classname="com.mitthsb.qa.testcases.HomePageTest"/>
  <testcase name="dokumentTabTest" time="0.77" classname="com.mitthsb.qa.testcases.HomePageTest"/>
  <testcase name="ekonomiTabTest" time="3.249" classname="com.mitthsb.qa.testcases.HomePageTest"/>
  <testcase name="fastighetenTabTest" time="0.604" classname="com.mitthsb.qa.testcases.HomePageTest"/>
  <testcase name="arendenTabDisplayTest" time="0.043" classname="com.mitthsb.qa.testcases.MinaSidorPageTest"/>
  <testcase name="bosparTabDisplayTest" time="0.131" classname="com.mitthsb.qa.testcases.MinaSidorPageTest"/>
  <testcase name="brfLandingTabDisplayTest" time="0.105" classname="com.mitthsb.qa.testcases.MinaSidorPageTest"/>
  <testcase name="medelemskapTabDisplayTest" time="0.095" classname="com.mitthsb.qa.testcases.MinaSidorPageTest"/>
  <testcase name="minBostadTabDisplayTest" time="0.139" classname="com.mitthsb.qa.testcases.MinaSidorPageTest"/>
  <testcase name="minProfileTabDisplayTest" time="0.092" classname="com.mitthsb.qa.testcases.MinaSidorPageTest"/>
  <testcase name="minaSidorTitleTest" time="0.008" classname="com.mitthsb.qa.testcases.MinaSidorPageTest"/>
  <testcase name="sokBostadTabDisplayTest" time="0.042" classname="com.mitthsb.qa.testcases.MinaSidorPageTest"/>
  <testcase name="clickSokBostadTabTest" time="0.0" classname="com.mitthsb.qa.testcases.MinaSidorPageTest">
    <ignored/>
  </testcase> <!-- clickSokBostadTabTest -->
  <testcase name="validatesaldoRapportTest" time="0.0" classname="com.mitthsb.qa.testcases.EkonomiPageTest">
    <ignored/>
  </testcase> <!-- validatesaldoRapportTest -->
  <testcase name="priorityNewsFrameTest" time="0.0" classname="com.mitthsb.qa.testcases.HomePageTest">
    <ignored/>
  </testcase> <!-- priorityNewsFrameTest -->
  <testcase name="InformationIconDisponiBeltGraphTest" time="0.0" classname="com.mitthsb.qa.testcases.EkonomiPageTest">
    <ignored/>
  </testcase> <!-- InformationIconDisponiBeltGraphTest -->
  <testcase name="stallIDinListaLinkDisplayTest" time="0.0" classname="com.mitthsb.qa.testcases.HomePageTest">
    <ignored/>
  </testcase> <!-- stallIDinListaLinkDisplayTest -->
  <testcase name="deleteKalenderTest" time="0.0" classname="com.mitthsb.qa.testcases.AdministrationPageTest">
    <ignored/>
  </testcase> <!-- deleteKalenderTest -->
  <testcase name="clickMedlemskapTabTest" time="0.0" classname="com.mitthsb.qa.testcases.MinaSidorPageTest">
    <ignored/>
  </testcase> <!-- clickMedlemskapTabTest -->
  <testcase name="clicksaldoRapportGenvagarTest" time="0.0" classname="com.mitthsb.qa.testcases.EkonomiPageTest">
    <ignored/>
  </testcase> <!-- clicksaldoRapportGenvagarTest -->
  <testcase name="genvagarLinkTest" time="0.0" classname="com.mitthsb.qa.testcases.HomePageTest">
    <ignored/>
  </testcase> <!-- genvagarLinkTest -->
  <testcase name="goTillKalenderAndCreateKalenderEvent" time="0.0" classname="com.mitthsb.qa.testcases.MinaSidorPageTest">
    <ignored/>
  </testcase> <!-- goTillKalenderAndCreateKalenderEvent -->
  <testcase name="InformationIconCashFlowGraphTest" time="0.0" classname="com.mitthsb.qa.testcases.EkonomiPageTest">
    <ignored/>
  </testcase> <!-- InformationIconCashFlowGraphTest -->
  <testcase name="InformationIconLikvidaMedelGraphTest" time="0.0" classname="com.mitthsb.qa.testcases.EkonomiPageTest">
    <ignored/>
  </testcase> <!-- InformationIconLikvidaMedelGraphTest -->
  <testcase name="reportGenvagarDisplayTest" time="0.0" classname="com.mitthsb.qa.testcases.EkonomiPageTest">
    <ignored/>
  </testcase> <!-- reportGenvagarDisplayTest -->
  <testcase name="accountsReceivablesGraphEkonomiPageTest" time="0.0" classname="com.mitthsb.qa.testcases.EkonomiPageTest">
    <ignored/>
  </testcase> <!-- accountsReceivablesGraphEkonomiPageTest -->
  <testcase name="seAllaNyheterLinkTest" time="0.0" classname="com.mitthsb.qa.testcases.HomePageTest">
    <ignored/>
  </testcase> <!-- seAllaNyheterLinkTest -->
  <testcase name="InformationIconRapportGenvagarFrameTest" time="0.0" classname="com.mitthsb.qa.testcases.EkonomiPageTest">
    <ignored/>
  </testcase> <!-- InformationIconRapportGenvagarFrameTest -->
  <testcase name="informationIconLikvidaMedelGraphTest" time="0.0" classname="com.mitthsb.qa.testcases.HomePageTest">
    <ignored/>
  </testcase> <!-- informationIconLikvidaMedelGraphTest -->
  <testcase name="minaHandelseFrameDisplayTest" time="0.0" classname="com.mitthsb.qa.testcases.MinaSidorPageTest">
    <ignored/>
  </testcase> <!-- minaHandelseFrameDisplayTest -->
  <testcase name="EkonomiGenvagarLinkTest" time="0.0" classname="com.mitthsb.qa.testcases.HomePageTest">
    <ignored/>
  </testcase> <!-- EkonomiGenvagarLinkTest -->
  <testcase name="seAllaNyheterLinkTestMinaSidorPage" time="0.0" classname="com.mitthsb.qa.testcases.MinaSidorPageTest">
    <ignored/>
  </testcase> <!-- seAllaNyheterLinkTestMinaSidorPage -->
  <testcase name="goTillKalenderLinkTest" time="0.0" classname="com.mitthsb.qa.testcases.HomePageTest">
    <ignored/>
  </testcase> <!-- goTillKalenderLinkTest -->
  <testcase name="genvagarLinkMinaSidorTest" time="0.0" classname="com.mitthsb.qa.testcases.MinaSidorPageTest">
    <ignored/>
  </testcase> <!-- genvagarLinkMinaSidorTest -->
  <testcase name="ekonomiOversiktGraphTest" time="0.0" classname="com.mitthsb.qa.testcases.HomePageTest">
    <ignored/>
  </testcase> <!-- ekonomiOversiktGraphTest -->
  <testcase name="deleteKalenderHandelseMinaSidorPage" time="0.0" classname="com.mitthsb.qa.testcases.MinaSidorPageTest">
    <ignored/>
  </testcase> <!-- deleteKalenderHandelseMinaSidorPage -->
  <testcase name="clickBosparTabTest" time="0.0" classname="com.mitthsb.qa.testcases.MinaSidorPageTest">
    <ignored/>
  </testcase> <!-- clickBosparTabTest -->
  <testcase name="saldoRapportLinkTest" time="0.0" classname="com.mitthsb.qa.testcases.EkonomiPageTest">
    <ignored/>
  </testcase> <!-- saldoRapportLinkTest -->
  <testcase name="adminPageTitleTest" time="0.0" classname="com.mitthsb.qa.testcases.AdministrationPageTest">
    <ignored/>
  </testcase> <!-- adminPageTitleTest -->
  <testcase name="skapaKalenderTest" time="0.0" classname="com.mitthsb.qa.testcases.AdministrationPageTest">
    <ignored/>
  </testcase> <!-- skapaKalenderTest -->
  <testcase name="nyheterArticleTest" time="0.0" classname="com.mitthsb.qa.testcases.HomePageTest">
    <ignored/>
  </testcase> <!-- nyheterArticleTest -->
  <testcase name="clickArendenTabTest" time="0.0" classname="com.mitthsb.qa.testcases.MinaSidorPageTest">
    <ignored/>
  </testcase> <!-- clickArendenTabTest -->
  <testcase name="clickDigitalWebFakturaButtonTest" time="0.0" classname="com.mitthsb.qa.testcases.EkonomiPageTest">
    <ignored/>
  </testcase> <!-- clickDigitalWebFakturaButtonTest -->
  <testcase name="cashFlowGraphEkonomiPageTest" time="0.0" classname="com.mitthsb.qa.testcases.EkonomiPageTest">
    <ignored/>
  </testcase> <!-- cashFlowGraphEkonomiPageTest -->
  <testcase name="disponibelGraphEkonomiPageTest" time="0.0" classname="com.mitthsb.qa.testcases.EkonomiPageTest">
    <ignored/>
  </testcase> <!-- disponibelGraphEkonomiPageTest -->
  <testcase name="displayKalenderEventHomePageTest" time="0.0" classname="com.mitthsb.qa.testcases.AdministrationPageTest">
    <ignored/>
  </testcase> <!-- displayKalenderEventHomePageTest -->
  <testcase name="minaUppgifterGenvagarLinkTest" time="0.0" classname="com.mitthsb.qa.testcases.MinaSidorPageTest">
    <ignored/>
  </testcase> <!-- minaUppgifterGenvagarLinkTest -->
  <testcase name="senatste7HandelserFrameTest" time="0.0" classname="com.mitthsb.qa.testcases.HomePageTest">
    <ignored/>
  </testcase> <!-- senatste7HandelserFrameTest -->
  <testcase name="nyheterArticleTest" time="0.0" classname="com.mitthsb.qa.testcases.MinaSidorPageTest">
    <ignored/>
  </testcase> <!-- nyheterArticleTest -->
  <testcase name="allaFakturorListItemTest" time="0.0" classname="com.mitthsb.qa.testcases.EkonomiPageTest">
    <ignored/>
  </testcase> <!-- allaFakturorListItemTest -->
  <testcase name="senatsteAldreHandelserFrameTest" time="0.0" classname="com.mitthsb.qa.testcases.HomePageTest">
    <ignored/>
  </testcase> <!-- senatsteAldreHandelserFrameTest -->
  <testcase name="likvidaMedelGraphEkonomiPageTest" time="0.0" classname="com.mitthsb.qa.testcases.EkonomiPageTest">
    <ignored/>
  </testcase> <!-- likvidaMedelGraphEkonomiPageTest -->
  <testcase name="fakturorDisplayTest" time="0.0" classname="com.mitthsb.qa.testcases.HomePageTest">
    <ignored/>
  </testcase> <!-- fakturorDisplayTest -->
  <testcase name="stallIDinListaFunctionTest" time="0.0" classname="com.mitthsb.qa.testcases.HomePageTest">
    <ignored/>
  </testcase> <!-- stallIDinListaFunctionTest -->
  <testcase name="clickMinProfileTabTest" time="0.0" classname="com.mitthsb.qa.testcases.MinaSidorPageTest">
    <ignored/>
  </testcase> <!-- clickMinProfileTabTest -->
  <testcase name="finansiellaRapporterTest" time="0.0" classname="com.mitthsb.qa.testcases.EkonomiPageTest">
    <ignored/>
  </testcase> <!-- finansiellaRapporterTest -->
  <testcase name="clickMinBostadTabTest" time="0.0" classname="com.mitthsb.qa.testcases.MinaSidorPageTest">
    <ignored/>
  </testcase> <!-- clickMinBostadTabTest -->
  <testcase name="clickbrfLandingTabTest" time="0.0" classname="com.mitthsb.qa.testcases.MinaSidorPageTest">
    <ignored/>
  </testcase> <!-- clickbrfLandingTabTest -->
  <testcase name="priorityNewsFrameTest" time="0.0" classname="com.mitthsb.qa.testcases.MinaSidorPageTest">
    <ignored/>
  </testcase> <!-- priorityNewsFrameTest -->
</testsuite> <!-- MittHSBSmokeTests -->
